​ [react-ga] called ga('send', 'pageview', path);
​ [react-ga] with path: /
​ ## CLEARED SEARCH
​ ## CLEARED SEARCH
​ [WDS] Live Reloading enabled.
​ ## SEARCH {"tags":[],"results":{"autocomplete":["operator_add","operator_and","answer","askandwait"],"suggestion":["motion_gotoxy","motion_glidesecstoxy","motion_changexby","control_start_as_clone"]}}
​ ## CLEARED SEARCH
​ ## SEARCH {"tags":[],"results":{"autocomplete":[],"suggestion":["motion_gotoxy","motion_glidesecstoxy","motion_changexby"]}}
​ ## SEARCH {"tags":[],"results":{"autocomplete":[],"suggestion":["event_whenthisspriteclicked","event_broadcast","event_broadcastandwait","control_start_as_clone","sensing_coloristouchingcolor","sensing_distanceto","askandwait"]}}
​ ## SEARCH {"tags":[],"results":{"autocomplete":[],"suggestion":["askandwait","motion_setx","motion_sety","motion_setrotationstyle","looks_setsizeto","looks_seteffectto","sound_seteffectto","sound_setvolumeto","event_whenthisspriteclicked","event_broadcast","event_broadcastandwait","control_start_as_clone","sensing_coloristouchingcolor","sensing_distanceto","sensing_setdragmode","sensing_resettimer","operator_not"]}}
​ ## SEARCH {"tags":[],"results":{"autocomplete":[],"suggestion":["(CBwD%pQF2BIso^r,a+f_sound_play","control_start_as_clone"]}}
​ ## SEARCH {"tags":[],"results":{"autocomplete":[],"suggestion":["(CBwD%pQF2BIso^r,a+f_sound_play","control_start_as_clone"]}}
​ ## SEARCH {"tags":["#start"],"results":{"tag":["event_whenflagclicked","event_whenkeypressed","event_whenstageclicked","event_whenthisspriteclicked","event_whenbackdropswitchesto","event_whengreaterthan","event_whenbroadcastreceived","event_broadcastandwait","control_start_as_clone"]}}
​ ## {"id":"event_whenflagclicked","time":1650208553422}
​ Trying to cancel a gesture recursively.
​ ## {"id":"event_whenkeypressed","time":1650208556027}
​ ## {"id":"event_whenkeypressed","time":1650208557458}
​ ## {"id":"event_whenkeypressed","time":1650208558672}
​ ## CLEARED SEARCH
​ ## SEARCH {"tags":[],"results":{"autocomplete":["looks_say","looks_show","(CBwD%pQF2BIso^r,a+f_size","control_stop","motion_setx","motion_sety","operator_subtract","looks_setsizeto","(CBwD%pQF2BIso^r,a+f_sound_play","looks_seteffectto","sound_seteffectto","sound_setvolumeto","sensing_setdragmode","looks_sayforsecs","sound_stopallsounds","(CBwD%pQF2BIso^r,a+f_switchcostumeto","motion_setrotationstyle","looks_switchbackdropto","looks_switchbackdropto","looks_switchbackdroptoandwait"],"suggestion":["control_start_as_clone","motion_gotoxy","motion_glidesecstoxy","motion_changexby","event_whenthisspriteclicked","event_broadcast","event_broadcastandwait","sensing_coloristouchingcolor","sensing_distanceto","askandwait"]}}
​ ## SEARCH {"tags":[],"results":{"autocomplete":[],"suggestion":["motion_goto","motion_gotoxy","looks_gotofrontback","control_if","control_if_else"]}}
​ ## SEARCH {"tags":[],"results":{"autocomplete":[],"suggestion":["looks_sayforsecs","looks_thinkforsecs","sound_stopallsounds"]}}
​ ## SEARCH {"tags":[],"results":{"autocomplete":[],"suggestion":["(CBwD%pQF2BIso^r,a+f_sound_playuntildone","sound_stopallsounds","(CBwD%pQF2BIso^r,a+f_sound_play","sound_cleareffects"]}}
​ ## SEARCH {"tags":[],"results":{"autocomplete":[],"suggestion":["sound_stopallsounds","(CBwD%pQF2BIso^r,a+f_sound_playuntildone","(CBwD%pQF2BIso^r,a+f_sound_play","sound_cleareffects"]}}
​ ## SEARCH {"tags":["#sound"],"results":{"tag":["(CBwD%pQF2BIso^r,a+f_sound_playuntildone","(CBwD%pQF2BIso^r,a+f_sound_play","sound_stopallsounds","sound_changeeffectby","sound_seteffectto","sound_cleareffects","sound_changevolumeby","sound_setvolumeto","(CBwD%pQF2BIso^r,a+f_volume"]}}
​ ## {"id":"sound_seteffectto","time":1650208598852}
​ ## {"id":"sound_seteffectto","time":1650208600332}
​ ## {"id":"sound_seteffectto","time":1650208601846}
​ ## {"id":"(CBwD%pQF2BIso^r,a+f_sound_playuntildone","time":1650208603941}
​ ## {"id":"(CBwD%pQF2BIso^r,a+f_sound_playuntildone","time":1650208605654}
​ ## {"id":"(CBwD%pQF2BIso^r,a+f_sound_playuntildone","time":1650208607134}
​ ## CLEARED SEARCH
​ Trying to cancel a gesture recursively.
​ Trying to cancel a gesture recursively.
​ Trying to cancel a gesture recursively.
​ ## CLEARED SEARCH
​ ## SEARCH {"tags":[],"results":{"autocomplete":["sensing_keypressed"],"suggestion":["motion_gotoxy","motion_glidesecstoxy","motion_changexby"]}}
​ ## SEARCH {"tags":[],"results":{"autocomplete":["sensing_keypressed"],"suggestion":["event_whenkeypressed"]}}
​ ## SEARCH {"tags":[],"results":{"autocomplete":["sensing_keypressed"],"suggestion":["event_whenkeypressed","motion_changexby","motion_changeyby","motion_sety","motion_setrotationstyle","looks_sayforsecs","looks_say","looks_changesizeby","looks_changeeffectby","sound_changeeffectby","sound_changevolumeby"]}}
​ ## {"id":"event_whenkeypressed","time":1650208803331}
​ ## {"id":"event_whenkeypressed","time":1650208804278}
​ ## SEARCH {"tags":[],"results":{"autocomplete":["operator_round","control_repeat","sensing_resettimer","repeat_until"],"suggestion":["looks_sayforsecs","looks_thinkforsecs","forever"]}}
​ ## SEARCH {"tags":[],"results":{"autocomplete":["control_repeat","repeat_until"],"suggestion":["motion_setx","motion_sety","motion_setrotationstyle","looks_setsizeto","looks_seteffectto","sound_seteffectto","sound_setvolumeto","event_whenkeypressed","sensing_keypressed","sensing_setdragmode","sensing_resettimer"]}}
​ ## SEARCH {"tags":[],"results":{"autocomplete":["control_repeat","repeat_until"],"suggestion":["sensing_resettimer"]}}
​ ## SEARCH {"tags":[],"results":{"autocomplete":["control_repeat","repeat_until"],"suggestion":["sensing_resettimer"]}}
​ ## {"id":"repeat_until","time":1650208832883}
​ ## {"id":"repeat_until","time":1650208835346}
​ ## SEARCH {"tags":[],"results":{"autocomplete":["sensing_keypressed"],"suggestion":["motion_gotoxy","motion_glidesecstoxy","motion_changexby"]}}
​ ## SEARCH {"tags":[],"results":{"autocomplete":["sensing_keypressed"],"suggestion":["event_whenkeypressed"]}}
​ ## SEARCH {"tags":[],"results":{"autocomplete":["sensing_keypressed"],"suggestion":["event_whenkeypressed","motion_changexby","motion_changeyby","motion_sety","motion_setrotationstyle","looks_sayforsecs","looks_say","looks_changesizeby","looks_changeeffectby","sound_changeeffectby","sound_changevolumeby"]}}
​ ## {"id":"sensing_keypressed","time":1650208840583}
​ ## {"id":"sensing_keypressed","time":1650208842379}
​ ## SEARCH {"tags":[],"results":{"autocomplete":["operator_not","looks_nextcostume","looks_nextbackdrop","looks_nextbackdrop"],"suggestion":["motion_pointindirection","looks_thinkforsecs","operator_contains"]}}
​ ## SEARCH {"tags":[],"results":{"autocomplete":["operator_not"],"suggestion":["motion_goto","motion_gotoxy","looks_gotofrontback"]}}
​ ## SEARCH {"tags":[],"results":{"autocomplete":["operator_not"],"suggestion":["motion_setx","motion_sety","motion_setrotationstyle","looks_sayforsecs","looks_thinkforsecs","looks_setsizeto","looks_seteffectto","sound_seteffectto","sound_setvolumeto","sensing_setdragmode"]}}
​ ## {"id":"operator_not","time":1650208853223}
​ ## {"id":"operator_not","time":1650208855984}
​ ## SEARCH {"tags":[],"results":{"autocomplete":["operator_mod","sensing_mousex","sensing_mousey","operator_multiply","motion_movesteps","sensing_mousedown","operator_mathop"],"suggestion":["motion_gotoxy","motion_glidesecstoxy","motion_changexby"]}}
​ ## SEARCH {"tags":[],"results":{"autocomplete":["operator_mod","sensing_mousex","sensing_mousey","motion_movesteps","sensing_mousedown"],"suggestion":["motion_goto","motion_gotoxy","looks_gotofrontback"]}}
​ ## SEARCH {"tags":[],"results":{"autocomplete":["motion_movesteps"],"suggestion":["motion_goto","motion_gotoxy","looks_sayforsecs","looks_thinkforsecs","looks_gotofrontback","sensing_setdragmode"]}}
​ ## {"id":"motion_movesteps","time":1650208861755}
​ ## {"id":"motion_movesteps","time":1650208863218}
​ ## SEARCH {"tags":[],"results":{"autocomplete":["motion_movesteps"],"suggestion":["motion_goto","motion_gotoxy","looks_sayforsecs","looks_thinkforsecs","looks_gotofrontback","sensing_setdragmode"]}}
​ ## SEARCH {"tags":[],"results":{"autocomplete":["motion_goto","looks_goforwardbackwardlayers","motion_gotoxy","looks_gotofrontback","operator_gt","motion_glideto","motion_glidesecstoxy"],"suggestion":["motion_changexby"]}}
​ ## SEARCH {"tags":[],"results":{"autocomplete":["motion_goto","looks_goforwardbackwardlayers","motion_gotoxy","looks_gotofrontback"],"suggestion":[]}}
​ ## SEARCH {"tags":[],"results":{"autocomplete":["backdropnumbername","event_broadcast","event_broadcastandwait"],"suggestion":["motion_changexby","motion_gotoxy","motion_glidesecstoxy","motion_changeyby","looks_changesizeby","looks_changeeffectby","sound_changeeffectby","sound_changevolumeby"]}}
​ ## SEARCH {"tags":[],"results":{"autocomplete":[],"suggestion":["motion_goto","motion_gotoxy","looks_gotofrontback"]}}
​ ## SEARCH {"tags":[],"results":{"autocomplete":[],"suggestion":["looks_sayforsecs","looks_thinkforsecs","motion_goto","motion_gotoxy","looks_gotofrontback","forever","control_create_clone_of","sensing_touchingcolor","sensing_coloristouchingcolor"]}}
​ ## SEARCH {"tags":[],"results":{"autocomplete":[],"suggestion":["motion_ifonedgebounce","/{L!/@~TvVm}GuukdqO)_sound_playuntildone","motion_turnright","motion_turnleft","motion_pointindirection","motion_setrotationstyle","/{L!/@~TvVm}GuukdqO)_xposition","/{L!/@~TvVm}GuukdqO)_yposition","/{L!/@~TvVm}GuukdqO)_direction","looks_sayforsecs","looks_thinkforsecs","/{L!/@~TvVm}GuukdqO)_sound_play","sound_stopallsounds","sound_cleareffects","control_wait","control_start_as_clone","control_create_clone_of","control_delete_this_clone","sensing_mousedown","operator_join","operator_contains","operator_round","operator_mathop"]}}
​ ## SEARCH {"tags":[],"results":{"autocomplete":[],"suggestion":["motion_ifonedgebounce","/{L!/@~TvVm}GuukdqO)_sound_playuntildone","/{L!/@~TvVm}GuukdqO)_sound_play","sound_stopallsounds","sound_cleareffects","operator_round"]}}
​ ## SEARCH {"tags":[],"results":{"autocomplete":[],"suggestion":["motion_ifonedgebounce"]}}
​ ## {"id":"motion_ifonedgebounce","time":1650208919807}
​ ## SEARCH {"tags":[],"results":{"autocomplete":["looks_say","looks_show","/{L!/@~TvVm}GuukdqO)_size","control_stop","motion_setx","motion_sety","operator_subtract","looks_setsizeto","/{L!/@~TvVm}GuukdqO)_sound_play","looks_seteffectto","sound_seteffectto","sound_setvolumeto","sensing_setdragmode","looks_sayforsecs","sound_stopallsounds","/{L!/@~TvVm}GuukdqO)_switchcostumeto","motion_setrotationstyle","looks_switchbackdropto","looks_switchbackdropto","looks_switchbackdroptoandwait"],"suggestion":["control_start_as_clone","motion_gotoxy","motion_glidesecstoxy","motion_changexby","event_whenthisspriteclicked","event_broadcast","event_broadcastandwait","sensing_coloristouchingcolor","sensing_distanceto","askandwait"]}}
​ ## SEARCH {"tags":[],"results":{"autocomplete":["control_stop","/{L!/@~TvVm}GuukdqO)_sound_play","sound_stopallsounds"],"suggestion":["motion_setx","motion_sety","motion_setrotationstyle","looks_setsizeto","looks_seteffectto","sound_seteffectto","sound_setvolumeto","control_if","control_if_else","sensing_setdragmode","sensing_resettimer"]}}
​ ## SEARCH {"tags":[],"results":{"autocomplete":["/{L!/@~TvVm}GuukdqO)_sound_play"],"suggestion":["motion_setx","motion_sety","looks_setsizeto","looks_seteffectto","sound_stopallsounds","sound_seteffectto","sound_setvolumeto","control_stop"]}}
​ ## SEARCH {"tags":[],"results":{"autocomplete":["/{L!/@~TvVm}GuukdqO)_sound_play"],"suggestion":["control_start_as_clone","looks_sayforsecs","looks_say","sound_stopallsounds","event_whenstageclicked","control_stop","of"]}}
​ ## SEARCH {"tags":[],"results":{"autocomplete":["/{L!/@~TvVm}GuukdqO)_sound_play"],"suggestion":["control_start_as_clone","event_whenstageclicked","of"]}}
​ ## SEARCH {"tags":["#start"],"results":{"tag":["event_whenflagclicked","event_whenkeypressed","event_whenstageclicked","event_whenthisspriteclicked","event_whenbackdropswitchesto","event_whengreaterthan","event_whenbroadcastreceived","event_broadcastandwait","control_start_as_clone"]}}
​ ## {"id":"event_whenflagclicked","time":1650208923955}
​ ## CLEARED SEARCH
​ ## SEARCH {"tags":["#motion"],"results":{"tag":["motion_movesteps","motion_turnright","motion_turnleft","motion_goto","motion_gotoxy","motion_glideto","motion_glidesecstoxy","motion_pointindirection","motion_pointtowards","motion_changexby","motion_setx","motion_changeyby","motion_sety","motion_ifonedgebounce","motion_setrotationstyle","/{L!/@~TvVm}GuukdqO)_xposition","/{L!/@~TvVm}GuukdqO)_yposition","/{L!/@~TvVm}GuukdqO)_direction"]}}
​ ## {"id":"motion_pointindirection","time":1650208950099}
​ ## CLEARED SEARCH
​ ## SEARCH {"tags":[],"results":{"autocomplete":["forever"],"suggestion":["motion_gotoxy","motion_glidesecstoxy","motion_changexby","motion_ifonedgebounce","control_if","control_if_else","control_create_clone_of","of","operator_letter_of","operator_length"]}}
​ ## SEARCH {"tags":[],"results":{"autocomplete":["forever"],"suggestion":["motion_goto","motion_gotoxy","looks_gotofrontback"]}}
​ ## SEARCH {"tags":[],"results":{"autocomplete":["forever"],"suggestion":["looks_sayforsecs","looks_thinkforsecs"]}}
​ ## SEARCH {"tags":[],"results":{"autocomplete":["forever"],"suggestion":["looks_sayforsecs","looks_thinkforsecs"]}}
​ ## {"id":"forever","time":1650208969425}
​ ## SEARCH {"tags":[],"results":{"autocomplete":["operator_mod","sensing_mousex","sensing_mousey","operator_multiply","motion_movesteps","sensing_mousedown","operator_mathop"],"suggestion":["motion_gotoxy","motion_glidesecstoxy","motion_changexby"]}}
​ ## SEARCH {"tags":[],"results":{"autocomplete":["operator_mod","sensing_mousex","sensing_mousey","motion_movesteps","sensing_mousedown"],"suggestion":["motion_goto","motion_gotoxy","looks_gotofrontback"]}}
​ ## {"id":"motion_movesteps","time":1650208977474}
​ ## SEARCH {"tags":[],"results":{"autocomplete":["backdropnumbername","event_broadcast","event_broadcastandwait"],"suggestion":["motion_changexby","motion_gotoxy","motion_glidesecstoxy","motion_changeyby","looks_changesizeby","looks_changeeffectby","sound_changeeffectby","sound_changevolumeby"]}}
​ ## SEARCH {"tags":[],"results":{"autocomplete":[],"suggestion":["motion_goto","motion_gotoxy","looks_gotofrontback"]}}
​ ## SEARCH {"tags":[],"results":{"autocomplete":[],"suggestion":["looks_sayforsecs","looks_thinkforsecs","motion_goto","motion_gotoxy","looks_gotofrontback","forever","control_create_clone_of","sensing_touchingcolor","sensing_coloristouchingcolor"]}}
​ ## SEARCH {"tags":[],"results":{"autocomplete":[],"suggestion":["motion_ifonedgebounce","/{L!/@~TvVm}GuukdqO)_sound_playuntildone","motion_turnright","motion_turnleft","motion_pointindirection","motion_setrotationstyle","/{L!/@~TvVm}GuukdqO)_xposition","/{L!/@~TvVm}GuukdqO)_yposition","/{L!/@~TvVm}GuukdqO)_direction","looks_sayforsecs","looks_thinkforsecs","/{L!/@~TvVm}GuukdqO)_sound_play","sound_stopallsounds","sound_cleareffects","control_wait","control_start_as_clone","control_create_clone_of","control_delete_this_clone","sensing_mousedown","operator_join","operator_contains","operator_round","operator_mathop"]}}
​ ## SEARCH {"tags":[],"results":{"autocomplete":[],"suggestion":["motion_ifonedgebounce","(CBwD%pQF2BIso^r,a+f_sound_playuntildone","motion_turnright","motion_turnleft","motion_pointindirection","motion_setrotationstyle","(CBwD%pQF2BIso^r,a+f_xposition","(CBwD%pQF2BIso^r,a+f_yposition","(CBwD%pQF2BIso^r,a+f_direction","looks_sayforsecs","looks_thinkforsecs","(CBwD%pQF2BIso^r,a+f_sound_play","sound_stopallsounds","sound_cleareffects","control_wait","control_start_as_clone","control_create_clone_of","control_delete_this_clone","sensing_mousedown","operator_join","operator_contains","operator_round","operator_mathop"]}}
​ ## SEARCH {"tags":[],"results":{"autocomplete":[],"suggestion":["motion_ifonedgebounce","/{L!/@~TvVm}GuukdqO)_sound_playuntildone","motion_turnright","motion_turnleft","motion_pointindirection","motion_setrotationstyle","/{L!/@~TvVm}GuukdqO)_xposition","/{L!/@~TvVm}GuukdqO)_yposition","/{L!/@~TvVm}GuukdqO)_direction","looks_sayforsecs","looks_thinkforsecs","/{L!/@~TvVm}GuukdqO)_sound_play","sound_stopallsounds","sound_cleareffects","control_wait","control_start_as_clone","control_create_clone_of","control_delete_this_clone","sensing_mousedown","operator_join","operator_contains","operator_round","operator_mathop"]}}
​ ## SEARCH {"tags":[],"results":{"autocomplete":["/{L!/@~TvVm}GuukdqO)_costumenumbername","current","operator_contains","motion_changexby","motion_changeyby","looks_changesizeby","control_create_clone_of","looks_changeeffectby","sound_changeeffectby","sound_changevolumeby","sound_cleareffects","looks_cleargraphiceffects","sensing_coloristouchingcolor"],"suggestion":["motion_gotoxy","motion_glidesecstoxy"]}}
​ ## SEARCH {"tags":[],"results":{"autocomplete":["/{L!/@~TvVm}GuukdqO)_costumenumbername","operator_contains","sensing_coloristouchingcolor"],"suggestion":["motion_goto","motion_gotoxy","looks_gotofrontback"]}}
​ ## SEARCH {"tags":[],"results":{"autocomplete":["sensing_coloristouchingcolor"],"suggestion":["looks_sayforsecs","looks_thinkforsecs","sensing_touchingcolor"]}}
​ ## SEARCH {"tags":[],"results":{"autocomplete":[],"suggestion":["sound_stopallsounds","sensing_touchingcolor","sensing_coloristouchingcolor","operator_random"]}}
​ ## SEARCH {"tags":[],"results":{"autocomplete":[],"suggestion":["sensing_touchingcolor","sensing_coloristouchingcolor"]}}
​ ## SEARCH {"tags":[],"results":{"autocomplete":[],"suggestion":["sound_stopallsounds","sensing_touchingcolor","sensing_coloristouchingcolor","operator_random"]}}
​ ## SEARCH {"tags":[],"results":{"autocomplete":["sensing_coloristouchingcolor"],"suggestion":["looks_sayforsecs","looks_thinkforsecs","sensing_touchingcolor"]}}
​ ## SEARCH {"tags":[],"results":{"autocomplete":["/{L!/@~TvVm}GuukdqO)_costumenumbername","operator_contains","sensing_coloristouchingcolor"],"suggestion":["motion_goto","motion_gotoxy","looks_gotofrontback"]}}
​ ## SEARCH {"tags":[],"results":{"autocomplete":["/{L!/@~TvVm}GuukdqO)_costumenumbername","current","operator_contains","motion_changexby","motion_changeyby","looks_changesizeby","control_create_clone_of","looks_changeeffectby","sound_changeeffectby","sound_changevolumeby","sound_cleareffects","looks_cleargraphiceffects","sensing_coloristouchingcolor"],"suggestion":["motion_gotoxy","motion_glidesecstoxy"]}}
​ ## CLEARED SEARCH
​ ## SEARCH {"tags":[],"results":{"autocomplete":["looks_think","timer","motion_turnleft","motion_turnright","sensing_touchingcolor","sensing_touchingobject","looks_thinkforsecs"],"suggestion":["motion_gotoxy","motion_glidesecstoxy","motion_setx","motion_sety"]}}
​ ## SEARCH {"tags":[],"results":{"autocomplete":["timer"],"suggestion":["motion_pointtowards","motion_goto","motion_gotoxy","motion_glideto","motion_glidesecstoxy","motion_pointindirection","motion_setx","motion_sety","looks_switchbackdropto","looks_switchbackdroptoandwait","/{L!/@~TvVm}GuukdqO)_switchcostumeto","looks_switchbackdropto","looks_setsizeto","looks_seteffectto","looks_gotofrontback","sound_stopallsounds","sound_seteffectto","sound_setvolumeto","event_whenbackdropswitchesto","control_stop","sensing_touchingobject","sensing_touchingcolor","sensing_coloristouchingcolor","sensing_distanceto","operator_random"]}}
​ ## SEARCH {"tags":[],"results":{"autocomplete":[],"suggestion":["motion_pointtowards","sensing_coloristouchingcolor","motion_pointindirection","event_whenthisspriteclicked","sensing_touchingobject","sensing_touchingcolor","sensing_distanceto"]}}
​ ## SEARCH {"tags":[],"results":{"autocomplete":["timer"],"suggestion":["motion_pointtowards","motion_goto","motion_gotoxy","motion_glideto","motion_glidesecstoxy","motion_pointindirection","motion_setx","motion_sety","looks_switchbackdropto","looks_switchbackdroptoandwait","/{L!/@~TvVm}GuukdqO)_switchcostumeto","looks_switchbackdropto","looks_setsizeto","looks_seteffectto","looks_gotofrontback","sound_stopallsounds","sound_seteffectto","sound_setvolumeto","event_whenbackdropswitchesto","control_stop","sensing_touchingobject","sensing_touchingcolor","sensing_coloristouchingcolor","sensing_distanceto","operator_random"]}}
​ ## SEARCH {"tags":[],"results":{"autocomplete":["looks_think","timer","motion_turnleft","motion_turnright","sensing_touchingcolor","sensing_touchingobject","looks_thinkforsecs"],"suggestion":["motion_gotoxy","motion_glidesecstoxy","motion_setx","motion_sety"]}}
​ ## SEARCH {"tags":[],"results":{"autocomplete":["sensing_touchingcolor","sensing_touchingobject"],"suggestion":["motion_goto","motion_gotoxy","looks_gotofrontback"]}}
​ ## SEARCH {"tags":[],"results":{"autocomplete":["sensing_touchingcolor","sensing_touchingobject"],"suggestion":["motion_goto","motion_gotoxy","looks_gotofrontback"]}}
​ ## SEARCH {"tags":[],"results":{"autocomplete":["sensing_touchingcolor","sensing_touchingobject"],"suggestion":["motion_goto","motion_gotoxy","looks_gotofrontback","sensing_coloristouchingcolor"]}}
​ ## SEARCH {"tags":[],"results":{"autocomplete":["sensing_touchingcolor","sensing_touchingobject"],"suggestion":["sensing_coloristouchingcolor"]}}
​ ## SEARCH {"tags":[],"results":{"autocomplete":["sensing_touchingcolor","sensing_touchingobject"],"suggestion":["sensing_coloristouchingcolor"]}}
​ ## SEARCH {"tags":[],"results":{"autocomplete":["sensing_touchingcolor","sensing_touchingobject"],"suggestion":["sensing_coloristouchingcolor"]}}
​ ## {"id":"sensing_touchingobject","time":1650209033121}
​ ## SEARCH {"tags":[],"results":{"autocomplete":["sensing_touchingcolor","sensing_touchingobject"],"suggestion":["sensing_coloristouchingcolor"]}}
​ ## SEARCH {"tags":[],"results":{"autocomplete":["sensing_touchingcolor","sensing_touchingobject"],"suggestion":["sensing_coloristouchingcolor"]}}
​ ## SEARCH {"tags":[],"results":{"autocomplete":["control_if","control_if_else","motion_ifonedgebounce"],"suggestion":["motion_gotoxy","motion_glidesecstoxy","motion_changexby","sensing_coloristouchingcolor","sensing_dayssince2000"]}}
​ ## SEARCH {"tags":[],"results":{"autocomplete":["control_if","control_if_else","motion_ifonedgebounce"],"suggestion":[]}}
​ ## {"id":"control_if","time":1650209048904}
​ ## SEARCH {"tags":[],"results":{"autocomplete":["operator_divide","/{L!/@~TvVm}GuukdqO)_direction","sensing_distanceto","control_delete_this_clone","sensing_dayssince2000"],"suggestion":["motion_gotoxy","motion_glidesecstoxy","motion_changexby"]}}
​ ## SEARCH {"tags":[],"results":{"autocomplete":["/{L!/@~TvVm}GuukdqO)_direction"],"suggestion":["looks_thinkforsecs","sensing_coloristouchingcolor","looks_sayforsecs","forever","sensing_touchingcolor"]}}
​ ## SEARCH {"tags":[],"results":{"autocomplete":["/{L!/@~TvVm}GuukdqO)_direction"],"suggestion":["looks_changesizeby","looks_setsizeto","looks_hide","/{L!/@~TvVm}GuukdqO)_size","/{L!/@~TvVm}GuukdqO)_sound_playuntildone"]}}
​ ## SEARCH {"tags":[],"results":{"autocomplete":["/{L!/@~TvVm}GuukdqO)_direction"],"suggestion":["motion_pointindirection"]}}
​ ## SEARCH {"tags":[],"results":{"autocomplete":["/{L!/@~TvVm}GuukdqO)_direction"],"suggestion":["motion_pointindirection"]}}
​ ## SEARCH {"tags":[],"results":{"autocomplete":["/{L!/@~TvVm}GuukdqO)_direction"],"suggestion":["motion_pointindirection"]}}
​ ## {"id":"motion_pointindirection","time":1650209060563}
​ ## SEARCH {"tags":[],"results":{"autocomplete":["looks_say","looks_show","/{L!/@~TvVm}GuukdqO)_size","control_stop","motion_setx","motion_sety","operator_subtract","looks_setsizeto","/{L!/@~TvVm}GuukdqO)_sound_play","looks_seteffectto","sound_seteffectto","sound_setvolumeto","sensing_setdragmode","looks_sayforsecs","sound_stopallsounds","/{L!/@~TvVm}GuukdqO)_switchcostumeto","motion_setrotationstyle","looks_switchbackdropto","looks_switchbackdropto","looks_switchbackdroptoandwait"],"suggestion":["control_start_as_clone","motion_gotoxy","motion_glidesecstoxy","motion_changexby","event_whenthisspriteclicked","event_broadcast","event_broadcastandwait","sensing_coloristouchingcolor","sensing_distanceto","askandwait"]}}
​ ## SEARCH {"tags":[],"results":{"autocomplete":["operator_subtract"],"suggestion":["control_if","control_if_else"]}}
​ ## SEARCH {"tags":[],"results":{"autocomplete":["operator_subtract"],"suggestion":["motion_setx","motion_sety","motion_setrotationstyle","looks_sayforsecs","looks_say","looks_setsizeto","looks_seteffectto","sound_seteffectto","sound_setvolumeto","sensing_setdragmode","sensing_resettimer"]}}
​ ## {"id":"operator_subtract","time":1650209085942}
​ ## SEARCH {"tags":[],"results":{"autocomplete":["operator_divide","/{L!/@~TvVm}GuukdqO)_direction","sensing_distanceto","control_delete_this_clone","sensing_dayssince2000"],"suggestion":["motion_gotoxy","motion_glidesecstoxy","motion_changexby"]}}
​ ## SEARCH {"tags":[],"results":{"autocomplete":["/{L!/@~TvVm}GuukdqO)_direction"],"suggestion":["looks_thinkforsecs","sensing_coloristouchingcolor","looks_sayforsecs","forever","sensing_touchingcolor"]}}
​ ## SEARCH {"tags":[],"results":{"autocomplete":["/{L!/@~TvVm}GuukdqO)_direction"],"suggestion":["looks_changesizeby","looks_setsizeto","looks_hide","/{L!/@~TvVm}GuukdqO)_size","/{L!/@~TvVm}GuukdqO)_sound_playuntildone"]}}
​ ## {"id":"/{L!/@~TvVm}GuukdqO)_direction","time":1650209091812}
​ ## SEARCH {"tags":[],"results":{"autocomplete":["nIKM,+nqW3)I0JpS~E^a_direction"],"suggestion":["looks_changesizeby","looks_setsizeto","looks_hide","nIKM,+nqW3)I0JpS~E^a_size","nIKM,+nqW3)I0JpS~E^a_sound_playuntildone"]}}
​ ## SEARCH {"tags":[],"results":{"autocomplete":["/{L!/@~TvVm}GuukdqO)_direction"],"suggestion":["looks_changesizeby","looks_setsizeto","looks_hide","/{L!/@~TvVm}GuukdqO)_size","/{L!/@~TvVm}GuukdqO)_sound_playuntildone"]}}
​ ## SEARCH {"tags":[],"results":{"autocomplete":["W`C9+ZHE;|Q^QXD6t/ZG_direction"],"suggestion":["looks_changesizeby","looks_setsizeto","looks_hide","W`C9+ZHE;|Q^QXD6t/ZG_size","W`C9+ZHE;|Q^QXD6t/ZG_sound_playuntildone"]}}
​ ## SEARCH {"tags":[],"results":{"autocomplete":["looks_say","looks_show","W`C9+ZHE;|Q^QXD6t/ZG_size","control_stop","motion_setx","motion_sety","operator_subtract","looks_setsizeto","W`C9+ZHE;|Q^QXD6t/ZG_sound_play","looks_seteffectto","sound_seteffectto","sound_setvolumeto","sensing_setdragmode","looks_sayforsecs","sound_stopallsounds","W`C9+ZHE;|Q^QXD6t/ZG_switchcostumeto","motion_setrotationstyle","looks_switchbackdropto","looks_switchbackdropto","looks_switchbackdroptoandwait"],"suggestion":["control_start_as_clone","motion_gotoxy","motion_glidesecstoxy","motion_changexby","event_whenthisspriteclicked","event_broadcast","event_broadcastandwait","sensing_coloristouchingcolor","sensing_distanceto","askandwait"]}}
​ ## SEARCH {"tags":[],"results":{"autocomplete":["control_stop","W`C9+ZHE;|Q^QXD6t/ZG_sound_play","sound_stopallsounds"],"suggestion":["motion_setx","motion_sety","motion_setrotationstyle","looks_setsizeto","looks_seteffectto","sound_seteffectto","sound_setvolumeto","control_if","control_if_else","sensing_setdragmode","sensing_resettimer"]}}
​ ## SEARCH {"tags":[],"results":{"autocomplete":["W`C9+ZHE;|Q^QXD6t/ZG_sound_play"],"suggestion":["motion_setx","motion_sety","looks_setsizeto","looks_seteffectto","sound_stopallsounds","sound_seteffectto","sound_setvolumeto","control_stop"]}}
​ ## SEARCH {"tags":[],"results":{"autocomplete":["W`C9+ZHE;|Q^QXD6t/ZG_sound_play"],"suggestion":["control_start_as_clone","looks_sayforsecs","looks_say","sound_stopallsounds","event_whenstageclicked","control_stop","of"]}}
​ ## SEARCH {"tags":[],"results":{"autocomplete":["W`C9+ZHE;|Q^QXD6t/ZG_sound_play"],"suggestion":["control_start_as_clone","event_whenstageclicked","of"]}}
​ ## SEARCH {"tags":["#start"],"results":{"tag":["event_whenflagclicked","event_whenkeypressed","event_whenstageclicked","event_whenthisspriteclicked","event_whenbackdropswitchesto","event_whengreaterthan","event_whenbroadcastreceived","event_broadcastandwait","control_start_as_clone"]}}
​ ## {"id":"event_whenflagclicked","time":1650209648002}
​ ## CLEARED SEARCH
​ ## SEARCH {"tags":[],"results":{"autocomplete":["wait_until","control_wait","event_whenbroadcastreceived","event_whenkeypressed","event_whenflagclicked","event_whengreaterthan","event_whenstageclicked","control_start_as_clone","event_whenthisspriteclicked","event_whenbackdropswitchesto"],"suggestion":["motion_gotoxy","motion_glidesecstoxy","motion_changexby"]}}
​ ## SEARCH {"tags":[],"results":{"autocomplete":["event_whenbroadcastreceived","event_whenkeypressed","event_whenflagclicked","event_whengreaterthan","event_whenstageclicked","control_start_as_clone","event_whenthisspriteclicked","event_whenbackdropswitchesto"],"suggestion":[]}}
​ ## SEARCH {"tags":[],"results":{"autocomplete":["event_whenbroadcastreceived","event_whenkeypressed","event_whenflagclicked","event_whengreaterthan","event_whenstageclicked","control_start_as_clone","event_whenthisspriteclicked","event_whenbackdropswitchesto"],"suggestion":[]}}
​ ## SEARCH {"tags":[],"results":{"autocomplete":["event_whenbroadcastreceived","event_whenkeypressed","event_whenflagclicked","event_whengreaterthan","event_whenstageclicked","control_start_as_clone","event_whenthisspriteclicked","event_whenbackdropswitchesto"],"suggestion":[]}}
​ ## SEARCH {"tags":[],"results":{"autocomplete":["wait_until","control_wait","event_whenbroadcastreceived","event_whenkeypressed","event_whenflagclicked","event_whengreaterthan","event_whenstageclicked","control_start_as_clone","event_whenthisspriteclicked","event_whenbackdropswitchesto"],"suggestion":["motion_gotoxy","motion_glidesecstoxy","motion_changexby"]}}
​ ## CLEARED SEARCH
​ ## SEARCH {"tags":[],"results":{"autocomplete":["operator_or","of"],"suggestion":["motion_gotoxy","looks_gotofrontback","motion_goto","motion_glidesecstoxy"]}}
​ ## SEARCH {"tags":[],"results":{"autocomplete":[],"suggestion":["motion_pointindirection","motion_setrotationstyle","looks_sayforsecs","looks_thinkforsecs","control_create_clone_of","operator_not"]}}
​ ## SEARCH {"tags":[],"results":{"autocomplete":["operator_or","of"],"suggestion":["motion_gotoxy","looks_gotofrontback","motion_goto","motion_glidesecstoxy"]}}
​ ## CLEARED SEARCH
​ ## SEARCH {"tags":[],"results":{"autocomplete":["looks_think","timer","motion_turnleft","motion_turnright","sensing_touchingcolor","sensing_touchingobject","looks_thinkforsecs"],"suggestion":["motion_gotoxy","motion_glidesecstoxy","motion_setx","motion_sety"]}}
​ ## SEARCH {"tags":[],"results":{"autocomplete":["sensing_touchingcolor","sensing_touchingobject"],"suggestion":["motion_goto","motion_gotoxy","looks_gotofrontback"]}}
​ ## SEARCH {"tags":[],"results":{"autocomplete":["sensing_touchingcolor","sensing_touchingobject"],"suggestion":["motion_goto","motion_gotoxy","looks_gotofrontback"]}}
​ ## SEARCH {"tags":[],"results":{"autocomplete":["sensing_touchingcolor","sensing_touchingobject"],"suggestion":["motion_goto","motion_gotoxy","looks_gotofrontback","sensing_coloristouchingcolor"]}}
​ ## SEARCH {"tags":[],"results":{"autocomplete":["sensing_touchingcolor","sensing_touchingobject"],"suggestion":["sensing_coloristouchingcolor"]}}
​ ## SEARCH {"tags":[],"results":{"autocomplete":["sensing_touchingcolor","sensing_touchingobject"],"suggestion":["motion_goto","motion_gotoxy","looks_gotofrontback","sensing_coloristouchingcolor"]}}
​ ## SEARCH {"tags":[],"results":{"autocomplete":["sensing_touchingcolor","sensing_touchingobject"],"suggestion":["motion_goto","motion_gotoxy","looks_gotofrontback"]}}
​ ## SEARCH {"tags":[],"results":{"autocomplete":["sensing_touchingcolor","sensing_touchingobject"],"suggestion":["motion_goto","motion_gotoxy","looks_gotofrontback"]}}
​ ## SEARCH {"tags":[],"results":{"autocomplete":["looks_think","timer","motion_turnleft","motion_turnright","sensing_touchingcolor","sensing_touchingobject","looks_thinkforsecs"],"suggestion":["motion_gotoxy","motion_glidesecstoxy","motion_setx","motion_sety"]}}
​ ## CLEARED SEARCH
​ ## SEARCH {"tags":[],"results":{"autocomplete":["forever"],"suggestion":["motion_gotoxy","motion_glidesecstoxy","motion_changexby","motion_ifonedgebounce","control_if","control_if_else","control_create_clone_of","of","operator_letter_of","operator_length"]}}
​ ## SEARCH {"tags":[],"results":{"autocomplete":["forever"],"suggestion":["motion_goto","motion_gotoxy","looks_gotofrontback"]}}
​ ## SEARCH {"tags":[],"results":{"autocomplete":["forever"],"suggestion":["looks_sayforsecs","looks_thinkforsecs"]}}
​ ## SEARCH {"tags":[],"results":{"autocomplete":["forever"],"suggestion":["looks_sayforsecs","looks_thinkforsecs"]}}
​ ## {"id":"forever","time":1650209662288}
​ ## SEARCH {"tags":[],"results":{"autocomplete":["forever"],"suggestion":["looks_sayforsecs","looks_thinkforsecs"]}}
​ ## SEARCH {"tags":[],"results":{"autocomplete":["control_if","control_if_else","motion_ifonedgebounce"],"suggestion":["motion_gotoxy","motion_glidesecstoxy","motion_changexby","sensing_coloristouchingcolor","sensing_dayssince2000"]}}
​ ## SEARCH {"tags":[],"results":{"autocomplete":["control_if","control_if_else","motion_ifonedgebounce"],"suggestion":[]}}
​ ## {"id":"control_if","time":1650209773184}
​ ## SEARCH {"tags":[],"results":{"autocomplete":["looks_think","timer","motion_turnleft","motion_turnright","sensing_touchingcolor","sensing_touchingobject","looks_thinkforsecs"],"suggestion":["motion_gotoxy","motion_glidesecstoxy","motion_setx","motion_sety"]}}
​ ## SEARCH {"tags":[],"results":{"autocomplete":["sensing_touchingcolor","sensing_touchingobject"],"suggestion":["motion_goto","motion_gotoxy","looks_gotofrontback"]}}
​ ## SEARCH {"tags":[],"results":{"autocomplete":["sensing_touchingcolor","sensing_touchingobject"],"suggestion":["motion_goto","motion_gotoxy","looks_gotofrontback"]}}
​ ## SEARCH {"tags":[],"results":{"autocomplete":["sensing_touchingcolor","sensing_touchingobject"],"suggestion":["motion_goto","motion_gotoxy","looks_gotofrontback","sensing_coloristouchingcolor"]}}
​ ## SEARCH {"tags":[],"results":{"autocomplete":["sensing_touchingcolor","sensing_touchingobject"],"suggestion":["sensing_coloristouchingcolor"]}}
​ ## SEARCH {"tags":[],"results":{"autocomplete":["sensing_touchingcolor","sensing_touchingobject"],"suggestion":["sensing_coloristouchingcolor"]}}
​ ## SEARCH {"tags":[],"results":{"autocomplete":["sensing_touchingcolor","sensing_touchingobject"],"suggestion":["sensing_coloristouchingcolor"]}}
​ ## SEARCH {"tags":[],"results":{"autocomplete":["sensing_touchingcolor","sensing_touchingobject"],"suggestion":["sensing_coloristouchingcolor"]}}
​ ## {"id":"sensing_touchingobject","time":1650209780168}
​ ## SEARCH {"tags":[],"results":{"autocomplete":["W`C9+ZHE;|Q^QXD6t/ZG_costumenumbername","current","operator_contains","motion_changexby","motion_changeyby","looks_changesizeby","control_create_clone_of","looks_changeeffectby","sound_changeeffectby","sound_changevolumeby","sound_cleareffects","looks_cleargraphiceffects","sensing_coloristouchingcolor"],"suggestion":["motion_gotoxy","motion_glidesecstoxy"]}}
​ ## SEARCH {"tags":[],"results":{"autocomplete":["W`C9+ZHE;|Q^QXD6t/ZG_costumenumbername","operator_contains","sensing_coloristouchingcolor"],"suggestion":["motion_goto","motion_gotoxy","looks_gotofrontback"]}}
​ ## SEARCH {"tags":[],"results":{"autocomplete":["W`C9+ZHE;|Q^QXD6t/ZG_costumenumbername"],"suggestion":["looks_sayforsecs","looks_thinkforsecs","sensing_coloristouchingcolor"]}}
​ ## SEARCH {"tags":[],"results":{"autocomplete":["W`C9+ZHE;|Q^QXD6t/ZG_costumenumbername"],"suggestion":["W`C9+ZHE;|Q^QXD6t/ZG_xposition","W`C9+ZHE;|Q^QXD6t/ZG_yposition","operator_not"]}}
​ ## SEARCH {"tags":[],"results":{"autocomplete":["W`C9+ZHE;|Q^QXD6t/ZG_costumenumbername"],"suggestion":["W`C9+ZHE;|Q^QXD6t/ZG_switchcostumeto","looks_nextcostume"]}}
​ ## SEARCH {"tags":[],"results":{"autocomplete":["W`C9+ZHE;|Q^QXD6t/ZG_costumenumbername"],"suggestion":["W`C9+ZHE;|Q^QXD6t/ZG_switchcostumeto","looks_nextcostume"]}}
​ ## {"id":"W`C9+ZHE;|Q^QXD6t/ZG_switchcostumeto","time":1650209789082}
​ ## SEARCH {"tags":[],"results":{"autocomplete":["W`C9+ZHE;|Q^QXD6t/ZG_costumenumbername","current","operator_contains","motion_changexby","motion_changeyby","looks_changesizeby","control_create_clone_of","looks_changeeffectby","sound_changeeffectby","sound_changevolumeby","sound_cleareffects","looks_cleargraphiceffects","sensing_coloristouchingcolor"],"suggestion":["motion_gotoxy","motion_glidesecstoxy"]}}
​ ## SEARCH {"tags":[],"results":{"autocomplete":[],"suggestion":["motion_goto","motion_gotoxy","looks_gotofrontback","sound_stopallsounds","control_start_as_clone","control_create_clone_of","control_delete_this_clone","sensing_touchingcolor","sensing_coloristouchingcolor"]}}
​ ## SEARCH {"tags":[],"results":{"autocomplete":[],"suggestion":["control_start_as_clone","control_create_clone_of","control_delete_this_clone"]}}
​ ## SEARCH {"tags":[],"results":{"autocomplete":[],"suggestion":["control_start_as_clone","control_create_clone_of","control_delete_this_clone"]}}
​ ## {"id":"control_create_clone_of","time":1650209810054}
​ ## SEARCH {"tags":[],"results":{"autocomplete":["wait_until","control_wait","event_whenbroadcastreceived","event_whenkeypressed","event_whenflagclicked","event_whengreaterthan","event_whenstageclicked","control_start_as_clone","event_whenthisspriteclicked","event_whenbackdropswitchesto"],"suggestion":["motion_gotoxy","motion_glidesecstoxy","motion_changexby"]}}
​ ## SEARCH {"tags":[],"results":{"autocomplete":["event_whenbroadcastreceived","event_whenkeypressed","event_whenflagclicked","event_whengreaterthan","event_whenstageclicked","control_start_as_clone","event_whenthisspriteclicked","event_whenbackdropswitchesto"],"suggestion":[]}}
​ ## SEARCH {"tags":[],"results":{"autocomplete":["event_whenbroadcastreceived","event_whenkeypressed","event_whenflagclicked","event_whengreaterthan","event_whenstageclicked","control_start_as_clone","event_whenthisspriteclicked","event_whenbackdropswitchesto"],"suggestion":[]}}
​ ## {"id":"control_start_as_clone","time":1650209823193}
​ ## SEARCH {"tags":[],"results":{"autocomplete":["looks_say","looks_show","W`C9+ZHE;|Q^QXD6t/ZG_size","control_stop","motion_setx","motion_sety","operator_subtract","looks_setsizeto","W`C9+ZHE;|Q^QXD6t/ZG_sound_play","looks_seteffectto","sound_seteffectto","sound_setvolumeto","sensing_setdragmode","looks_sayforsecs","sound_stopallsounds","W`C9+ZHE;|Q^QXD6t/ZG_switchcostumeto","motion_setrotationstyle","looks_switchbackdropto","looks_switchbackdropto","looks_switchbackdroptoandwait"],"suggestion":["control_start_as_clone","motion_gotoxy","motion_glidesecstoxy","motion_changexby","event_whenthisspriteclicked","event_broadcast","event_broadcastandwait","sensing_coloristouchingcolor","sensing_distanceto","askandwait"]}}
​ ## SEARCH {"tags":[],"results":{"autocomplete":["W`C9+ZHE;|Q^QXD6t/ZG_switchcostumeto","looks_switchbackdropto","looks_switchbackdropto","looks_switchbackdroptoandwait"],"suggestion":["control_if","control_if_else"]}}
​ ## SEARCH {"tags":[],"results":{"autocomplete":["W`C9+ZHE;|Q^QXD6t/ZG_switchcostumeto","looks_switchbackdropto","looks_switchbackdropto","looks_switchbackdroptoandwait"],"suggestion":["motion_setx","motion_sety","motion_setrotationstyle","looks_sayforsecs","looks_say","looks_setsizeto","looks_seteffectto","sound_seteffectto","sound_setvolumeto","sensing_setdragmode","sensing_resettimer"]}}
​ ## SEARCH {"tags":[],"results":{"autocomplete":["W`C9+ZHE;|Q^QXD6t/ZG_switchcostumeto","looks_switchbackdropto","looks_switchbackdropto","looks_switchbackdroptoandwait"],"suggestion":["motion_setx","motion_sety","motion_setrotationstyle","looks_setsizeto","looks_seteffectto","sound_seteffectto","sound_setvolumeto","event_whenbackdropswitchesto","event_broadcastandwait","control_wait","wait_until","askandwait","sensing_setdragmode","sensing_resettimer"]}}
​ ## {"id":"W`C9+ZHE;|Q^QXD6t/ZG_switchcostumeto","time":1650209828549}
​ ## SEARCH {"tags":[],"results":{"autocomplete":["forever"],"suggestion":["motion_gotoxy","motion_glidesecstoxy","motion_changexby","motion_ifonedgebounce","control_if","control_if_else","control_create_clone_of","of","operator_letter_of","operator_length"]}}
​ ## SEARCH {"tags":[],"results":{"autocomplete":["forever"],"suggestion":["motion_goto","motion_gotoxy","looks_gotofrontback"]}}
​ ## SEARCH {"tags":[],"results":{"autocomplete":["forever"],"suggestion":["looks_sayforsecs","looks_thinkforsecs"]}}
​ ## SEARCH {"tags":[],"results":{"autocomplete":["forever"],"suggestion":["looks_sayforsecs","looks_thinkforsecs"]}}
​ ## {"id":"forever","time":1650209847324}
​ ## SEARCH {"tags":[],"results":{"autocomplete":["control_if","control_if_else","motion_ifonedgebounce"],"suggestion":["motion_gotoxy","motion_glidesecstoxy","motion_changexby","sensing_coloristouchingcolor","sensing_dayssince2000"]}}
​ ## SEARCH {"tags":[],"results":{"autocomplete":["control_if","control_if_else","motion_ifonedgebounce"],"suggestion":[]}}
​ ## {"id":"control_if","time":1650209851498}
​ ## SEARCH {"tags":[],"results":{"autocomplete":["looks_think","timer","motion_turnleft","motion_turnright","sensing_touchingcolor","sensing_touchingobject","looks_thinkforsecs"],"suggestion":["motion_gotoxy","motion_glidesecstoxy","motion_setx","motion_sety"]}}
​ ## SEARCH {"tags":[],"results":{"autocomplete":["sensing_touchingcolor","sensing_touchingobject"],"suggestion":["motion_goto","motion_gotoxy","looks_gotofrontback"]}}
​ ## SEARCH {"tags":[],"results":{"autocomplete":["sensing_touchingcolor","sensing_touchingobject"],"suggestion":["motion_goto","motion_gotoxy","looks_gotofrontback"]}}
​ ## SEARCH {"tags":[],"results":{"autocomplete":["sensing_touchingcolor","sensing_touchingobject"],"suggestion":["motion_goto","motion_gotoxy","looks_gotofrontback","sensing_coloristouchingcolor"]}}
​ ## SEARCH {"tags":[],"results":{"autocomplete":["sensing_touchingcolor","sensing_touchingobject"],"suggestion":["sensing_coloristouchingcolor"]}}
​ ## SEARCH {"tags":[],"results":{"autocomplete":["sensing_touchingcolor","sensing_touchingobject"],"suggestion":["sensing_coloristouchingcolor"]}}
​ ## SEARCH {"tags":[],"results":{"autocomplete":["sensing_touchingcolor","sensing_touchingobject"],"suggestion":["sensing_coloristouchingcolor"]}}
​ ## SEARCH {"tags":[],"results":{"autocomplete":["sensing_touchingcolor","sensing_touchingobject"],"suggestion":["sensing_coloristouchingcolor"]}}
​ ## {"id":"sensing_touchingobject","time":1650209857186}
​ ## SEARCH {"tags":[],"results":{"autocomplete":["looks_say","looks_show","W`C9+ZHE;|Q^QXD6t/ZG_size","control_stop","motion_setx","motion_sety","operator_subtract","looks_setsizeto","W`C9+ZHE;|Q^QXD6t/ZG_sound_play","looks_seteffectto","sound_seteffectto","sound_setvolumeto","sensing_setdragmode","looks_sayforsecs","sound_stopallsounds","W`C9+ZHE;|Q^QXD6t/ZG_switchcostumeto","motion_setrotationstyle","looks_switchbackdropto","looks_switchbackdropto","looks_switchbackdroptoandwait"],"suggestion":["control_start_as_clone","motion_gotoxy","motion_glidesecstoxy","motion_changexby","event_whenthisspriteclicked","event_broadcast","event_broadcastandwait","sensing_coloristouchingcolor","sensing_distanceto","askandwait"]}}
​ ## SEARCH {"tags":[],"results":{"autocomplete":["W`C9+ZHE;|Q^QXD6t/ZG_switchcostumeto","looks_switchbackdropto","looks_switchbackdropto","looks_switchbackdroptoandwait"],"suggestion":["control_if","control_if_else"]}}
​ ## SEARCH {"tags":[],"results":{"autocomplete":["W`C9+ZHE;|Q^QXD6t/ZG_switchcostumeto","looks_switchbackdropto","looks_switchbackdropto","looks_switchbackdroptoandwait"],"suggestion":["motion_setx","motion_sety","motion_setrotationstyle","looks_sayforsecs","looks_say","looks_setsizeto","looks_seteffectto","sound_seteffectto","sound_setvolumeto","sensing_setdragmode","sensing_resettimer"]}}
​ ## SEARCH {"tags":[],"results":{"autocomplete":["W`C9+ZHE;|Q^QXD6t/ZG_switchcostumeto","looks_switchbackdropto","looks_switchbackdropto","looks_switchbackdroptoandwait"],"suggestion":["motion_setx","motion_sety","motion_setrotationstyle","looks_setsizeto","looks_seteffectto","sound_seteffectto","sound_setvolumeto","event_whenbackdropswitchesto","event_broadcastandwait","control_wait","wait_until","askandwait","sensing_setdragmode","sensing_resettimer"]}}
​ ## {"id":"W`C9+ZHE;|Q^QXD6t/ZG_switchcostumeto","time":1650209861694}
​ ## SEARCH {"tags":[],"results":{"autocomplete":["W`C9+ZHE;|Q^QXD6t/ZG_costumenumbername","current","operator_contains","motion_changexby","motion_changeyby","looks_changesizeby","control_create_clone_of","looks_changeeffectby","sound_changeeffectby","sound_changevolumeby","sound_cleareffects","looks_cleargraphiceffects","sensing_coloristouchingcolor"],"suggestion":["motion_gotoxy","motion_glidesecstoxy"]}}
​ ## SEARCH {"tags":[],"results":{"autocomplete":["control_create_clone_of"],"suggestion":["looks_sayforsecs","looks_thinkforsecs","forever","sensing_touchingcolor","sensing_coloristouchingcolor","operator_or"]}}
​ ## SEARCH {"tags":[],"results":{"autocomplete":["control_create_clone_of"],"suggestion":["looks_sayforsecs","looks_thinkforsecs","looks_changeeffectby","looks_seteffectto","looks_cleargraphiceffects","sound_changeeffectby","sound_seteffectto","sound_cleareffects","forever","sensing_touchingcolor","sensing_coloristouchingcolor","operator_or"]}}
​ ## SEARCH {"tags":[],"results":{"autocomplete":["control_create_clone_of"],"suggestion":["looks_cleargraphiceffects","sound_cleareffects"]}}
​ ## {"id":"control_create_clone_of","time":1650209869626}
​ ## SEARCH {"tags":[],"results":{"autocomplete":["motion_goto","looks_goforwardbackwardlayers","motion_gotoxy","looks_gotofrontback","operator_gt","motion_glideto","motion_glidesecstoxy"],"suggestion":["motion_changexby"]}}
​ ## SEARCH {"tags":[],"results":{"autocomplete":["motion_goto","looks_goforwardbackwardlayers","motion_gotoxy","looks_gotofrontback"],"suggestion":[]}}
​ ## SEARCH {"tags":[],"results":{"autocomplete":["motion_goto","looks_goforwardbackwardlayers","motion_gotoxy","looks_gotofrontback"],"suggestion":["motion_glidesecstoxy"]}}
​ ## SEARCH {"tags":[],"results":{"autocomplete":["motion_goto","motion_gotoxy","looks_gotofrontback"],"suggestion":[]}}
​ ## SEARCH {"tags":[],"results":{"autocomplete":["motion_goto","motion_gotoxy","looks_gotofrontback"],"suggestion":[]}}
​ ## {"id":"motion_goto","time":1650209879606}
​ ## SEARCH {"tags":[],"results":{"autocomplete":["motion_goto","motion_gotoxy","looks_gotofrontback"],"suggestion":[]}}
​ ## SEARCH {"tags":[],"results":{"autocomplete":["operator_or","of"],"suggestion":["motion_gotoxy","looks_gotofrontback","motion_goto","motion_glidesecstoxy"]}}
​ ## SEARCH {"tags":[],"results":{"autocomplete":["operator_or"],"suggestion":["looks_sayforsecs","looks_thinkforsecs","forever"]}}
​ ## {"id":"operator_or","time":1650209892594}
​ ## SEARCH {"tags":[],"results":{"autocomplete":["looks_think","timer","motion_turnleft","motion_turnright","sensing_touchingcolor","sensing_touchingobject","looks_thinkforsecs"],"suggestion":["motion_gotoxy","motion_glidesecstoxy","motion_setx","motion_sety"]}}
​ ## SEARCH {"tags":[],"results":{"autocomplete":["sensing_touchingcolor","sensing_touchingobject"],"suggestion":["motion_goto","motion_gotoxy","looks_gotofrontback"]}}
​ ## SEARCH {"tags":[],"results":{"autocomplete":["sensing_touchingcolor","sensing_touchingobject"],"suggestion":["motion_goto","motion_gotoxy","looks_gotofrontback"]}}
​ ## SEARCH {"tags":[],"results":{"autocomplete":["sensing_touchingcolor","sensing_touchingobject"],"suggestion":["motion_goto","motion_gotoxy","looks_gotofrontback","sensing_coloristouchingcolor"]}}
​ ## SEARCH {"tags":[],"results":{"autocomplete":["sensing_touchingcolor","sensing_touchingobject"],"suggestion":["sensing_coloristouchingcolor"]}}
​ ## SEARCH {"tags":[],"results":{"autocomplete":["sensing_touchingcolor","sensing_touchingobject"],"suggestion":["sensing_coloristouchingcolor"]}}
​ ## SEARCH {"tags":[],"results":{"autocomplete":["sensing_touchingcolor","sensing_touchingobject"],"suggestion":["sensing_coloristouchingcolor"]}}
​ ## {"id":"sensing_touchingobject","time":1650209900061}
​ ## SEARCH {"tags":[],"results":{"autocomplete":["sensing_touchingcolor","sensing_touchingobject"],"suggestion":["sensing_coloristouchingcolor"]}}
​ ## {"id":"data_changevariableby","time":1650209947759}
​ ## {"id":"data_changevariableby","time":1650209959434}
​ ## SEARCH {"tags":[],"results":{"autocomplete":["W`C9+ZHE;|Q^QXD6t/ZG_costumenumbername","current","operator_contains","motion_changexby","motion_changeyby","looks_changesizeby","control_create_clone_of","looks_changeeffectby","sound_changeeffectby","sound_changevolumeby","sound_cleareffects","looks_cleargraphiceffects","sensing_coloristouchingcolor"],"suggestion":["motion_gotoxy","motion_glidesecstoxy"]}}
​ ## SEARCH {"tags":[],"results":{"autocomplete":["W`C9+ZHE;|Q^QXD6t/ZG_costumenumbername","operator_contains","sensing_coloristouchingcolor"],"suggestion":["motion_goto","motion_gotoxy","looks_gotofrontback"]}}
​ ## SEARCH {"tags":[],"results":{"autocomplete":["W`C9+ZHE;|Q^QXD6t/ZG_costumenumbername"],"suggestion":["looks_sayforsecs","looks_thinkforsecs","sensing_coloristouchingcolor"]}}
​ ## SEARCH {"tags":[],"results":{"autocomplete":["W`C9+ZHE;|Q^QXD6t/ZG_costumenumbername"],"suggestion":["W`C9+ZHE;|Q^QXD6t/ZG_xposition","W`C9+ZHE;|Q^QXD6t/ZG_yposition","operator_not"]}}
​ ## SEARCH {"tags":[],"results":{"autocomplete":["W`C9+ZHE;|Q^QXD6t/ZG_costumenumbername"],"suggestion":["W`C9+ZHE;|Q^QXD6t/ZG_switchcostumeto","looks_nextcostume"]}}
​ ## SEARCH {"tags":[],"results":{"autocomplete":["W`C9+ZHE;|Q^QXD6t/ZG_costumenumbername"],"suggestion":["W`C9+ZHE;|Q^QXD6t/ZG_switchcostumeto","looks_nextcostume"]}}
​ ## SEARCH {"tags":[],"results":{"autocomplete":["W`C9+ZHE;|Q^QXD6t/ZG_costumenumbername"],"suggestion":["W`C9+ZHE;|Q^QXD6t/ZG_switchcostumeto","looks_nextcostume"]}}
​ ## SEARCH {"tags":[],"results":{"autocomplete":["operator_divide","W`C9+ZHE;|Q^QXD6t/ZG_direction","sensing_distanceto","control_delete_this_clone","sensing_dayssince2000"],"suggestion":["motion_gotoxy","motion_glidesecstoxy","motion_changexby"]}}
​ ## SEARCH {"tags":[],"results":{"autocomplete":[],"suggestion":["motion_ifonedgebounce","sensing_coloristouchingcolor","motion_pointindirection","motion_pointtowards","looks_thinkforsecs","looks_think","looks_changesizeby","looks_setsizeto","looks_hide","W`C9+ZHE;|Q^QXD6t/ZG_size","W`C9+ZHE;|Q^QXD6t/ZG_sound_playuntildone","event_whenthisspriteclicked","control_if","control_if_else","sensing_touchingobject","sensing_touchingcolor","sensing_distanceto","sensing_dayssince2000","operator_join","operator_contains"]}}
​ ## SEARCH {"tags":[],"results":{"autocomplete":["operator_divide","W`C9+ZHE;|Q^QXD6t/ZG_direction","sensing_distanceto","control_delete_this_clone","sensing_dayssince2000"],"suggestion":["motion_gotoxy","motion_glidesecstoxy","motion_changexby"]}}
​ ## CLEARED SEARCH
​ ## SEARCH {"tags":[],"results":{"autocomplete":["looks_say","looks_show","W`C9+ZHE;|Q^QXD6t/ZG_size","control_stop","motion_setx","motion_sety","operator_subtract","looks_setsizeto","W`C9+ZHE;|Q^QXD6t/ZG_sound_play","looks_seteffectto","sound_seteffectto","sound_setvolumeto","sensing_setdragmode","looks_sayforsecs","sound_stopallsounds","W`C9+ZHE;|Q^QXD6t/ZG_switchcostumeto","motion_setrotationstyle","looks_switchbackdropto","looks_switchbackdropto","looks_switchbackdroptoandwait"],"suggestion":["control_start_as_clone","motion_gotoxy","motion_glidesecstoxy","motion_changexby","event_whenthisspriteclicked","event_broadcast","event_broadcastandwait","sensing_coloristouchingcolor","sensing_distanceto","askandwait"]}}
​ ## SEARCH {"tags":[],"results":{"autocomplete":["control_stop","W`C9+ZHE;|Q^QXD6t/ZG_sound_play","sound_stopallsounds"],"suggestion":["motion_setx","motion_sety","motion_setrotationstyle","looks_setsizeto","looks_seteffectto","sound_seteffectto","sound_setvolumeto","control_if","control_if_else","sensing_setdragmode","sensing_resettimer"]}}
​ ## SEARCH {"tags":[],"results":{"autocomplete":["control_stop","sound_stopallsounds"],"suggestion":["motion_goto","motion_gotoxy","motion_setx","motion_sety","looks_setsizeto","looks_seteffectto","looks_gotofrontback","sound_seteffectto","sound_setvolumeto"]}}
​ ## SEARCH {"tags":[],"results":{"autocomplete":["control_stop","sound_stopallsounds"],"suggestion":["motion_movesteps","motion_goto","motion_gotoxy","motion_glideto","motion_glidesecstoxy","motion_pointtowards","motion_setx","motion_sety","looks_switchbackdropto","looks_switchbackdroptoandwait","W`C9+ZHE;|Q^QXD6t/ZG_switchcostumeto","looks_switchbackdropto","looks_setsizeto","looks_seteffectto","looks_cleargraphiceffects","looks_show","looks_gotofrontback","sound_seteffectto","sound_cleareffects","sound_setvolumeto","event_whenbackdropswitchesto","sensing_touchingobject","sensing_touchingcolor","sensing_coloristouchingcolor","sensing_distanceto","operator_random"]}}
​ ## SEARCH {"tags":[],"results":{"autocomplete":["control_stop","sound_stopallsounds"],"suggestion":["motion_goto","motion_gotoxy","motion_setx","motion_sety","looks_setsizeto","looks_seteffectto","looks_gotofrontback","sound_seteffectto","sound_setvolumeto"]}}
​ ## SEARCH {"tags":[],"results":{"autocomplete":["control_stop","W`C9+ZHE;|Q^QXD6t/ZG_sound_play","sound_stopallsounds"],"suggestion":["motion_setx","motion_sety","motion_setrotationstyle","looks_setsizeto","looks_seteffectto","sound_seteffectto","sound_setvolumeto","control_if","control_if_else","sensing_setdragmode","sensing_resettimer"]}}
​ ## SEARCH {"tags":[],"results":{"autocomplete":["looks_say","looks_show","W`C9+ZHE;|Q^QXD6t/ZG_size","control_stop","motion_setx","motion_sety","operator_subtract","looks_setsizeto","W`C9+ZHE;|Q^QXD6t/ZG_sound_play","looks_seteffectto","sound_seteffectto","sound_setvolumeto","sensing_setdragmode","looks_sayforsecs","sound_stopallsounds","W`C9+ZHE;|Q^QXD6t/ZG_switchcostumeto","motion_setrotationstyle","looks_switchbackdropto","looks_switchbackdropto","looks_switchbackdroptoandwait"],"suggestion":["control_start_as_clone","motion_gotoxy","motion_glidesecstoxy","motion_changexby","event_whenthisspriteclicked","event_broadcast","event_broadcastandwait","sensing_coloristouchingcolor","sensing_distanceto","askandwait"]}}
​ ## CLEARED SEARCH
​ ## SEARCH {"tags":[],"results":{"autocomplete":["motion_goto","looks_goforwardbackwardlayers","motion_gotoxy","looks_gotofrontback","operator_gt","motion_glideto","motion_glidesecstoxy"],"suggestion":["motion_changexby"]}}
​ ## SEARCH {"tags":[],"results":{"autocomplete":["motion_goto","looks_goforwardbackwardlayers","motion_gotoxy","looks_gotofrontback"],"suggestion":[]}}
​ ## SEARCH {"tags":[],"results":{"autocomplete":["motion_goto","looks_goforwardbackwardlayers","motion_gotoxy","looks_gotofrontback"],"suggestion":["motion_glidesecstoxy"]}}
​ ## SEARCH {"tags":[],"results":{"autocomplete":["motion_goto","motion_gotoxy","looks_gotofrontback"],"suggestion":[]}}
​ ## SEARCH {"tags":[],"results":{"autocomplete":["motion_goto","motion_gotoxy","looks_gotofrontback"],"suggestion":[]}}
​ ## {"id":"looks_gotofrontback","time":1650210016113}
​ ## {"id":"looks_gotofrontback","time":1650210021451}
​ ## SEARCH {"tags":[],"results":{"autocomplete":["looks_say","looks_show","W`C9+ZHE;|Q^QXD6t/ZG_size","control_stop","motion_setx","motion_sety","operator_subtract","looks_setsizeto","W`C9+ZHE;|Q^QXD6t/ZG_sound_play","looks_seteffectto","sound_seteffectto","sound_setvolumeto","sensing_setdragmode","looks_sayforsecs","sound_stopallsounds","W`C9+ZHE;|Q^QXD6t/ZG_switchcostumeto","motion_setrotationstyle","looks_switchbackdropto","looks_switchbackdropto","looks_switchbackdroptoandwait"],"suggestion":["control_start_as_clone","motion_gotoxy","motion_glidesecstoxy","motion_changexby","event_whenthisspriteclicked","event_broadcast","event_broadcastandwait","sensing_coloristouchingcolor","sensing_distanceto","askandwait"]}}
​ ## SEARCH {"tags":[],"results":{"autocomplete":[],"suggestion":["control_if","control_if_else"]}}
​ ## SEARCH {"tags":[],"results":{"autocomplete":[],"suggestion":["motion_glideto","motion_glidesecstoxy","motion_setx","motion_sety","motion_setrotationstyle","looks_sayforsecs","looks_say","looks_setsizeto","looks_seteffectto","sound_seteffectto","sound_setvolumeto","sensing_setdragmode","sensing_resettimer"]}}
​ ## SEARCH {"tags":[],"results":{"autocomplete":[],"suggestion":["looks_sayforsecs","looks_say"]}}
​ ## SEARCH {"tags":[],"results":{"autocomplete":[],"suggestion":["motion_setrotationstyle","event_whenstageclicked","of"]}}
​ ## SEARCH {"tags":[],"results":{"autocomplete":["looks_say","looks_show","W`C9+ZHE;|Q^QXD6t/ZG_size","control_stop","motion_setx","motion_sety","operator_subtract","looks_setsizeto","W`C9+ZHE;|Q^QXD6t/ZG_sound_play","looks_seteffectto","sound_seteffectto","sound_setvolumeto","sensing_setdragmode","looks_sayforsecs","sound_stopallsounds","W`C9+ZHE;|Q^QXD6t/ZG_switchcostumeto","motion_setrotationstyle","looks_switchbackdropto","looks_switchbackdropto","looks_switchbackdroptoandwait"],"suggestion":["control_start_as_clone","motion_gotoxy","motion_glidesecstoxy","motion_changexby","event_whenthisspriteclicked","event_broadcast","event_broadcastandwait","sensing_coloristouchingcolor","sensing_distanceto","askandwait"]}}
​ ## SEARCH {"tags":[],"results":{"autocomplete":["W`C9+ZHE;|Q^QXD6t/ZG_size"],"suggestion":["control_if","control_if_else"]}}
​ ## SEARCH {"tags":[],"results":{"autocomplete":["W`C9+ZHE;|Q^QXD6t/ZG_size"],"suggestion":["looks_setsizeto","looks_changesizeby","sensing_coloristouchingcolor"]}}
​ ## SEARCH {"tags":[],"results":{"autocomplete":["W`C9+ZHE;|Q^QXD6t/ZG_size"],"suggestion":["looks_changesizeby","looks_setsizeto"]}}
​ ## {"id":"looks_setsizeto","time":1650210031213}
​ ## {"id":"looks_setsizeto","time":1650210035820}
​ ## SEARCH {"tags":[],"results":{"autocomplete":["/{L!/@~TvVm}GuukdqO)_size"],"suggestion":["looks_changesizeby","looks_setsizeto"]}}
​ ## SEARCH {"tags":[],"results":{"autocomplete":["(CBwD%pQF2BIso^r,a+f_size"],"suggestion":["looks_changesizeby","looks_setsizeto"]}}
​ ## {"id":"4-LeuUm-lxuPq_E[)r,j","time":1650210099105}
​ Trying to cancel a gesture recursively.
​ ## SEARCH {"tags":[],"results":{"autocomplete":["wait_until","control_wait","event_whenbroadcastreceived","event_whenkeypressed","event_whenflagclicked","event_whengreaterthan","event_whenstageclicked","control_start_as_clone","event_whenthisspriteclicked","event_whenbackdropswitchesto"],"suggestion":["motion_gotoxy","motion_glidesecstoxy","motion_changexby"]}}
​ ## SEARCH {"tags":[],"results":{"autocomplete":["event_whenbroadcastreceived","event_whenkeypressed","event_whenflagclicked","event_whengreaterthan","event_whenstageclicked","control_start_as_clone","event_whenthisspriteclicked","event_whenbackdropswitchesto"],"suggestion":[]}}
​ ## SEARCH {"tags":[],"results":{"autocomplete":["event_whenbroadcastreceived","event_whenkeypressed","event_whenflagclicked","event_whengreaterthan","event_whenstageclicked","control_start_as_clone","event_whenthisspriteclicked","event_whenbackdropswitchesto"],"suggestion":[]}}
​ ## {"id":"event_whenflagclicked","time":1650210104024}
​ ## SEARCH {"tags":[],"results":{"autocomplete":["operator_round","control_repeat","sensing_resettimer","repeat_until"],"suggestion":["looks_sayforsecs","looks_thinkforsecs","forever"]}}
​ ## SEARCH {"tags":[],"results":{"autocomplete":["operator_round","control_repeat","sensing_resettimer","repeat_until"],"suggestion":["looks_sayforsecs","looks_thinkforsecs","forever"]}}
​ ## CLEARED SEARCH
​ ## SEARCH {"tags":[],"results":{"autocomplete":["forever"],"suggestion":["motion_gotoxy","motion_glidesecstoxy","motion_changexby","motion_ifonedgebounce","control_if","control_if_else","control_create_clone_of","of","operator_letter_of","operator_length"]}}
​ ## SEARCH {"tags":[],"results":{"autocomplete":["forever"],"suggestion":["motion_goto","motion_gotoxy","looks_gotofrontback"]}}
​ ## SEARCH {"tags":[],"results":{"autocomplete":["forever"],"suggestion":["looks_sayforsecs","looks_thinkforsecs"]}}
​ ## SEARCH {"tags":[],"results":{"autocomplete":["forever"],"suggestion":["looks_sayforsecs","looks_thinkforsecs"]}}
​ ## {"id":"forever","time":1650210108498}
​ ## {"id":"data_setvariableto","time":1650210160104}
​ ## SEARCH {"tags":[],"results":{"autocomplete":["(CBwD%pQF2BIso^r,a+f_xposition"],"suggestion":["motion_gotoxy","motion_glidesecstoxy","motion_changexby"]}}
​ ## {"id":"(CBwD%pQF2BIso^r,a+f_xposition","time":1650210165376}
​ ## SEARCH {"tags":[],"results":{"autocomplete":["/{L!/@~TvVm}GuukdqO)_xposition"],"suggestion":["motion_gotoxy","motion_glidesecstoxy","motion_changexby"]}}
​ ## SEARCH {"tags":[],"results":{"autocomplete":["looks_say","looks_show","/{L!/@~TvVm}GuukdqO)_size","control_stop","motion_setx","motion_sety","operator_subtract","looks_setsizeto","/{L!/@~TvVm}GuukdqO)_sound_play","looks_seteffectto","sound_seteffectto","sound_setvolumeto","sensing_setdragmode","looks_sayforsecs","sound_stopallsounds","/{L!/@~TvVm}GuukdqO)_switchcostumeto","motion_setrotationstyle","looks_switchbackdropto","looks_switchbackdropto","looks_switchbackdroptoandwait"],"suggestion":["control_start_as_clone","motion_gotoxy","motion_glidesecstoxy","motion_changexby","event_whenthisspriteclicked","event_broadcast","event_broadcastandwait","sensing_coloristouchingcolor","sensing_distanceto","askandwait"]}}
​ ## SEARCH {"tags":[],"results":{"autocomplete":["operator_subtract"],"suggestion":["control_if","control_if_else"]}}
​ ## SEARCH {"tags":[],"results":{"autocomplete":["operator_subtract"],"suggestion":["motion_setx","motion_sety","motion_setrotationstyle","looks_sayforsecs","looks_say","looks_setsizeto","looks_seteffectto","sound_seteffectto","sound_setvolumeto","sensing_setdragmode","sensing_resettimer"]}}
​ ## {"id":"operator_subtract","time":1650210176585}
​ ## SEARCH {"tags":[],"results":{"autocomplete":["operator_subtract"],"suggestion":["control_if","control_if_else"]}}
​ ## SEARCH {"tags":[],"results":{"autocomplete":["operator_subtract"],"suggestion":["control_if","control_if_else"]}}
search-algorithms.js:338 ## SEARCH {"tags":[],"results":{"autocomplete":["operator_subtract"],"suggestion":["control_if","control_if_else"]}}
blockly_compressed_vertical.js:2037 ## {"id":"operator_subtract","time":1650210279331}
search-algorithms.js:338 ## SEARCH {"tags":[],"results":{"autocomplete":["/{L!/@~TvVm}GuukdqO)_xposition"],"suggestion":["motion_gotoxy","motion_glidesecstoxy","motion_changexby"]}}
blockly_compressed_vertical.js:2037 ## {"id":"/{L!/@~TvVm}GuukdqO)_xposition","time":1650210283173}
blockly_compressed_vertical.js:2037 ## {"id":"FY`r4+YP:+7NbY9C!6x~","time":1650210286467}
search-algorithms.js:338 ## SEARCH {"tags":[],"results":{"autocomplete":["nIKM,+nqW3)I0JpS~E^a_xposition"],"suggestion":["motion_gotoxy","motion_glidesecstoxy","motion_changexby"]}}
search-algorithms.js:338 ## SEARCH {"tags":[],"results":{"autocomplete":["wait_until","control_wait","event_whenbroadcastreceived","event_whenkeypressed","event_whenflagclicked","event_whengreaterthan","event_whenstageclicked","control_start_as_clone","event_whenthisspriteclicked","event_whenbackdropswitchesto"],"suggestion":["motion_gotoxy","motion_glidesecstoxy","motion_changexby"]}}
search-algorithms.js:338 ## SEARCH {"tags":[],"results":{"autocomplete":["event_whenbroadcastreceived","event_whenkeypressed","event_whenflagclicked","event_whengreaterthan","event_whenstageclicked","control_start_as_clone","event_whenthisspriteclicked","event_whenbackdropswitchesto"],"suggestion":[]}}
search-algorithms.js:338 ## SEARCH {"tags":[],"results":{"autocomplete":["event_whenbroadcastreceived","event_whenkeypressed","event_whenflagclicked","event_whengreaterthan","event_whenstageclicked","control_start_as_clone","event_whenthisspriteclicked","event_whenbackdropswitchesto"],"suggestion":[]}}
blockly_compressed_vertical.js:2037 ## {"id":"event_whenflagclicked","time":1650210316086}
blockly_compressed_vertical.js:2037 ## {"id":"data_setvariableto","time":1650210319246}
search-algorithms.js:338 ## SEARCH {"tags":[],"results":{"autocomplete":["nIKM,+nqW3)I0JpS~E^a_costumenumbername","current","operator_contains","motion_changexby","motion_changeyby","looks_changesizeby","control_create_clone_of","looks_changeeffectby","sound_changeeffectby","sound_changevolumeby","sound_cleareffects","looks_cleargraphiceffects","sensing_coloristouchingcolor"],"suggestion":["motion_gotoxy","motion_glidesecstoxy"]}}
search-algorithms.js:338 ## SEARCH {"tags":[],"results":{"autocomplete":[],"suggestion":["motion_goto","motion_gotoxy","looks_gotofrontback","sound_stopallsounds","control_start_as_clone","control_create_clone_of","control_delete_this_clone","sensing_touchingcolor","sensing_coloristouchingcolor"]}}
search-algorithms.js:338 ## SEARCH {"tags":[],"results":{"autocomplete":[],"suggestion":["control_start_as_clone","control_create_clone_of","control_delete_this_clone"]}}
search-algorithms.js:338 ## SEARCH {"tags":[],"results":{"autocomplete":[],"suggestion":["control_start_as_clone","control_create_clone_of","control_delete_this_clone"]}}
blockly_compressed_vertical.js:2037 ## {"id":"control_delete_this_clone","time":1650210333980}
search-algorithms.js:338 ## SEARCH {"tags":[],"results":{"autocomplete":["wait_until","control_wait","event_whenbroadcastreceived","event_whenkeypressed","event_whenflagclicked","event_whengreaterthan","event_whenstageclicked","control_start_as_clone","event_whenthisspriteclicked","event_whenbackdropswitchesto"],"suggestion":["motion_gotoxy","motion_glidesecstoxy","motion_changexby"]}}
search-algorithms.js:338 ## SEARCH {"tags":[],"results":{"autocomplete":["event_whenbroadcastreceived","event_whenkeypressed","event_whenflagclicked","event_whengreaterthan","event_whenstageclicked","control_start_as_clone","event_whenthisspriteclicked","event_whenbackdropswitchesto"],"suggestion":[]}}
blockly_compressed_vertical.js:2037 ## {"id":"event_whenflagclicked","time":1650210337905}
search-algorithms.js:338 ## SEARCH {"tags":[],"results":{"autocomplete":["event_whenbroadcastreceived","event_whenkeypressed","event_whenflagclicked","event_whengreaterthan","event_whenstageclicked","control_start_as_clone","event_whenthisspriteclicked","event_whenbackdropswitchesto"],"suggestion":[]}}
search-algorithms.js:338 ## SEARCH {"tags":[],"results":{"autocomplete":["motion_pointtowards","operator_random","motion_pointindirection","/{L!/@~TvVm}GuukdqO)_sound_playuntildone"],"suggestion":["motion_gotoxy","motion_glidesecstoxy","motion_changexby"]}}
search-algorithms.js:338 ## SEARCH {"tags":[],"results":{"autocomplete":["motion_pointtowards","motion_pointindirection"],"suggestion":["motion_goto","motion_gotoxy","looks_gotofrontback","/{L!/@~TvVm}GuukdqO)_sound_play","control_start_as_clone"]}}
search-algorithms.js:338 ## SEARCH {"tags":[],"results":{"autocomplete":["motion_pointtowards","motion_pointindirection"],"suggestion":["looks_sayforsecs","looks_thinkforsecs","motion_goto","motion_gotoxy","looks_gotofrontback","forever","control_start_as_clone","control_create_clone_of","sensing_touchingcolor","sensing_coloristouchingcolor"]}}
search-algorithms.js:338 ## SEARCH {"tags":[],"results":{"autocomplete":["motion_pointtowards","motion_pointindirection"],"suggestion":["operator_join"]}}
search-algorithms.js:338 ## SEARCH {"tags":[],"results":{"autocomplete":["motion_pointtowards","motion_pointindirection"],"suggestion":["event_whenkeypressed","sensing_keypressed","operator_join"]}}
search-algorithms.js:338 ## SEARCH {"tags":[],"results":{"autocomplete":["motion_pointtowards","motion_pointindirection"],"suggestion":["operator_join"]}}
search-algorithms.js:338 ## SEARCH {"tags":[],"results":{"autocomplete":["motion_pointtowards","motion_pointindirection"],"suggestion":["looks_sayforsecs","looks_thinkforsecs","motion_goto","motion_gotoxy","looks_gotofrontback","forever","control_start_as_clone","control_create_clone_of","sensing_touchingcolor","sensing_coloristouchingcolor"]}}
search-algorithms.js:338 ## SEARCH {"tags":[],"results":{"autocomplete":["motion_pointtowards","motion_pointindirection"],"suggestion":["motion_goto","motion_gotoxy","looks_gotofrontback","/{L!/@~TvVm}GuukdqO)_sound_play","control_start_as_clone"]}}
search-algorithms.js:338 ## SEARCH {"tags":[],"results":{"autocomplete":["motion_pointtowards","operator_random","motion_pointindirection","/{L!/@~TvVm}GuukdqO)_sound_playuntildone"],"suggestion":["motion_gotoxy","motion_glidesecstoxy","motion_changexby"]}}
search-algorithms.js:293 ## CLEARED SEARCH
search-algorithms.js:338 ## SEARCH {"tags":[],"results":{"autocomplete":["control_if","control_if_else","motion_ifonedgebounce"],"suggestion":["motion_gotoxy","motion_glidesecstoxy","motion_changexby","sensing_coloristouchingcolor","sensing_dayssince2000"]}}
search-algorithms.js:338 ## SEARCH {"tags":[],"results":{"autocomplete":["control_if","control_if_else","motion_ifonedgebounce"],"suggestion":[]}}
blockly_compressed_vertical.js:2037 ## {"id":"control_if","time":1650210371168}
blockly_compressed_vertical.js:861 Trying to cancel a gesture recursively.
search-algorithms.js:338 ## SEARCH {"tags":[],"results":{"autocomplete":["motion_pointtowards","operator_random","motion_pointindirection","/{L!/@~TvVm}GuukdqO)_sound_playuntildone"],"suggestion":["motion_gotoxy","motion_glidesecstoxy","motion_changexby"]}}
search-algorithms.js:338 ## SEARCH {"tags":[],"results":{"autocomplete":["motion_pointtowards","motion_pointindirection"],"suggestion":["motion_goto","motion_gotoxy","looks_gotofrontback","/{L!/@~TvVm}GuukdqO)_sound_play","control_start_as_clone"]}}
search-algorithms.js:338 ## SEARCH {"tags":[],"results":{"autocomplete":["motion_pointtowards","motion_pointindirection"],"suggestion":["looks_sayforsecs","looks_thinkforsecs","motion_goto","motion_gotoxy","looks_gotofrontback","forever","control_start_as_clone","control_create_clone_of","sensing_touchingcolor","sensing_coloristouchingcolor"]}}
search-algorithms.js:338 ## SEARCH {"tags":[],"results":{"autocomplete":["motion_pointtowards","motion_pointindirection"],"suggestion":["operator_join"]}}
search-algorithms.js:338 ## SEARCH {"tags":[],"results":{"autocomplete":["motion_pointtowards","motion_pointindirection"],"suggestion":["event_whenkeypressed","sensing_keypressed","operator_join"]}}
blockly_compressed_vertical.js:2037 ## {"id":"motion_pointindirection","time":1650210388979}
search-algorithms.js:338 ## SEARCH {"tags":[],"results":{"autocomplete":["looks_say","looks_show","/{L!/@~TvVm}GuukdqO)_size","control_stop","motion_setx","motion_sety","operator_subtract","looks_setsizeto","/{L!/@~TvVm}GuukdqO)_sound_play","looks_seteffectto","sound_seteffectto","sound_setvolumeto","sensing_setdragmode","looks_sayforsecs","sound_stopallsounds","/{L!/@~TvVm}GuukdqO)_switchcostumeto","motion_setrotationstyle","looks_switchbackdropto","looks_switchbackdropto","looks_switchbackdroptoandwait"],"suggestion":["control_start_as_clone","motion_gotoxy","motion_glidesecstoxy","motion_changexby","event_whenthisspriteclicked","event_broadcast","event_broadcastandwait","sensing_coloristouchingcolor","sensing_distanceto","askandwait"]}}
search-algorithms.js:338 ## SEARCH {"tags":[],"results":{"autocomplete":["operator_subtract"],"suggestion":["control_if","control_if_else"]}}
search-algorithms.js:338 ## SEARCH {"tags":[],"results":{"autocomplete":["operator_subtract"],"suggestion":["motion_setx","motion_sety","motion_setrotationstyle","looks_sayforsecs","looks_say","looks_setsizeto","looks_seteffectto","sound_seteffectto","sound_setvolumeto","sensing_setdragmode","sensing_resettimer"]}}
blockly_compressed_vertical.js:2037 ## {"id":"operator_subtract","time":1650210394618}
search-algorithms.js:338 ## SEARCH {"tags":[],"results":{"autocomplete":["operator_divide","/{L!/@~TvVm}GuukdqO)_direction","sensing_distanceto","control_delete_this_clone","sensing_dayssince2000"],"suggestion":["motion_gotoxy","motion_glidesecstoxy","motion_changexby"]}}
search-algorithms.js:338 ## SEARCH {"tags":[],"results":{"autocomplete":["/{L!/@~TvVm}GuukdqO)_direction"],"suggestion":["looks_thinkforsecs","sensing_coloristouchingcolor","looks_sayforsecs","forever","sensing_touchingcolor"]}}
search-algorithms.js:338 ## SEARCH {"tags":[],"results":{"autocomplete":["/{L!/@~TvVm}GuukdqO)_direction"],"suggestion":["looks_changesizeby","looks_setsizeto","looks_hide","/{L!/@~TvVm}GuukdqO)_size","/{L!/@~TvVm}GuukdqO)_sound_playuntildone"]}}
blockly_compressed_vertical.js:2037 ## {"id":"/{L!/@~TvVm}GuukdqO)_direction","time":1650210399490}
search-algorithms.js:338 ## SEARCH {"tags":[],"results":{"autocomplete":["(CBwD%pQF2BIso^r,a+f_direction"],"suggestion":["looks_changesizeby","looks_setsizeto","looks_hide","(CBwD%pQF2BIso^r,a+f_size","(CBwD%pQF2BIso^r,a+f_sound_playuntildone"]}}
search-algorithms.js:338 ## SEARCH {"tags":[],"results":{"autocomplete":["W`C9+ZHE;|Q^QXD6t/ZG_direction"],"suggestion":["looks_changesizeby","looks_setsizeto","looks_hide","W`C9+ZHE;|Q^QXD6t/ZG_size","W`C9+ZHE;|Q^QXD6t/ZG_sound_playuntildone"]}}
search-algorithms.js:338 ## SEARCH {"tags":[],"results":{"autocomplete":["/{L!/@~TvVm}GuukdqO)_direction"],"suggestion":["looks_changesizeby","looks_setsizeto","looks_hide","/{L!/@~TvVm}GuukdqO)_size","/{L!/@~TvVm}GuukdqO)_sound_playuntildone"]}}
search-algorithms.js:338 ## SEARCH {"tags":[],"results":{"autocomplete":["W`C9+ZHE;|Q^QXD6t/ZG_direction"],"suggestion":["looks_changesizeby","looks_setsizeto","looks_hide","W`C9+ZHE;|Q^QXD6t/ZG_size","W`C9+ZHE;|Q^QXD6t/ZG_sound_playuntildone"]}}
search-algorithms.js:338 ## SEARCH {"tags":[],"results":{"autocomplete":["W`C9+ZHE;|Q^QXD6t/ZG_costumenumbername","current","operator_contains","motion_changexby","motion_changeyby","looks_changesizeby","control_create_clone_of","looks_changeeffectby","sound_changeeffectby","sound_changevolumeby","sound_cleareffects","looks_cleargraphiceffects","sensing_coloristouchingcolor"],"suggestion":["motion_gotoxy","motion_glidesecstoxy"]}}
search-algorithms.js:338 ## SEARCH {"tags":[],"results":{"autocomplete":["W`C9+ZHE;|Q^QXD6t/ZG_costumenumbername","operator_contains","sensing_coloristouchingcolor"],"suggestion":["motion_goto","motion_gotoxy","looks_gotofrontback"]}}
search-algorithms.js:338 ## SEARCH {"tags":[],"results":{"autocomplete":["W`C9+ZHE;|Q^QXD6t/ZG_costumenumbername"],"suggestion":["looks_sayforsecs","looks_thinkforsecs","sensing_coloristouchingcolor"]}}
search-algorithms.js:338 ## SEARCH {"tags":[],"results":{"autocomplete":["W`C9+ZHE;|Q^QXD6t/ZG_costumenumbername"],"suggestion":["W`C9+ZHE;|Q^QXD6t/ZG_xposition","W`C9+ZHE;|Q^QXD6t/ZG_yposition","operator_not"]}}
search-algorithms.js:338 ## SEARCH {"tags":[],"results":{"autocomplete":["W`C9+ZHE;|Q^QXD6t/ZG_costumenumbername"],"suggestion":["W`C9+ZHE;|Q^QXD6t/ZG_switchcostumeto","looks_nextcostume"]}}
search-algorithms.js:338 ## SEARCH {"tags":[],"results":{"autocomplete":["W`C9+ZHE;|Q^QXD6t/ZG_costumenumbername"],"suggestion":["W`C9+ZHE;|Q^QXD6t/ZG_switchcostumeto","looks_nextcostume"]}}
search-algorithms.js:338 ## SEARCH {"tags":[],"results":{"autocomplete":["W`C9+ZHE;|Q^QXD6t/ZG_costumenumbername"],"suggestion":["W`C9+ZHE;|Q^QXD6t/ZG_switchcostumeto","looks_nextcostume"]}}
blockly_compressed_vertical.js:2037 ## {"id":"W`C9+ZHE;|Q^QXD6t/ZG_switchcostumeto","time":1650210440718}
search-algorithms.js:338 ## SEARCH {"tags":[],"results":{"autocomplete":["operator_divide","W`C9+ZHE;|Q^QXD6t/ZG_direction","sensing_distanceto","control_delete_this_clone","sensing_dayssince2000"],"suggestion":["motion_gotoxy","motion_glidesecstoxy","motion_changexby"]}}
search-algorithms.js:338 ## SEARCH {"tags":[],"results":{"autocomplete":["sensing_distanceto"],"suggestion":["event_whenthisspriteclicked","sensing_coloristouchingcolor","sensing_dayssince2000"]}}
search-algorithms.js:338 ## SEARCH {"tags":[],"results":{"autocomplete":[],"suggestion":["event_whenthisspriteclicked","sensing_coloristouchingcolor","sensing_distanceto"]}}
search-algorithms.js:338 ## SEARCH {"tags":[],"results":{"autocomplete":[],"suggestion":["event_whenthisspriteclicked","sensing_coloristouchingcolor","sensing_distanceto"]}}
search-algorithms.js:338 ## SEARCH {"tags":[],"results":{"autocomplete":["sensing_distanceto"],"suggestion":["event_whenthisspriteclicked","sensing_coloristouchingcolor","sensing_dayssince2000"]}}
search-algorithms.js:338 ## SEARCH {"tags":[],"results":{"autocomplete":["operator_divide","W`C9+ZHE;|Q^QXD6t/ZG_direction","sensing_distanceto","control_delete_this_clone","sensing_dayssince2000"],"suggestion":["motion_gotoxy","motion_glidesecstoxy","motion_changexby"]}}
search-algorithms.js:293 ## CLEARED SEARCH
search-algorithms.js:338 ## SEARCH {"tags":[],"results":{"autocomplete":["motion_goto","looks_goforwardbackwardlayers","motion_gotoxy","looks_gotofrontback","operator_gt","motion_glideto","motion_glidesecstoxy"],"suggestion":["motion_changexby"]}}
search-algorithms.js:338 ## SEARCH {"tags":[],"results":{"autocomplete":["motion_goto","looks_goforwardbackwardlayers","motion_gotoxy","looks_gotofrontback"],"suggestion":[]}}
search-algorithms.js:338 ## SEARCH {"tags":[],"results":{"autocomplete":["motion_goto","looks_goforwardbackwardlayers","motion_gotoxy","looks_gotofrontback"],"suggestion":["motion_glidesecstoxy"]}}
search-algorithms.js:338 ## SEARCH {"tags":[],"results":{"autocomplete":["motion_goto","motion_gotoxy","looks_gotofrontback"],"suggestion":[]}}
search-algorithms.js:338 ## SEARCH {"tags":[],"results":{"autocomplete":["motion_goto","motion_gotoxy","looks_gotofrontback"],"suggestion":[]}}
blockly_compressed_vertical.js:2037 ## {"id":"motion_goto","time":1650210460260}
blockly_compressed_vertical.js:861 Trying to cancel a gesture recursively.
blockly_compressed_vertical.js:2037 ## {"id":"motion_gotoxy","time":1650210467245}
search-algorithms.js:338 ## SEARCH {"tags":[],"results":{"autocomplete":["operator_round","control_repeat","sensing_resettimer","repeat_until"],"suggestion":["looks_sayforsecs","looks_thinkforsecs","forever"]}}
search-algorithms.js:338 ## SEARCH {"tags":[],"results":{"autocomplete":[],"suggestion":["motion_pointindirection","looks_sayforsecs","looks_thinkforsecs","W`C9+ZHE;|Q^QXD6t/ZG_sound_playuntildone","event_broadcastandwait","control_start_as_clone","askandwait","operator_contains"]}}
search-algorithms.js:338 ## SEARCH {"tags":[],"results":{"autocomplete":[],"suggestion":["operator_random","looks_switchbackdroptoandwait","event_broadcastandwait","askandwait","operator_and"]}}
blockly_compressed_vertical.js:2037 ## {"id":"operator_random","time":1650210471386}
blockly_compressed_vertical.js:2037 ## {"id":"operator_random","time":1650210502619}
search-algorithms.js:338 ## SEARCH {"tags":[],"results":{"autocomplete":[],"suggestion":["operator_random","looks_switchbackdroptoandwait","event_broadcastandwait","askandwait","operator_and"]}}
search-algorithms.js:338 ## SEARCH {"tags":[],"results":{"autocomplete":["operator_mod","sensing_mousex","sensing_mousey","operator_multiply","motion_movesteps","sensing_mousedown","operator_mathop"],"suggestion":["motion_gotoxy","motion_glidesecstoxy","motion_changexby"]}}
search-algorithms.js:338 ## SEARCH {"tags":[],"results":{"autocomplete":["operator_mod","sensing_mousex","sensing_mousey","motion_movesteps","sensing_mousedown"],"suggestion":["motion_goto","motion_gotoxy","looks_gotofrontback"]}}
blockly_compressed_vertical.js:2037 ## {"id":"motion_movesteps","time":1650210646461}
blockly_compressed_vertical.js:2037 ## {"id":"motion_movesteps","time":1650210648024}
