## CLEARED SEARCH search-algorithms.js:338
## CLEARED SEARCH search-algorithms.js:338
## SEARCH {"tags":["#loop"],"results":{"tag":["control_repeat","forever","repeat_until"]}} search-algorithms.js:357
## {"id":"repeat_until","time":1651487428502} blockly_compressed_vertical.js:2037
## {"id":"data_setvariableto","time":1651487430300} blockly_compressed_vertical.js:2037
## {"id":"data_setvariableto","time":1651487432071} blockly_compressed_vertical.js:2037
## {"id":"data_setvariableto","time":1651487441830} blockly_compressed_vertical.js:2037
## {"id":"data_setvariableto","time":1651487443958} blockly_compressed_vertical.js:2037
## {"id":"]Ah?B;%Y[aSb1,|lKa(m","time":1651487446805} blockly_compressed_vertical.js:2037
## CLEARED SEARCH search-algorithms.js:338
## SEARCH {"tags":[],"results":{"autocomplete":["backdropnumbername","event_broadcast","event_broadcastandwait"],"suggestion":["motion_changexby","motion_gotoxy","motion_glidesecstoxy","motion_changeyby","looks_changesizeby","looks_changeeffectby","sound_changeeffectby","sound_changevolumeby"]}} search-algorithms.js:383
## SEARCH {"tags":[],"results":{"autocomplete":[],"suggestion":["motion_goto","motion_gotoxy","looks_gotofrontback"]}} search-algorithms.js:383
## SEARCH {"tags":[],"results":{"autocomplete":[],"suggestion":["looks_sayforsecs","looks_thinkforsecs","motion_goto","motion_gotoxy","looks_gotofrontback","forever","control_create_clone_of","sensing_touchingcolor","sensing_coloristouchingcolor"]}} search-algorithms.js:383
## SEARCH {"tags":["#boolean"],"results":{"tag":["sensing_touchingobject","sensing_touchingcolor","sensing_coloristouchingcolor","sensing_keypressed","sensing_mousedown","operator_lt","operator_equals","operator_and","operator_or","operator_not"]}} search-algorithms.js:357
## {"id":"operator_lt","time":1651487456164} blockly_compressed_vertical.js:2037
## {"id":"]Ah?B;%Y[aSb1,|lKa(m","time":1651487458859} blockly_compressed_vertical.js:2037
## {"id":"data_setvariableto","time":1651487465467} blockly_compressed_vertical.js:2037
## {"id":"data_changevariableby","time":1651487467564} blockly_compressed_vertical.js:2037
## CLEARED SEARCH search-algorithms.js:338
## SEARCH {"tags":[],"results":{"autocomplete":["looks_think","timer","motion_turnleft","motion_turnright","sensing_touchingcolor","sensing_touchingobject","looks_thinkforsecs"],"suggestion":["motion_gotoxy","motion_glidesecstoxy","motion_setx","motion_sety"]}} search-algorithms.js:383
## SEARCH {"tags":[],"results":{"autocomplete":["timer"],"suggestion":["motion_pointtowards","motion_goto","motion_gotoxy","motion_glideto","motion_glidesecstoxy","motion_pointindirection","motion_setx","motion_sety","looks_switchbackdropto","looks_switchbackdroptoandwait","I^E`FCT.#n3|-Y)fxb;9_switchcostumeto","looks_switchbackdropto","looks_setsizeto","looks_seteffectto","looks_gotofrontback","sound_stopallsounds","sound_seteffectto","sound_setvolumeto","event_whenbackdropswitchesto","control_stop","sensing_touchingobject","sensing_touchingcolor","sensing_coloristouchingcolor","sensing_distanceto","operator_random"]}} search-algorithms.js:383
## SEARCH {"tags":[],"results":{"autocomplete":[],"suggestion":["motion_pointtowards","sensing_coloristouchingcolor","motion_pointindirection","looks_setsizeto","event_whenthisspriteclicked","control_if","control_if_else","sensing_touchingobject","sensing_touchingcolor","sensing_distanceto"]}} search-algorithms.js:383
## SEARCH {"tags":[],"results":{"autocomplete":[],"suggestion":["control_if","control_if_else","timer","sensing_resettimer"]}} search-algorithms.js:383
## SEARCH {"tags":[],"results":{"autocomplete":[],"suggestion":["motion_pointtowards","sensing_coloristouchingcolor","motion_pointindirection","looks_setsizeto","event_whenthisspriteclicked","control_if","control_if_else","sensing_touchingobject","sensing_touchingcolor","sensing_distanceto"]}} search-algorithms.js:383
## SEARCH {"tags":[],"results":{"autocomplete":["timer"],"suggestion":["motion_pointtowards","motion_goto","motion_gotoxy","motion_glideto","motion_glidesecstoxy","motion_pointindirection","motion_setx","motion_sety","looks_switchbackdropto","looks_switchbackdroptoandwait","I^E`FCT.#n3|-Y)fxb;9_switchcostumeto","looks_switchbackdropto","looks_setsizeto","looks_seteffectto","looks_gotofrontback","sound_stopallsounds","sound_seteffectto","sound_setvolumeto","event_whenbackdropswitchesto","control_stop","sensing_touchingobject","sensing_touchingcolor","sensing_coloristouchingcolor","sensing_distanceto","operator_random"]}} search-algorithms.js:383
## SEARCH {"tags":[],"results":{"autocomplete":["timer"],"suggestion":["motion_pointtowards","sensing_touchingobject","sensing_coloristouchingcolor"]}} search-algorithms.js:383
## SEARCH {"tags":[],"results":{"autocomplete":["timer"],"suggestion":["sensing_resettimer","looks_changesizeby","looks_setsizeto","looks_hide","I^E`FCT.#n3|-Y)fxb;9_size"]}} search-algorithms.js:383
## SEARCH {"tags":[],"results":{"autocomplete":[],"suggestion":["timer","sensing_resettimer"]}} search-algorithms.js:383
## SEARCH {"tags":[],"results":{"autocomplete":["timer"],"suggestion":["sensing_resettimer","looks_changesizeby","looks_setsizeto","looks_hide","I^E`FCT.#n3|-Y)fxb;9_size"]}} search-algorithms.js:383
## SEARCH {"tags":[],"results":{"autocomplete":["timer"],"suggestion":["motion_pointtowards","sensing_touchingobject","sensing_coloristouchingcolor"]}} search-algorithms.js:383
## SEARCH {"tags":[],"results":{"autocomplete":["timer"],"suggestion":["motion_pointtowards","motion_goto","motion_gotoxy","motion_glideto","motion_glidesecstoxy","motion_pointindirection","motion_setx","motion_sety","looks_switchbackdropto","looks_switchbackdroptoandwait","I^E`FCT.#n3|-Y)fxb;9_switchcostumeto","looks_switchbackdropto","looks_setsizeto","looks_seteffectto","looks_gotofrontback","sound_stopallsounds","sound_seteffectto","sound_setvolumeto","event_whenbackdropswitchesto","control_stop","sensing_touchingobject","sensing_touchingcolor","sensing_coloristouchingcolor","sensing_distanceto","operator_random"]}} search-algorithms.js:383
## SEARCH {"tags":[],"results":{"autocomplete":["looks_think","timer","motion_turnleft","motion_turnright","sensing_touchingcolor","sensing_touchingobject","looks_thinkforsecs"],"suggestion":["motion_gotoxy","motion_glidesecstoxy","motion_setx","motion_sety"]}} search-algorithms.js:383
## CLEARED SEARCH search-algorithms.js:338
## SEARCH {"tags":["#operator"],"results":{"tag":["operator_add","operator_subtract","operator_multiply","operator_divide","operator_random","operator_gt","operator_lt","operator_equals","operator_and","operator_or","operator_not","operator_join","operator_letter_of","operator_length","operator_contains","operator_mod","operator_round","operator_mathop"]}} search-algorithms.js:357
## {"id":"operator_multiply","time":1651487488116} blockly_compressed_vertical.js:2037
## {"id":"]Ah?B;%Y[aSb1,|lKa(m","time":1651487490076} blockly_compressed_vertical.js:2037
## {"id":"c1}#AIyAE0MCw/4AT4zO","time":1651487497219} blockly_compressed_vertical.js:2037
## CLEARED SEARCH search-algorithms.js:338
## SEARCH {"tags":[],"results":{"autocomplete":["motion_pointtowards","operator_random","motion_pointindirection","I^E`FCT.#n3|-Y)fxb;9_sound_playuntildone"],"suggestion":["motion_gotoxy","motion_glidesecstoxy","motion_changexby"]}} search-algorithms.js:383
## SEARCH {"tags":[],"results":{"autocomplete":[],"suggestion":["looks_sayforsecs","looks_thinkforsecs","forever","sensing_touchingcolor","sensing_coloristouchingcolor","operator_or"]}} search-algorithms.js:383
## {"id":"looks_sayforsecs","time":1651487502948} blockly_compressed_vertical.js:2037
## {"id":"]Ah?B;%Y[aSb1,|lKa(m","time":1651487505243} blockly_compressed_vertical.js:2037
Trying to cancel a gesture recursively. blockly_compressed_vertical.js:861
## {"id":"c1}#AIyAE0MCw/4AT4zO","time":1651487507660} blockly_compressed_vertical.js:2037
## CLEARED SEARCH search-algorithms.js:338
## SEARCH {"tags":["#start"],"results":{"tag":["event_whenflagclicked","event_whenkeypressed","event_whenstageclicked","event_whenthisspriteclicked","event_whenbackdropswitchesto","event_whengreaterthan","event_whenbroadcastreceived","event_broadcastandwait","control_start_as_clone"]}} search-algorithms.js:357
## {"id":"event_whenflagclicked","time":1651487515191} blockly_compressed_vertical.js:2037
Trying to cancel a gesture recursively. blockly_compressed_vertical.js:861
## {"id":"event_whenflagclicked","time":1651487525083} blockly_compressed_vertical.js:2037
## CLEARED SEARCH search-algorithms.js:338
## SEARCH {"tags":[],"results":{"autocomplete":["looks_hide"],"suggestion":["motion_gotoxy","motion_glidesecstoxy","motion_changexby"]}} search-algorithms.js:383
## SEARCH {"tags":[],"results":{"autocomplete":[],"suggestion":["looks_hide"]}} search-algorithms.js:383
## SEARCH {"tags":[],"results":{"autocomplete":[],"suggestion":["event_whenflagclicked","event_whenkeypressed","event_whenstageclicked","event_whenthisspriteclicked","event_whenbackdropswitchesto","event_whengreaterthan","event_whenbroadcastreceived","control_if","control_if_else","control_start_as_clone"]}} search-algorithms.js:383
## SEARCH {"tags":[],"results":{"autocomplete":[],"suggestion":["looks_hide"]}} search-algorithms.js:383
## SEARCH {"tags":[],"results":{"autocomplete":["looks_hide"],"suggestion":["motion_gotoxy","motion_glidesecstoxy","motion_changexby"]}} search-algorithms.js:383
## CLEARED SEARCH search-algorithms.js:338
## SEARCH {"tags":[],"results":{"autocomplete":["wait_until","control_wait","event_whenbroadcastreceived","event_whenkeypressed","event_whenflagclicked","event_whengreaterthan","event_whenstageclicked","control_start_as_clone","event_whenthisspriteclicked","event_whenbackdropswitchesto"],"suggestion":["motion_gotoxy","motion_glidesecstoxy","motion_changexby"]}} search-algorithms.js:383
## SEARCH {"tags":[],"results":{"autocomplete":[],"suggestion":["event_whenkeypressed","control_start_as_clone","motion_pointindirection","motion_setrotationstyle","looks_thinkforsecs","event_whenflagclicked","event_whenstageclicked","event_whenthisspriteclicked","event_whenbackdropswitchesto","event_whengreaterthan","event_whenbroadcastreceived","operator_contains"]}} search-algorithms.js:383
## {"id":"event_whenkeypressed","time":1651487533754} blockly_compressed_vertical.js:2037
## {"id":"event_whenkeypressed","time":1651487534872} blockly_compressed_vertical.js:2037
Trying to cancel a gesture recursively. blockly_compressed_vertical.js:861
## {"id":"event_whenkeypressed","time":1651487537263} blockly_compressed_vertical.js:2037
## {"id":"event_whenkeypressed","time":1651487539097} blockly_compressed_vertical.js:2037
Trying to cancel a gesture recursively. blockly_compressed_vertical.js:861
## CLEARED SEARCH search-algorithms.js:338
## SEARCH {"tags":[],"results":{"autocomplete":["operator_round","control_repeat","sensing_resettimer","repeat_until"],"suggestion":["looks_sayforsecs","looks_thinkforsecs","forever"]}} search-algorithms.js:383
## SEARCH {"tags":[],"results":{"autocomplete":["control_repeat","repeat_until"],"suggestion":["motion_setx","motion_sety","motion_setrotationstyle","looks_setsizeto","looks_seteffectto","sound_seteffectto","sound_setvolumeto","event_whenkeypressed","sensing_keypressed","sensing_setdragmode","sensing_resettimer"]}} search-algorithms.js:383
## SEARCH {"tags":[],"results":{"autocomplete":["control_repeat","repeat_until"],"suggestion":["sensing_resettimer"]}} 2 search-algorithms.js:383
## {"id":"repeat_until","time":1651487551528} blockly_compressed_vertical.js:2037
## {"id":"repeat_until","time":1651487553427} blockly_compressed_vertical.js:2037
## {"id":"repeat_until","time":1651487555455} blockly_compressed_vertical.js:2037
## SEARCH {"tags":[],"results":{"autocomplete":["sensing_keypressed"],"suggestion":["motion_gotoxy","motion_glidesecstoxy","motion_changexby"]}} search-algorithms.js:383
## SEARCH {"tags":[],"results":{"autocomplete":["sensing_keypressed"],"suggestion":["event_whenkeypressed"]}} search-algorithms.js:383
## SEARCH {"tags":[],"results":{"autocomplete":["sensing_keypressed"],"suggestion":["event_whenkeypressed","motion_changexby","motion_changeyby","motion_sety","motion_setrotationstyle","looks_sayforsecs","looks_say","looks_changesizeby","looks_changeeffectby","sound_changeeffectby","sound_changevolumeby"]}} search-algorithms.js:383
## {"id":"sensing_keypressed","time":1651487561525} blockly_compressed_vertical.js:2037
## {"id":"sensing_keypressed","time":1651487563637} blockly_compressed_vertical.js:2037
## {"id":"sensing_keypressed","time":1651487565633} blockly_compressed_vertical.js:2037
## SEARCH {"tags":[],"results":{"autocomplete":["backdropnumbername","event_broadcast","event_broadcastandwait"],"suggestion":["motion_changexby","motion_gotoxy","motion_glidesecstoxy","motion_changeyby","looks_changesizeby","looks_changeeffectby","sound_changeeffectby","sound_changevolumeby"]}} search-algorithms.js:383
## SEARCH {"tags":[],"results":{"autocomplete":[],"suggestion":["motion_goto","motion_gotoxy","looks_gotofrontback"]}} search-algorithms.js:383
## SEARCH {"tags":["#boolean"],"results":{"tag":["sensing_touchingobject","sensing_touchingcolor","sensing_coloristouchingcolor","sensing_keypressed","sensing_mousedown","operator_lt","operator_equals","operator_and","operator_or","operator_not"]}} search-algorithms.js:357
## {"id":"operator_not","time":1651487572749} blockly_compressed_vertical.js:2037
## {"id":"operator_not","time":1651487578711} blockly_compressed_vertical.js:2037
## {"id":"operator_not","time":1651487582865} blockly_compressed_vertical.js:2037
## CLEARED SEARCH search-algorithms.js:338
## SEARCH {"tags":[],"results":{"autocomplete":["operator_mod","sensing_mousex","sensing_mousey","operator_multiply","motion_movesteps","sensing_mousedown","operator_mathop"],"suggestion":["motion_gotoxy","motion_glidesecstoxy","motion_changexby"]}} search-algorithms.js:383
## {"id":"motion_movesteps","time":1651487614425} blockly_compressed_vertical.js:2037
## {"id":"motion_movesteps","time":1651487616789} blockly_compressed_vertical.js:2037
## SEARCH {"tags":[],"results":{"autocomplete":["operator_mod","sensing_mousex","sensing_mousey","motion_movesteps","sensing_mousedown"],"suggestion":["motion_goto","motion_gotoxy","looks_gotofrontback"]}} search-algorithms.js:383
## SEARCH {"tags":[],"results":{"autocomplete":[],"suggestion":["sensing_setdragmode","motion_setx","motion_sety","motion_setrotationstyle","looks_sayforsecs","looks_thinkforsecs","looks_setsizeto","looks_seteffectto","sound_seteffectto","sound_setvolumeto"]}} search-algorithms.js:383
## SEARCH {"tags":[],"results":{"autocomplete":[],"suggestion":["sensing_setdragmode","motion_movesteps","operator_not","operator_mod","operator_mathop"]}} search-algorithms.js:383
## SEARCH {"tags":["#motion"],"results":{"tag":["motion_movesteps","motion_turnright","motion_turnleft","motion_goto","motion_gotoxy","motion_glideto","motion_glidesecstoxy","motion_pointindirection","motion_pointtowards","motion_changexby","motion_setx","motion_changeyby","motion_sety","motion_ifonedgebounce","motion_setrotationstyle","I^E`FCT.#n3|-Y)fxb;9_xposition","I^E`FCT.#n3|-Y)fxb;9_yposition","I^E`FCT.#n3|-Y)fxb;9_direction"]}} search-algorithms.js:357
## {"id":"motion_changeyby","time":1651487625640} blockly_compressed_vertical.js:2037
## CLEARED SEARCH search-algorithms.js:338
## SEARCH {"tags":[],"results":{"autocomplete":["wait_until","control_wait","event_whenbroadcastreceived","event_whenkeypressed","event_whenflagclicked","event_whengreaterthan","event_whenstageclicked","control_start_as_clone","event_whenthisspriteclicked","event_whenbackdropswitchesto"],"suggestion":["motion_gotoxy","motion_glidesecstoxy","motion_changexby"]}} search-algorithms.js:383
## SEARCH {"tags":[],"results":{"autocomplete":["event_whenbroadcastreceived","event_whenkeypressed","event_whenflagclicked","event_whengreaterthan","event_whenstageclicked","control_start_as_clone","event_whenthisspriteclicked","event_whenbackdropswitchesto"],"suggestion":[]}} 2 search-algorithms.js:383
## {"id":"event_whenkeypressed","time":1651487639542} blockly_compressed_vertical.js:2037
## SEARCH {"tags":[],"results":{"autocomplete":["operator_round","control_repeat","sensing_resettimer","repeat_until"],"suggestion":["looks_sayforsecs","looks_thinkforsecs","forever"]}} search-algorithms.js:383
## SEARCH {"tags":[],"results":{"autocomplete":["control_repeat","repeat_until"],"suggestion":["motion_setx","motion_sety","motion_setrotationstyle","looks_setsizeto","looks_seteffectto","sound_seteffectto","sound_setvolumeto","event_whenkeypressed","sensing_keypressed","sensing_setdragmode","sensing_resettimer"]}} search-algorithms.js:383
## SEARCH {"tags":[],"results":{"autocomplete":["control_repeat","repeat_until"],"suggestion":["sensing_resettimer"]}} 2 search-algorithms.js:383
## {"id":"repeat_until","time":1651487645247} blockly_compressed_vertical.js:2037
## SEARCH {"tags":[],"results":{"autocomplete":["operator_not","looks_nextcostume","looks_nextbackdrop","looks_nextbackdrop"],"suggestion":["motion_pointindirection","looks_thinkforsecs","operator_contains"]}} search-algorithms.js:383
## SEARCH {"tags":[],"results":{"autocomplete":["operator_not"],"suggestion":["motion_goto","motion_gotoxy","looks_gotofrontback"]}} search-algorithms.js:383
## SEARCH {"tags":[],"results":{"autocomplete":["operator_not"],"suggestion":["motion_setx","motion_sety","motion_setrotationstyle","looks_sayforsecs","looks_thinkforsecs","looks_setsizeto","looks_seteffectto","sound_seteffectto","sound_setvolumeto","sensing_setdragmode"]}} search-algorithms.js:383
## {"id":"operator_not","time":1651487651303} blockly_compressed_vertical.js:2037
## SEARCH {"tags":[],"results":{"autocomplete":["sensing_keypressed"],"suggestion":["motion_gotoxy","motion_glidesecstoxy","motion_changexby"]}} search-algorithms.js:383
## SEARCH {"tags":[],"results":{"autocomplete":["sensing_keypressed"],"suggestion":["event_whenkeypressed"]}} search-algorithms.js:383
## SEARCH {"tags":[],"results":{"autocomplete":["sensing_keypressed"],"suggestion":["event_whenkeypressed","motion_changexby","motion_changeyby","motion_sety","motion_setrotationstyle","looks_sayforsecs","looks_say","looks_changesizeby","looks_changeeffectby","sound_changeeffectby","sound_changevolumeby"]}} search-algorithms.js:383
## {"id":"sensing_keypressed","time":1651487655904} blockly_compressed_vertical.js:2037
## SEARCH {"tags":[],"results":{"autocomplete":["looks_hide"],"suggestion":["motion_gotoxy","motion_glidesecstoxy","motion_changexby"]}} search-algorithms.js:383
## CLEARED SEARCH search-algorithms.js:338
## SEARCH {"tags":[],"results":{"autocomplete":["I^E`FCT.#n3|-Y)fxb;9_costumenumbername","current","operator_contains","motion_changexby","motion_changeyby","looks_changesizeby","control_create_clone_of","looks_changeeffectby","sound_changeeffectby","sound_changevolumeby","sound_cleareffects","looks_cleargraphiceffects","sensing_coloristouchingcolor"],"suggestion":["motion_gotoxy","motion_glidesecstoxy"]}} search-algorithms.js:383
## SEARCH {"tags":[],"results":{"autocomplete":["motion_changexby","motion_changeyby","looks_changesizeby","looks_changeeffectby","sound_changeeffectby","sound_changevolumeby"],"suggestion":["event_whengreaterthan","operator_gt","operator_lt"]}} search-algorithms.js:383
## {"id":"motion_changeyby","time":1651487664655} blockly_compressed_vertical.js:2037
## SEARCH {"tags":[],"results":{"autocomplete":["motion_changexby","motion_changeyby","looks_changesizeby","looks_changeeffectby","sound_changeeffectby","sound_changevolumeby"],"suggestion":["event_whengreaterthan","operator_gt","operator_lt"]}} search-algorithms.js:383
## SEARCH {"tags":[],"results":{"autocomplete":["loudness","operator_lt","operator_letter_of","operator_length"],"suggestion":["motion_gotoxy","motion_glidesecstoxy","motion_changexby"]}} search-algorithms.js:383
## SEARCH {"tags":[],"results":{"autocomplete":["loudness"],"suggestion":["motion_goto","motion_gotoxy","motion_setx","motion_sety","looks_setsizeto","looks_seteffectto","looks_gotofrontback","sound_seteffectto","sound_setvolumeto"]}} search-algorithms.js:383
## SEARCH {"tags":[],"results":{"autocomplete":[],"suggestion":["looks_sayforsecs","looks_thinkforsecs","motion_goto","motion_gotoxy","motion_setx","motion_sety","motion_setrotationstyle","looks_setsizeto","looks_seteffectto","looks_gotofrontback","sound_seteffectto","sound_setvolumeto","forever","control_create_clone_of","sensing_touchingcolor","sensing_coloristouchingcolor","sensing_setdragmode"]}} search-algorithms.js:383
## SEARCH {"tags":["#loop"],"results":{"tag":["control_repeat","forever","repeat_until"]}} search-algorithms.js:357
## {"id":"repeat_until","time":1651487722069} blockly_compressed_vertical.js:2037
## CLEARED SEARCH search-algorithms.js:338
## SEARCH {"tags":[],"results":{"autocomplete":["looks_say","looks_show","o~kkmCsRg)F0/bdfCmU|_size","control_stop","motion_setx","motion_sety","operator_subtract","looks_setsizeto","o~kkmCsRg)F0/bdfCmU|_sound_play","looks_seteffectto","sound_seteffectto","sound_setvolumeto","sensing_setdragmode","looks_sayforsecs","sound_stopallsounds","o~kkmCsRg)F0/bdfCmU|_switchcostumeto","motion_setrotationstyle","looks_switchbackdropto","looks_switchbackdropto","looks_switchbackdroptoandwait"],"suggestion":["control_start_as_clone","motion_gotoxy","motion_glidesecstoxy","motion_changexby","event_whenthisspriteclicked","event_broadcast","event_broadcastandwait","sensing_coloristouchingcolor","sensing_distanceto","askandwait"]}} search-algorithms.js:383
## SEARCH {"tags":[],"results":{"autocomplete":["control_stop","o~kkmCsRg)F0/bdfCmU|_sound_play","sound_stopallsounds"],"suggestion":["motion_setx","motion_sety","motion_setrotationstyle","looks_setsizeto","looks_seteffectto","sound_seteffectto","sound_setvolumeto","control_if","control_if_else","sensing_setdragmode","sensing_resettimer"]}} search-algorithms.js:383
## SEARCH {"tags":[],"results":{"autocomplete":["o~kkmCsRg)F0/bdfCmU|_sound_play"],"suggestion":["motion_setx","motion_sety","looks_setsizeto","looks_seteffectto","sound_stopallsounds","sound_seteffectto","sound_setvolumeto","control_stop"]}} search-algorithms.js:383
## SEARCH {"tags":[],"results":{"autocomplete":["o~kkmCsRg)F0/bdfCmU|_sound_play"],"suggestion":["control_start_as_clone","looks_sayforsecs","looks_say","sound_stopallsounds","event_whenstageclicked","control_stop","of"]}} search-algorithms.js:383
## SEARCH {"tags":[],"results":{"autocomplete":["o~kkmCsRg)F0/bdfCmU|_sound_play"],"suggestion":["control_start_as_clone","event_whenstageclicked","of"]}} search-algorithms.js:383
## SEARCH {"tags":["#start"],"results":{"tag":["event_whenflagclicked","event_whenkeypressed","event_whenstageclicked","event_whenthisspriteclicked","event_whenbackdropswitchesto","event_whengreaterthan","event_whenbroadcastreceived","event_broadcastandwait","control_start_as_clone"]}} search-algorithms.js:357
## CLEARED SEARCH search-algorithms.js:338
## SEARCH {"tags":[],"results":{"autocomplete":["sensing_keypressed"],"suggestion":["motion_gotoxy","motion_glidesecstoxy","motion_changexby"]}} search-algorithms.js:383
## SEARCH {"tags":[],"results":{"autocomplete":["sensing_keypressed"],"suggestion":["event_whenkeypressed"]}} search-algorithms.js:383
## {"id":"sensing_keypressed","time":1651487743024} blockly_compressed_vertical.js:2037
## SEARCH {"tags":[],"results":{"autocomplete":["operator_mod","sensing_mousex","sensing_mousey","operator_multiply","motion_movesteps","sensing_mousedown","operator_mathop"],"suggestion":["motion_gotoxy","motion_glidesecstoxy","motion_changexby"]}} search-algorithms.js:383
## SEARCH {"tags":[],"results":{"autocomplete":["operator_mod","sensing_mousex","sensing_mousey","motion_movesteps","sensing_mousedown"],"suggestion":["motion_goto","motion_gotoxy","looks_gotofrontback"]}} search-algorithms.js:383
## SEARCH {"tags":[],"results":{"autocomplete":[],"suggestion":["sensing_setdragmode","motion_setx","motion_sety","motion_setrotationstyle","looks_sayforsecs","looks_thinkforsecs","looks_setsizeto","looks_seteffectto","sound_seteffectto","sound_setvolumeto"]}} search-algorithms.js:383
## SEARCH {"tags":["#motion"],"results":{"tag":["motion_movesteps","motion_turnright","motion_turnleft","motion_goto","motion_gotoxy","motion_glideto","motion_glidesecstoxy","motion_pointindirection","motion_pointtowards","motion_changexby","motion_setx","motion_changeyby","motion_sety","motion_ifonedgebounce","motion_setrotationstyle","o~kkmCsRg)F0/bdfCmU|_xposition","o~kkmCsRg)F0/bdfCmU|_yposition","o~kkmCsRg)F0/bdfCmU|_direction"]}} search-algorithms.js:357
## {"id":"motion_goto","time":1651487749114} blockly_compressed_vertical.js:2037
## CLEARED SEARCH search-algorithms.js:338
## SEARCH {"tags":[],"results":{"autocomplete":["forever"],"suggestion":["motion_gotoxy","motion_glidesecstoxy","motion_changexby","motion_ifonedgebounce","control_if","control_if_else","control_create_clone_of","of","operator_letter_of","operator_length"]}} search-algorithms.js:383
## SEARCH {"tags":[],"results":{"autocomplete":[],"suggestion":["event_whenflagclicked","looks_sayforsecs","looks_thinkforsecs","o~kkmCsRg)F0/bdfCmU|_sound_playuntildone","sound_stopallsounds","forever"]}} search-algorithms.js:383
## SEARCH {"tags":[],"results":{"autocomplete":[],"suggestion":["event_whenflagclicked","o~kkmCsRg)F0/bdfCmU|_sound_playuntildone","sensing_setdragmode"]}} search-algorithms.js:383
## {"id":"event_whenflagclicked","time":1651487756645} blockly_compressed_vertical.js:2037
## SEARCH {"tags":[],"results":{"autocomplete":["operator_round","control_repeat","sensing_resettimer","repeat_until"],"suggestion":["looks_sayforsecs","looks_thinkforsecs","forever"]}} search-algorithms.js:383
## SEARCH {"tags":[],"results":{"autocomplete":["control_repeat","repeat_until"],"suggestion":["motion_setx","motion_sety","motion_setrotationstyle","looks_setsizeto","looks_seteffectto","sound_seteffectto","sound_setvolumeto","event_whenkeypressed","sensing_keypressed","sensing_setdragmode","sensing_resettimer"]}} search-algorithms.js:383
## SEARCH {"tags":[],"results":{"autocomplete":["control_repeat","repeat_until"],"suggestion":["sensing_resettimer"]}} 2 search-algorithms.js:383
## {"id":"repeat_until","time":1651487764859} blockly_compressed_vertical.js:2037
## SEARCH {"tags":[],"results":{"autocomplete":["o~kkmCsRg)F0/bdfCmU|_xposition"],"suggestion":["motion_gotoxy","motion_glidesecstoxy","motion_changexby"]}} search-algorithms.js:383
## {"id":"o~kkmCsRg)F0/bdfCmU|_xposition","time":1651487770461} blockly_compressed_vertical.js:2037
## SEARCH {"tags":[],"results":{"autocomplete":["backdropnumbername","event_broadcast","event_broadcastandwait"],"suggestion":["motion_changexby","motion_gotoxy","motion_glidesecstoxy","motion_changeyby","looks_changesizeby","looks_changeeffectby","sound_changeeffectby","sound_changevolumeby"]}} search-algorithms.js:383
## SEARCH {"tags":[],"results":{"autocomplete":[],"suggestion":["motion_changexby","motion_changeyby","looks_changesizeby","looks_changeeffectby","sound_changeeffectby","sound_changevolumeby"]}} search-algorithms.js:383
## SEARCH {"tags":[],"results":{"autocomplete":[],"suggestion":["sensing_coloristouchingcolor","motion_pointindirection","motion_pointtowards","motion_changexby","motion_changeyby","motion_ifonedgebounce","looks_thinkforsecs","looks_think","looks_changesizeby","looks_changeeffectby","sound_changeeffectby","sound_changevolumeby","event_whenthisspriteclicked","control_if","control_if_else","sensing_touchingobject","sensing_touchingcolor","sensing_distanceto","sensing_dayssince2000","operator_join","operator_contains"]}} 2 search-algorithms.js:383
## SEARCH {"tags":[],"results":{"autocomplete":[],"suggestion":["motion_changexby","motion_changeyby","looks_changesizeby","looks_changeeffectby","sound_changeeffectby","sound_changevolumeby"]}} search-algorithms.js:383
## SEARCH {"tags":[],"results":{"autocomplete":["backdropnumbername","event_broadcast","event_broadcastandwait"],"suggestion":["motion_changexby","motion_gotoxy","motion_glidesecstoxy","motion_changeyby","looks_changesizeby","looks_changeeffectby","sound_changeeffectby","sound_changevolumeby"]}} search-algorithms.js:383
## CLEARED SEARCH search-algorithms.js:338
## SEARCH {"tags":[],"results":{"autocomplete":["backdropnumbername","event_broadcast","event_broadcastandwait"],"suggestion":["motion_changexby","motion_gotoxy","motion_glidesecstoxy","motion_changeyby","looks_changesizeby","looks_changeeffectby","sound_changeeffectby","sound_changevolumeby"]}} search-algorithms.js:383
## SEARCH {"tags":[],"results":{"autocomplete":[],"suggestion":["motion_goto","motion_gotoxy","looks_gotofrontback"]}} search-algorithms.js:383
## SEARCH {"tags":[],"results":{"autocomplete":[],"suggestion":["looks_sayforsecs","looks_thinkforsecs","motion_goto","motion_gotoxy","looks_gotofrontback","forever","control_create_clone_of","sensing_touchingcolor","sensing_coloristouchingcolor"]}} search-algorithms.js:383
## SEARCH {"tags":["#boolean"],"results":{"tag":["sensing_touchingobject","sensing_touchingcolor","sensing_coloristouchingcolor","sensing_keypressed","sensing_mousedown","operator_lt","operator_equals","operator_and","operator_or","operator_not"]}} search-algorithms.js:357
## {"id":"operator_lt","time":1651487778947} blockly_compressed_vertical.js:2037
## SEARCH {"tags":["#boolean"],"results":{"tag":["sensing_touchingobject","sensing_touchingcolor","sensing_coloristouchingcolor","sensing_keypressed","sensing_mousedown","operator_lt","operator_equals","operator_and","operator_or","operator_not"]}} 2 search-algorithms.js:357
## CLEARED SEARCH search-algorithms.js:338
## SEARCH {"tags":[],"results":{"autocomplete":["operator_mod","sensing_mousex","sensing_mousey","operator_multiply","motion_movesteps","sensing_mousedown","operator_mathop"],"suggestion":["motion_gotoxy","motion_glidesecstoxy","motion_changexby"]}} search-algorithms.js:383
## SEARCH {"tags":[],"results":{"autocomplete":["operator_mod","sensing_mousex","sensing_mousey","motion_movesteps","sensing_mousedown"],"suggestion":["motion_goto","motion_gotoxy","looks_gotofrontback"]}} search-algorithms.js:383
## SEARCH {"tags":[],"results":{"autocomplete":["motion_movesteps"],"suggestion":["motion_goto","motion_gotoxy","looks_sayforsecs","looks_thinkforsecs","looks_gotofrontback","sensing_setdragmode"]}} search-algorithms.js:383
## SEARCH {"tags":[],"results":{"autocomplete":["motion_movesteps"],"suggestion":["sensing_setdragmode","motion_goto","motion_gotoxy","looks_gotofrontback","looks_goforwardbackwardlayers"]}} search-algorithms.js:383
## {"id":"motion_movesteps","time":1651487916987} blockly_compressed_vertical.js:2037
## SEARCH {"tags":[],"results":{"autocomplete":["motion_movesteps"],"suggestion":["sensing_setdragmode","motion_goto","motion_gotoxy","looks_gotofrontback","looks_goforwardbackwardlayers"]}} search-algorithms.js:383
## SEARCH {"tags":[],"results":{"autocomplete":["wait_until","control_wait","event_whenbroadcastreceived","event_whenkeypressed","event_whenflagclicked","event_whengreaterthan","event_whenstageclicked","control_start_as_clone","event_whenthisspriteclicked","event_whenbackdropswitchesto"],"suggestion":["motion_gotoxy","motion_glidesecstoxy","motion_changexby"]}} search-algorithms.js:383
## SEARCH {"tags":[],"results":{"autocomplete":["event_whenbroadcastreceived","event_whenkeypressed","event_whenflagclicked","event_whengreaterthan","event_whenstageclicked","control_start_as_clone","event_whenthisspriteclicked","event_whenbackdropswitchesto"],"suggestion":[]}} 2 search-algorithms.js:383
## {"id":"event_whenkeypressed","time":1651487923273} blockly_compressed_vertical.js:2037
## SEARCH {"tags":[],"results":{"autocomplete":["looks_say","looks_show","I^E`FCT.#n3|-Y)fxb;9_size","control_stop","motion_setx","motion_sety","operator_subtract","looks_setsizeto","I^E`FCT.#n3|-Y)fxb;9_sound_play","looks_seteffectto","sound_seteffectto","sound_setvolumeto","sensing_setdragmode","looks_sayforsecs","sound_stopallsounds","I^E`FCT.#n3|-Y)fxb;9_switchcostumeto","motion_setrotationstyle","looks_switchbackdropto","looks_switchbackdropto","looks_switchbackdroptoandwait"],"suggestion":["control_start_as_clone","motion_gotoxy","motion_glidesecstoxy","motion_changexby","event_whenthisspriteclicked","event_broadcast","event_broadcastandwait","sensing_coloristouchingcolor","sensing_distanceto","askandwait"]}} search-algorithms.js:383
## SEARCH {"tags":[],"results":{"autocomplete":[],"suggestion":["motion_goto","motion_gotoxy","looks_gotofrontback","control_if","control_if_else"]}} search-algorithms.js:383
## SEARCH {"tags":[],"results":{"autocomplete":[],"suggestion":["looks_sayforsecs","looks_thinkforsecs","sound_stopallsounds"]}} search-algorithms.js:383
## SEARCH {"tags":[],"results":{"autocomplete":[],"suggestion":["I^E`FCT.#n3|-Y)fxb;9_sound_playuntildone","sound_stopallsounds","I^E`FCT.#n3|-Y)fxb;9_sound_play","sound_cleareffects"]}} search-algorithms.js:383
## SEARCH {"tags":[],"results":{"autocomplete":[],"suggestion":["sound_stopallsounds","I^E`FCT.#n3|-Y)fxb;9_sound_playuntildone","I^E`FCT.#n3|-Y)fxb;9_sound_play","sound_cleareffects"]}} search-algorithms.js:383
## SEARCH {"tags":["#sound"],"results":{"tag":["I^E`FCT.#n3|-Y)fxb;9_sound_playuntildone","I^E`FCT.#n3|-Y)fxb;9_sound_play","sound_stopallsounds","sound_changeeffectby","sound_seteffectto","sound_cleareffects","sound_changevolumeby","sound_setvolumeto","I^E`FCT.#n3|-Y)fxb;9_volume"]}} search-algorithms.js:357
## {"id":"I^E`FCT.#n3|-Y)fxb;9_sound_playuntildone","time":1651487927494} blockly_compressed_vertical.js:2037
Trying to cancel a gesture recursively. blockly_compressed_vertical.js:861
## {"id":"I^E`FCT.#n3|-Y)fxb;9_sound_play","time":1651487929673} blockly_compressed_vertical.js:2037
Trying to cancel a gesture recursively. blockly_compressed_vertical.js:861
## {"id":"I^E`FCT.#n3|-Y)fxb;9_sound_playuntildone","time":1651487931287} blockly_compressed_vertical.js:2037
Trying to cancel a gesture recursively. blockly_compressed_vertical.js:861
## {"id":"I^E`FCT.#n3|-Y)fxb;9_sound_playuntildone","time":1651487933535} blockly_compressed_vertical.js:2037
## SEARCH {"tags":["#sound"],"results":{"tag":["o~kkmCsRg)F0/bdfCmU|_sound_playuntildone","o~kkmCsRg)F0/bdfCmU|_sound_play","sound_stopallsounds","sound_changeeffectby","sound_seteffectto","sound_cleareffects","sound_changevolumeby","sound_setvolumeto","o~kkmCsRg)F0/bdfCmU|_volume"]}} search-algorithms.js:357
## CLEARED SEARCH search-algorithms.js:338
## SEARCH {"tags":[],"results":{"autocomplete":["wait_until","control_wait","event_whenbroadcastreceived","event_whenkeypressed","event_whenflagclicked","event_whengreaterthan","event_whenstageclicked","control_start_as_clone","event_whenthisspriteclicked","event_whenbackdropswitchesto"],"suggestion":["motion_gotoxy","motion_glidesecstoxy","motion_changexby"]}} search-algorithms.js:383
## SEARCH {"tags":[],"results":{"autocomplete":["event_whenbroadcastreceived","event_whenkeypressed","event_whenflagclicked","event_whengreaterthan","event_whenstageclicked","control_start_as_clone","event_whenthisspriteclicked","event_whenbackdropswitchesto"],"suggestion":[]}} 2 search-algorithms.js:383
## {"id":"event_whenkeypressed","time":1651487984443} blockly_compressed_vertical.js:2037
Trying to cancel a gesture recursively. blockly_compressed_vertical.js:861
## {"id":"event_whenflagclicked","time":1651487999162} blockly_compressed_vertical.js:2037
Trying to cancel a gesture recursively. blockly_compressed_vertical.js:861
## CLEARED SEARCH search-algorithms.js:338
## SEARCH {"tags":[],"results":{"autocomplete":["wait_until","control_wait","event_whenbroadcastreceived","event_whenkeypressed","event_whenflagclicked","event_whengreaterthan","event_whenstageclicked","control_start_as_clone","event_whenthisspriteclicked","event_whenbackdropswitchesto"],"suggestion":["motion_gotoxy","motion_glidesecstoxy","motion_changexby"]}} search-algorithms.js:383
## SEARCH {"tags":[],"results":{"autocomplete":["event_whenbroadcastreceived","event_whenkeypressed","event_whenflagclicked","event_whengreaterthan","event_whenstageclicked","control_start_as_clone","event_whenthisspriteclicked","event_whenbackdropswitchesto"],"suggestion":[]}} 2 search-algorithms.js:383
## {"id":"event_whenbroadcastreceived","time":1651488048954} blockly_compressed_vertical.js:2037
Trying to cancel a gesture recursively. blockly_compressed_vertical.js:861
## SEARCH {"tags":[],"results":{"autocomplete":["event_whenbroadcastreceived","event_whenkeypressed","event_whenflagclicked","event_whengreaterthan","event_whenstageclicked","control_start_as_clone","event_whenthisspriteclicked","event_whenbackdropswitchesto"],"suggestion":[]}} search-algorithms.js:383
## {"id":"event_whenflagclicked","time":1651488057073} blockly_compressed_vertical.js:2037
## SEARCH {"tags":[],"results":{"autocomplete":["operator_mod","sensing_mousex","sensing_mousey","operator_multiply","motion_movesteps","sensing_mousedown","operator_mathop"],"suggestion":["motion_gotoxy","motion_glidesecstoxy","motion_changexby"]}} search-algorithms.js:383
## SEARCH {"tags":[],"results":{"autocomplete":[],"suggestion":["sensing_setdragmode","motion_glideto","motion_glidesecstoxy","motion_setx","motion_sety","motion_setrotationstyle","looks_setsizeto","looks_seteffectto","sound_seteffectto","sound_setvolumeto","event_whenkeypressed","event_whenthisspriteclicked","event_broadcast","event_broadcastandwait","control_start_as_clone","sensing_coloristouchingcolor","sensing_distanceto","askandwait","sensing_keypressed","sensing_resettimer","operator_lt","operator_mod"]}} search-algorithms.js:383
## SEARCH {"tags":[],"results":{"autocomplete":[],"suggestion":["operator_lt","motion_glideto","motion_glidesecstoxy"]}} search-algorithms.js:383
## SEARCH {"tags":[],"results":{"autocomplete":[],"suggestion":["operator_lt"]}} 2 search-algorithms.js:383
## SEARCH {"tags":[],"results":{"autocomplete":[],"suggestion":["operator_lt","motion_glideto","motion_glidesecstoxy"]}} search-algorithms.js:383
## SEARCH {"tags":[],"results":{"autocomplete":[],"suggestion":["sensing_setdragmode","motion_glideto","motion_glidesecstoxy","motion_setx","motion_sety","motion_setrotationstyle","looks_setsizeto","looks_seteffectto","sound_seteffectto","sound_setvolumeto","event_whenkeypressed","event_whenthisspriteclicked","event_broadcast","event_broadcastandwait","control_start_as_clone","sensing_coloristouchingcolor","sensing_distanceto","askandwait","sensing_keypressed","sensing_resettimer","operator_lt","operator_mod"]}} search-algorithms.js:383
## SEARCH {"tags":[],"results":{"autocomplete":["operator_mod","sensing_mousex","sensing_mousey","operator_multiply","motion_movesteps","sensing_mousedown","operator_mathop"],"suggestion":["motion_gotoxy","motion_glidesecstoxy","motion_changexby"]}} search-algorithms.js:383
## CLEARED SEARCH search-algorithms.js:338
## SEARCH {"tags":[],"results":{"autocomplete":["looks_say","looks_show","I^E`FCT.#n3|-Y)fxb;9_size","control_stop","motion_setx","motion_sety","operator_subtract","looks_setsizeto","I^E`FCT.#n3|-Y)fxb;9_sound_play","looks_seteffectto","sound_seteffectto","sound_setvolumeto","sensing_setdragmode","looks_sayforsecs","sound_stopallsounds","I^E`FCT.#n3|-Y)fxb;9_switchcostumeto","motion_setrotationstyle","looks_switchbackdropto","looks_switchbackdropto","looks_switchbackdroptoandwait"],"suggestion":["control_start_as_clone","motion_gotoxy","motion_glidesecstoxy","motion_changexby","event_whenthisspriteclicked","event_broadcast","event_broadcastandwait","sensing_coloristouchingcolor","sensing_distanceto","askandwait"]}} search-algorithms.js:383
## SEARCH {"tags":[],"results":{"autocomplete":["motion_setx","motion_sety","looks_setsizeto","looks_seteffectto","sound_seteffectto","sound_setvolumeto","sensing_setdragmode","motion_setrotationstyle"],"suggestion":["control_if_else","control_if","sensing_resettimer"]}} search-algorithms.js:383
## SEARCH {"tags":[],"results":{"autocomplete":[],"suggestion":["motion_setrotationstyle","motion_pointindirection","motion_setx","motion_sety","looks_sayforsecs","looks_thinkforsecs","looks_setsizeto","looks_seteffectto","sound_seteffectto","sound_setvolumeto","event_whenkeypressed","control_start_as_clone","sensing_setdragmode","sensing_resettimer","operator_contains"]}} search-algorithms.js:383
## SEARCH {"tags":[],"results":{"autocomplete":[],"suggestion":["motion_glideto","motion_glidesecstoxy","motion_setx","motion_sety","motion_setrotationstyle","looks_switchbackdroptoandwait","looks_setsizeto","looks_seteffectto","I^E`FCT.#n3|-Y)fxb;9_sound_playuntildone","I^E`FCT.#n3|-Y)fxb;9_sound_play","sound_stopallsounds","sound_seteffectto","sound_cleareffects","sound_setvolumeto","event_broadcastandwait","askandwait","sensing_setdragmode","sensing_resettimer","operator_random","operator_and"]}} search-algorithms.js:383
## SEARCH {"tags":[],"results":{"autocomplete":[],"suggestion":["motion_setrotationstyle","motion_pointindirection","motion_setx","motion_sety","looks_sayforsecs","looks_thinkforsecs","looks_setsizeto","looks_seteffectto","sound_seteffectto","sound_setvolumeto","event_whenkeypressed","control_start_as_clone","sensing_setdragmode","sensing_resettimer","operator_contains"]}} search-algorithms.js:383
## SEARCH {"tags":[],"results":{"autocomplete":["motion_setx","motion_sety","looks_setsizeto","looks_seteffectto","sound_seteffectto","sound_setvolumeto","sensing_setdragmode","motion_setrotationstyle"],"suggestion":["control_if_else","control_if","sensing_resettimer"]}} search-algorithms.js:383
## SEARCH {"tags":[],"results":{"autocomplete":["looks_say","looks_show","I^E`FCT.#n3|-Y)fxb;9_size","control_stop","motion_setx","motion_sety","operator_subtract","looks_setsizeto","I^E`FCT.#n3|-Y)fxb;9_sound_play","looks_seteffectto","sound_seteffectto","sound_setvolumeto","sensing_setdragmode","looks_sayforsecs","sound_stopallsounds","I^E`FCT.#n3|-Y)fxb;9_switchcostumeto","motion_setrotationstyle","looks_switchbackdropto","looks_switchbackdropto","looks_switchbackdroptoandwait"],"suggestion":["control_start_as_clone","motion_gotoxy","motion_glidesecstoxy","motion_changexby","event_whenthisspriteclicked","event_broadcast","event_broadcastandwait","sensing_coloristouchingcolor","sensing_distanceto","askandwait"]}} search-algorithms.js:383
## CLEARED SEARCH search-algorithms.js:338
## SEARCH {"tags":["#event"],"results":{"tag":["event_whenflagclicked","event_whenkeypressed","event_whenstageclicked","event_whenthisspriteclicked","event_whenbackdropswitchesto","event_whengreaterthan","event_whenbroadcastreceived","event_broadcast","event_broadcastandwait"]}} search-algorithms.js:357
## {"id":"event_broadcast","time":1651488076209} blockly_compressed_vertical.js:2037
## SEARCH {"tags":["#event"],"results":{"tag":["event_whenflagclicked","event_whenkeypressed","event_whenstageclicked","event_whenthisspriteclicked","event_whenbackdropswitchesto","event_whengreaterthan","event_whenbroadcastreceived","event_broadcast","event_broadcastandwait"]}} search-algorithms.js:357
## CLEARED SEARCH search-algorithms.js:338
## SEARCH {"tags":[],"results":{"autocomplete":["I^E`FCT.#n3|-Y)fxb;9_costumenumbername","current","operator_contains","motion_changexby","motion_changeyby","looks_changesizeby","control_create_clone_of","looks_changeeffectby","sound_changeeffectby","sound_changevolumeby","sound_cleareffects","looks_cleargraphiceffects","sensing_coloristouchingcolor"],"suggestion":["motion_gotoxy","motion_glidesecstoxy"]}} search-algorithms.js:383
## SEARCH {"tags":[],"results":{"autocomplete":["I^E`FCT.#n3|-Y)fxb;9_costumenumbername","operator_contains","sensing_coloristouchingcolor"],"suggestion":["motion_goto","motion_gotoxy","looks_gotofrontback"]}} search-algorithms.js:383
## SEARCH {"tags":[],"results":{"autocomplete":["I^E`FCT.#n3|-Y)fxb;9_costumenumbername"],"suggestion":["looks_sayforsecs","looks_thinkforsecs","sensing_coloristouchingcolor"]}} search-algorithms.js:383
## SEARCH {"tags":[],"results":{"autocomplete":["I^E`FCT.#n3|-Y)fxb;9_costumenumbername"],"suggestion":["I^E`FCT.#n3|-Y)fxb;9_xposition","I^E`FCT.#n3|-Y)fxb;9_yposition","operator_not"]}} search-algorithms.js:383
## SEARCH {"tags":[],"results":{"autocomplete":[],"suggestion":["I^E`FCT.#n3|-Y)fxb;9_switchcostumeto","looks_nextcostume","I^E`FCT.#n3|-Y)fxb;9_costumenumbername"]}} search-algorithms.js:383
## SEARCH {"tags":[],"results":{"autocomplete":["I^E`FCT.#n3|-Y)fxb;9_costumenumbername"],"suggestion":["I^E`FCT.#n3|-Y)fxb;9_xposition","I^E`FCT.#n3|-Y)fxb;9_yposition","operator_not"]}} search-algorithms.js:383
## SEARCH {"tags":[],"results":{"autocomplete":["I^E`FCT.#n3|-Y)fxb;9_costumenumbername"],"suggestion":["I^E`FCT.#n3|-Y)fxb;9_switchcostumeto","looks_nextcostume"]}} 2 search-algorithms.js:383
## {"id":"I^E`FCT.#n3|-Y)fxb;9_switchcostumeto","time":1651488141708} blockly_compressed_vertical.js:2037
## {"id":"I^E`FCT.#n3|-Y)fxb;9_switchcostumeto","time":1651488148427} blockly_compressed_vertical.js:2037
## SEARCH {"tags":[],"results":{"autocomplete":["wait_until","control_wait","event_whenbroadcastreceived","event_whenkeypressed","event_whenflagclicked","event_whengreaterthan","event_whenstageclicked","control_start_as_clone","event_whenthisspriteclicked","event_whenbackdropswitchesto"],"suggestion":["motion_gotoxy","motion_glidesecstoxy","motion_changexby"]}} search-algorithms.js:383
## SEARCH {"tags":[],"results":{"autocomplete":["event_whenbroadcastreceived","event_whenkeypressed","event_whenflagclicked","event_whengreaterthan","event_whenstageclicked","control_start_as_clone","event_whenthisspriteclicked","event_whenbackdropswitchesto"],"suggestion":[]}} 2 search-algorithms.js:383
## {"id":"event_whenkeypressed","time":1651488171152} blockly_compressed_vertical.js:2037
## SEARCH {"tags":[],"results":{"autocomplete":["control_if","control_if_else","motion_ifonedgebounce"],"suggestion":["motion_gotoxy","motion_glidesecstoxy","motion_changexby","sensing_coloristouchingcolor","sensing_dayssince2000"]}} search-algorithms.js:383
## SEARCH {"tags":[],"results":{"autocomplete":["control_if","control_if_else","motion_ifonedgebounce"],"suggestion":[]}} search-algorithms.js:383
## {"id":"control_if","time":1651488180710} blockly_compressed_vertical.js:2037
## SEARCH {"tags":[],"results":{"autocomplete":["backdropnumbername","event_broadcast","event_broadcastandwait"],"suggestion":["motion_changexby","motion_gotoxy","motion_glidesecstoxy","motion_changeyby","looks_changesizeby","looks_changeeffectby","sound_changeeffectby","sound_changevolumeby"]}} search-algorithms.js:383
## SEARCH {"tags":[],"results":{"autocomplete":[],"suggestion":["motion_goto","motion_gotoxy","looks_gotofrontback"]}} search-algorithms.js:383
## SEARCH {"tags":[],"results":{"autocomplete":[],"suggestion":["looks_sayforsecs","looks_thinkforsecs","motion_goto","motion_gotoxy","looks_gotofrontback","forever","control_create_clone_of","sensing_touchingcolor","sensing_coloristouchingcolor"]}} search-algorithms.js:383
## SEARCH {"tags":["#boolean"],"results":{"tag":["sensing_touchingobject","sensing_touchingcolor","sensing_coloristouchingcolor","sensing_keypressed","sensing_mousedown","operator_lt","operator_equals","operator_and","operator_or","operator_not"]}} search-algorithms.js:357
## {"id":"sensing_touchingobject","time":1651488187397} blockly_compressed_vertical.js:2037
## CLEARED SEARCH search-algorithms.js:338
## SEARCH {"tags":[],"results":{"autocomplete":["backdropnumbername","event_broadcast","event_broadcastandwait"],"suggestion":["motion_changexby","motion_gotoxy","motion_glidesecstoxy","motion_changeyby","looks_changesizeby","looks_changeeffectby","sound_changeeffectby","sound_changevolumeby"]}} search-algorithms.js:383
## SEARCH {"tags":[],"results":{"autocomplete":["event_broadcast","event_broadcastandwait"],"suggestion":["motion_changexby","motion_changeyby","looks_sayforsecs","looks_thinkforsecs","looks_changesizeby","looks_changeeffectby","sound_changeeffectby","sound_changevolumeby","forever","sensing_touchingcolor","sensing_coloristouchingcolor","operator_or"]}} search-algorithms.js:383
## SEARCH {"tags":[],"results":{"autocomplete":["event_broadcast","event_broadcastandwait"],"suggestion":["motion_goto","motion_gotoxy","looks_gotofrontback","sensing_touchingcolor","sensing_coloristouchingcolor"]}} search-algorithms.js:383
## {"id":"event_broadcast","time":1651488198472} blockly_compressed_vertical.js:2037
Trying to cancel a gesture recursively. blockly_compressed_vertical.js:861
## {"id":"event_broadcast","time":1651488202978} blockly_compressed_vertical.js:2037
## {"id":"data_setvariableto","time":1651488210306} blockly_compressed_vertical.js:2037
## {"id":"data_setvariableto","time":1651488214786} blockly_compressed_vertical.js:2037
## SEARCH {"tags":[],"results":{"autocomplete":["sensing_username"],"suggestion":["motion_gotoxy","motion_glidesecstoxy","motion_changexby"]}} search-algorithms.js:383
## CLEARED SEARCH search-algorithms.js:338
## SEARCH {"tags":[],"results":{"autocomplete":["operator_mod","sensing_mousex","sensing_mousey","operator_multiply","motion_movesteps","sensing_mousedown","operator_mathop"],"suggestion":["motion_gotoxy","motion_glidesecstoxy","motion_changexby"]}} search-algorithms.js:383
## {"id":"operator_multiply","time":1651488223153} blockly_compressed_vertical.js:2037
## SEARCH {"tags":[],"results":{"autocomplete":["operator_divide","o~kkmCsRg)F0/bdfCmU|_direction","sensing_distanceto","control_delete_this_clone","sensing_dayssince2000"],"suggestion":["motion_gotoxy","motion_glidesecstoxy","motion_changexby"]}} search-algorithms.js:383
## SEARCH {"tags":[],"results":{"autocomplete":["o~kkmCsRg)F0/bdfCmU|_direction"],"suggestion":["looks_thinkforsecs","sensing_coloristouchingcolor","looks_sayforsecs","forever","sensing_touchingcolor"]}} search-algorithms.js:383
## {"id":"o~kkmCsRg)F0/bdfCmU|_direction","time":1651488227292} blockly_compressed_vertical.js:2037
Trying to cancel a gesture recursively. blockly_compressed_vertical.js:861
## {"id":"_g+kH)4/Xv*NQUX^JIkr","time":1651488248181} blockly_compressed_vertical.js:2037

