react-ga.js:910 [react-ga] called ga('send', 'pageview', path);
react-ga.js:910 [react-ga] with path: /
search-algorithms.js:293 ## CLEARED SEARCH
search-algorithms.js:293 ## CLEARED SEARCH
client:52 [WDS] Live Reloading enabled.
search-algorithms.js:338 ## SEARCH {"tags":[],"results":{"autocomplete":["operator_add","operator_and","answer","askandwait"],"suggestion":["motion_gotoxy","motion_glidesecstoxy","motion_changexby","control_start_as_clone"]}}
search-algorithms.js:293 ## CLEARED SEARCH
blockly_compressed_vertical.js:2037 ## {"id":"data_setvariableto","time":1650106052239}
blockly_compressed_vertical.js:2037 ## {"id":"data_setvariableto","time":1650106058238}
blockly_compressed_vertical.js:2037 ## {"id":"Yd1_.sfnxi(ptw=I@?!X","time":1650106062846}
search-algorithms.js:338 ## SEARCH {"tags":[],"results":{"autocomplete":["wait_until","control_wait","event_whenbroadcastreceived","event_whenkeypressed","event_whenflagclicked","event_whengreaterthan","event_whenstageclicked","control_start_as_clone","event_whenthisspriteclicked","event_whenbackdropswitchesto"],"suggestion":["motion_gotoxy","motion_glidesecstoxy","motion_changexby"]}}
search-algorithms.js:338 ## SEARCH {"tags":[],"results":{"autocomplete":[],"suggestion":["event_whenthisspriteclicked","looks_switchbackdroptoandwait","event_whenflagclicked","event_whenkeypressed","event_whenstageclicked","event_whenbackdropswitchesto","event_whengreaterthan","event_whenbroadcastreceived","event_broadcastandwait","control_wait","wait_until","control_start_as_clone","askandwait"]}}
search-algorithms.js:338 ## SEARCH {"tags":[],"results":{"autocomplete":["wait_until","control_wait","event_whenbroadcastreceived","event_whenkeypressed","event_whenflagclicked","event_whengreaterthan","event_whenstageclicked","control_start_as_clone","event_whenthisspriteclicked","event_whenbackdropswitchesto"],"suggestion":["motion_gotoxy","motion_glidesecstoxy","motion_changexby"]}}
search-algorithms.js:293 ## CLEARED SEARCH
search-algorithms.js:338 ## SEARCH {"tags":[],"results":{"autocomplete":["loudness","operator_lt","operator_letter_of","operator_length"],"suggestion":["motion_gotoxy","motion_glidesecstoxy","motion_changexby"]}}
search-algorithms.js:338 ## SEARCH {"tags":[],"results":{"autocomplete":["loudness"],"suggestion":["motion_goto","motion_gotoxy","motion_setx","motion_sety","looks_setsizeto","looks_seteffectto","looks_gotofrontback","sound_seteffectto","sound_setvolumeto"]}}
search-algorithms.js:338 ## SEARCH {"tags":[],"results":{"autocomplete":[],"suggestion":["looks_sayforsecs","looks_thinkforsecs","motion_goto","motion_gotoxy","motion_setx","motion_sety","motion_setrotationstyle","looks_setsizeto","looks_seteffectto","looks_gotofrontback","sound_seteffectto","sound_setvolumeto","forever","control_create_clone_of","sensing_touchingcolor","sensing_coloristouchingcolor","sensing_setdragmode"]}}
search-algorithms.js:338 ## SEARCH {"tags":[],"results":{"autocomplete":[],"suggestion":["sound_stopallsounds","control_stop"]}}
search-algorithms.js:338 ## SEARCH {"tags":[],"results":{"autocomplete":[],"suggestion":["looks_sayforsecs","looks_thinkforsecs","motion_goto","motion_gotoxy","motion_setx","motion_sety","motion_setrotationstyle","looks_setsizeto","looks_seteffectto","looks_gotofrontback","sound_seteffectto","sound_setvolumeto","forever","control_create_clone_of","sensing_touchingcolor","sensing_coloristouchingcolor","sensing_setdragmode"]}}
search-algorithms.js:338 ## SEARCH {"tags":[],"results":{"autocomplete":["loudness"],"suggestion":["motion_goto","motion_gotoxy","motion_setx","motion_sety","looks_setsizeto","looks_seteffectto","looks_gotofrontback","sound_seteffectto","sound_setvolumeto"]}}
search-algorithms.js:338 ## SEARCH {"tags":[],"results":{"autocomplete":[],"suggestion":["looks_sayforsecs","looks_thinkforsecs","motion_goto","motion_gotoxy","motion_setx","motion_sety","motion_setrotationstyle","looks_setsizeto","looks_seteffectto","looks_gotofrontback","sound_seteffectto","sound_setvolumeto","forever","control_create_clone_of","sensing_touchingcolor","sensing_coloristouchingcolor","sensing_setdragmode"]}}
search-algorithms.js:338 ## SEARCH {"tags":[],"results":{"autocomplete":[],"suggestion":["sound_stopallsounds","control_stop"]}}
search-algorithms.js:312 ## SEARCH {"tags":["#loop"],"results":{"tag":["control_repeat","forever","repeat_until"]}}
blockly_compressed_vertical.js:2037 ## {"id":"repeat_until","time":1650106085945}
search-algorithms.js:293 ## CLEARED SEARCH
search-algorithms.js:312 ## SEARCH {"tags":["#variable"],"results":{"tag":["4+seyUInN*UNo.ba5tWA_xposition","4+seyUInN*UNo.ba5tWA_yposition","4+seyUInN*UNo.ba5tWA_direction","backdropnumbername","4+seyUInN*UNo.ba5tWA_costumenumbername","4+seyUInN*UNo.ba5tWA_size","4+seyUInN*UNo.ba5tWA_volume","sensing_distanceto","answer","sensing_mousex","sensing_mousey","loudness","timer","of","current","sensing_dayssince2000","sensing_username","operator_add","operator_subtract","operator_multiply","operator_divide","operator_random","operator_join","operator_letter_of","operator_length","operator_mod","operator_round","operator_mathop"]}}
search-algorithms.js:293 ## CLEARED SEARCH
search-algorithms.js:312 ## SEARCH {"tags":["#condition"],"results":{"tag":["motion_ifonedgebounce","event_whenflagclicked","event_whenkeypressed","event_whenstageclicked","event_whenthisspriteclicked","event_whenbackdropswitchesto","event_whengreaterthan","event_whenbroadcastreceived","control_if","control_if_else","control_start_as_clone","sensing_touchingobject","sensing_touchingcolor","sensing_coloristouchingcolor","sensing_keypressed","sensing_mousedown","operator_gt","operator_lt","operator_equals","operator_and","operator_or","operator_not","operator_contains"]}}
blockly_compressed_vertical.js:2037 ## {"id":"operator_equals","time":1650106119926}
blockly_compressed_vertical.js:2037 ## {"id":"Yd1_.sfnxi(ptw=I@?!X","time":1650106124395}
blockly_compressed_vertical.js:861 Trying to cancel a gesture recursively.
blockly_compressed_vertical.js:2037 ## {"id":"]MO~^iBit]NUQ+SsbXvH","time":1650106127608}
search-algorithms.js:293 ## CLEARED SEARCH
blockly_compressed_vertical.js:2037 ## {"id":"data_changevariableby","time":1650106149911}
blockly_compressed_vertical.js:2037 ## {"id":"data_setvariableto","time":1650106157093}
search-algorithms.js:338 ## SEARCH {"tags":[],"results":{"autocomplete":["looks_think","timer","motion_turnleft","motion_turnright","sensing_touchingcolor","sensing_touchingobject","looks_thinkforsecs"],"suggestion":["motion_gotoxy","motion_glidesecstoxy","motion_setx","motion_sety"]}}
search-algorithms.js:338 ## SEARCH {"tags":[],"results":{"autocomplete":["timer"],"suggestion":["motion_pointtowards","motion_goto","motion_gotoxy","motion_glideto","motion_glidesecstoxy","motion_pointindirection","motion_setx","motion_sety","looks_switchbackdropto","looks_switchbackdroptoandwait","4+seyUInN*UNo.ba5tWA_switchcostumeto","looks_switchbackdropto","looks_setsizeto","looks_seteffectto","looks_gotofrontback","sound_stopallsounds","sound_seteffectto","sound_setvolumeto","event_whenbackdropswitchesto","control_stop","sensing_touchingobject","sensing_touchingcolor","sensing_coloristouchingcolor","sensing_distanceto","operator_random"]}}
search-algorithms.js:338 ## SEARCH {"tags":[],"results":{"autocomplete":["timer"],"suggestion":["motion_pointtowards","sensing_touchingobject","sensing_coloristouchingcolor"]}}
search-algorithms.js:338 ## SEARCH {"tags":[],"results":{"autocomplete":["timer"],"suggestion":["motion_pointtowards","motion_goto","motion_gotoxy","motion_glideto","motion_glidesecstoxy","motion_pointindirection","motion_setx","motion_sety","looks_switchbackdropto","looks_switchbackdroptoandwait","4+seyUInN*UNo.ba5tWA_switchcostumeto","looks_switchbackdropto","looks_setsizeto","looks_seteffectto","looks_gotofrontback","sound_stopallsounds","sound_seteffectto","sound_setvolumeto","event_whenbackdropswitchesto","control_stop","sensing_touchingobject","sensing_touchingcolor","sensing_coloristouchingcolor","sensing_distanceto","operator_random"]}}
search-algorithms.js:338 ## SEARCH {"tags":[],"results":{"autocomplete":["looks_think","timer","motion_turnleft","motion_turnright","sensing_touchingcolor","sensing_touchingobject","looks_thinkforsecs"],"suggestion":["motion_gotoxy","motion_glidesecstoxy","motion_setx","motion_sety"]}}
search-algorithms.js:293 ## CLEARED SEARCH
search-algorithms.js:312 ## SEARCH {"tags":["#variable"],"results":{"tag":["4+seyUInN*UNo.ba5tWA_xposition","4+seyUInN*UNo.ba5tWA_yposition","4+seyUInN*UNo.ba5tWA_direction","backdropnumbername","4+seyUInN*UNo.ba5tWA_costumenumbername","4+seyUInN*UNo.ba5tWA_size","4+seyUInN*UNo.ba5tWA_volume","sensing_distanceto","answer","sensing_mousex","sensing_mousey","loudness","timer","of","current","sensing_dayssince2000","sensing_username","operator_add","operator_subtract","operator_multiply","operator_divide","operator_random","operator_join","operator_letter_of","operator_length","operator_mod","operator_round","operator_mathop"]}}
blockly_compressed_vertical.js:2037 ## {"id":"operator_multiply","time":1650106178582}
search-algorithms.js:293 ## CLEARED SEARCH
blockly_compressed_vertical.js:2037 ## {"id":"Yd1_.sfnxi(ptw=I@?!X","time":1650106185766}
blockly_compressed_vertical.js:2037 ## {"id":"]MO~^iBit]NUQ+SsbXvH","time":1650106188027}
search-algorithms.js:338 ## SEARCH {"tags":[],"results":{"autocomplete":["motion_pointtowards","operator_random","motion_pointindirection","4+seyUInN*UNo.ba5tWA_sound_playuntildone"],"suggestion":["motion_gotoxy","motion_glidesecstoxy","motion_changexby"]}}
search-algorithms.js:338 ## SEARCH {"tags":[],"results":{"autocomplete":[],"suggestion":["looks_sayforsecs","looks_thinkforsecs","forever","sensing_touchingcolor","sensing_coloristouchingcolor","operator_or"]}}
search-algorithms.js:338 ## SEARCH {"tags":[],"results":{"autocomplete":[],"suggestion":["looks_sayforsecs","looks_thinkforsecs","forever","sensing_touchingcolor","sensing_coloristouchingcolor","operator_or"]}}
search-algorithms.js:338 ## SEARCH {"tags":[],"results":{"autocomplete":[],"suggestion":["motion_pointindirection","motion_pointtowards","operator_join"]}}
search-algorithms.js:338 ## SEARCH {"tags":[],"results":{"autocomplete":[],"suggestion":["motion_pointindirection","motion_pointtowards","event_whenkeypressed","sensing_keypressed"]}}
search-algorithms.js:338 ## SEARCH {"tags":[],"results":{"autocomplete":[],"suggestion":["motion_pointindirection","motion_pointtowards","operator_join"]}}
search-algorithms.js:338 ## SEARCH {"tags":[],"results":{"autocomplete":[],"suggestion":["looks_sayforsecs","looks_thinkforsecs","forever","sensing_touchingcolor","sensing_coloristouchingcolor","operator_or"]}}
search-algorithms.js:338 ## SEARCH {"tags":[],"results":{"autocomplete":[],"suggestion":["looks_sayforsecs","looks_thinkforsecs","forever","sensing_touchingcolor","sensing_coloristouchingcolor","operator_or"]}}
search-algorithms.js:338 ## SEARCH {"tags":[],"results":{"autocomplete":["motion_pointtowards","operator_random","motion_pointindirection","4+seyUInN*UNo.ba5tWA_sound_playuntildone"],"suggestion":["motion_gotoxy","motion_glidesecstoxy","motion_changexby"]}}
search-algorithms.js:293 ## CLEARED SEARCH
search-algorithms.js:338 ## SEARCH {"tags":[],"results":{"autocomplete":["looks_say","looks_show","4+seyUInN*UNo.ba5tWA_size","control_stop","motion_setx","motion_sety","operator_subtract","looks_setsizeto","4+seyUInN*UNo.ba5tWA_sound_play","looks_seteffectto","sound_seteffectto","sound_setvolumeto","sensing_setdragmode","looks_sayforsecs","sound_stopallsounds","4+seyUInN*UNo.ba5tWA_switchcostumeto","motion_setrotationstyle","looks_switchbackdropto","looks_switchbackdropto","looks_switchbackdroptoandwait"],"suggestion":["control_start_as_clone","motion_gotoxy","motion_glidesecstoxy","motion_changexby","event_whenthisspriteclicked","event_broadcast","event_broadcastandwait","sensing_coloristouchingcolor","sensing_distanceto","askandwait"]}}
search-algorithms.js:338 ## SEARCH {"tags":[],"results":{"autocomplete":["looks_show"],"suggestion":["control_if","control_if_else"]}}
search-algorithms.js:338 ## SEARCH {"tags":[],"results":{"autocomplete":["looks_show"],"suggestion":["motion_goto","motion_gotoxy","motion_setx","motion_sety","looks_setsizeto","looks_seteffectto","looks_gotofrontback","sound_stopallsounds","sound_seteffectto","sound_setvolumeto","control_stop"]}}
search-algorithms.js:338 ## SEARCH {"tags":[],"results":{"autocomplete":["looks_show"],"suggestion":["sound_stopallsounds","control_stop"]}}
search-algorithms.js:338 ## SEARCH {"tags":[],"results":{"autocomplete":["looks_show"],"suggestion":["motion_goto","motion_gotoxy","motion_setx","motion_sety","looks_setsizeto","looks_seteffectto","looks_gotofrontback","sound_stopallsounds","sound_seteffectto","sound_setvolumeto","control_stop"]}}
search-algorithms.js:338 ## SEARCH {"tags":[],"results":{"autocomplete":["looks_show"],"suggestion":["control_if","control_if_else"]}}
search-algorithms.js:338 ## SEARCH {"tags":[],"results":{"autocomplete":["looks_say","looks_show","4+seyUInN*UNo.ba5tWA_size","control_stop","motion_setx","motion_sety","operator_subtract","looks_setsizeto","4+seyUInN*UNo.ba5tWA_sound_play","looks_seteffectto","sound_seteffectto","sound_setvolumeto","sensing_setdragmode","looks_sayforsecs","sound_stopallsounds","4+seyUInN*UNo.ba5tWA_switchcostumeto","motion_setrotationstyle","looks_switchbackdropto","looks_switchbackdropto","looks_switchbackdroptoandwait"],"suggestion":["control_start_as_clone","motion_gotoxy","motion_glidesecstoxy","motion_changexby","event_whenthisspriteclicked","event_broadcast","event_broadcastandwait","sensing_coloristouchingcolor","sensing_distanceto","askandwait"]}}
search-algorithms.js:293 ## CLEARED SEARCH
search-algorithms.js:338 ## SEARCH {"tags":[],"results":{"autocomplete":["looks_say","looks_show","4+seyUInN*UNo.ba5tWA_size","control_stop","motion_setx","motion_sety","operator_subtract","looks_setsizeto","4+seyUInN*UNo.ba5tWA_sound_play","looks_seteffectto","sound_seteffectto","sound_setvolumeto","sensing_setdragmode","looks_sayforsecs","sound_stopallsounds","4+seyUInN*UNo.ba5tWA_switchcostumeto","motion_setrotationstyle","looks_switchbackdropto","looks_switchbackdropto","looks_switchbackdroptoandwait"],"suggestion":["control_start_as_clone","motion_gotoxy","motion_glidesecstoxy","motion_changexby","event_whenthisspriteclicked","event_broadcast","event_broadcastandwait","sensing_coloristouchingcolor","sensing_distanceto","askandwait"]}}
search-algorithms.js:338 ## SEARCH {"tags":[],"results":{"autocomplete":["looks_say","looks_sayforsecs"],"suggestion":["control_if","control_if_else"]}}
search-algorithms.js:338 ## SEARCH {"tags":[],"results":{"autocomplete":["looks_say","looks_sayforsecs"],"suggestion":["event_whenkeypressed","sensing_keypressed"]}}
blockly_compressed_vertical.js:2037 ## {"id":"looks_sayforsecs","time":1650106214139}
blockly_compressed_vertical.js:2037 ## {"id":"Yd1_.sfnxi(ptw=I@?!X","time":1650106216709}
search-algorithms.js:293 ## CLEARED SEARCH
search-algorithms.js:338 ## SEARCH {"tags":[],"results":{"autocomplete":["backdropnumbername","event_broadcast","event_broadcastandwait"],"suggestion":["motion_changexby","motion_gotoxy","motion_glidesecstoxy","motion_changeyby","looks_changesizeby","looks_changeeffectby","sound_changeeffectby","sound_changevolumeby"]}}
search-algorithms.js:338 ## SEARCH {"tags":[],"results":{"autocomplete":[],"suggestion":["motion_changexby","motion_changeyby","looks_changesizeby","looks_changeeffectby","looks_gotofrontback","looks_goforwardbackwardlayers","sound_changeeffectby","sound_changevolumeby"]}}
search-algorithms.js:338 ## SEARCH {"tags":[],"results":{"autocomplete":[],"suggestion":["motion_changexby","motion_setx","motion_changeyby","motion_sety","motion_setrotationstyle","looks_changesizeby","looks_setsizeto","looks_changeeffectby","looks_seteffectto","looks_gotofrontback","looks_goforwardbackwardlayers","sound_changeeffectby","sound_seteffectto","sound_changevolumeby","sound_setvolumeto","event_whenkeypressed","event_whenstageclicked","sensing_keypressed","sensing_setdragmode","sensing_resettimer","of"]}}
search-algorithms.js:338 ## SEARCH {"tags":[],"results":{"autocomplete":[],"suggestion":["motion_changexby","motion_setx","motion_changeyby","motion_sety","motion_setrotationstyle","looks_changesizeby","looks_setsizeto","looks_changeeffectby","looks_seteffectto","looks_gotofrontback","looks_goforwardbackwardlayers","sound_changeeffectby","sound_seteffectto","sound_changevolumeby","sound_setvolumeto","event_whenkeypressed","event_whenstageclicked","sensing_keypressed","sensing_setdragmode","sensing_resettimer","of"]}}
search-algorithms.js:338 ## SEARCH {"tags":[],"results":{"autocomplete":[],"suggestion":["motion_changexby","motion_changeyby","looks_changesizeby","looks_changeeffectby","looks_gotofrontback","looks_goforwardbackwardlayers","sound_changeeffectby","sound_changevolumeby"]}}
search-algorithms.js:338 ## SEARCH {"tags":[],"results":{"autocomplete":["backdropnumbername","event_broadcast","event_broadcastandwait"],"suggestion":["motion_changexby","motion_gotoxy","motion_glidesecstoxy","motion_changeyby","looks_changesizeby","looks_changeeffectby","sound_changeeffectby","sound_changevolumeby"]}}
search-algorithms.js:293 ## CLEARED SEARCH
search-algorithms.js:338 ## SEARCH {"tags":[],"results":{"autocomplete":["looks_say","looks_show","4+seyUInN*UNo.ba5tWA_size","control_stop","motion_setx","motion_sety","operator_subtract","looks_setsizeto","4+seyUInN*UNo.ba5tWA_sound_play","looks_seteffectto","sound_seteffectto","sound_setvolumeto","sensing_setdragmode","looks_sayforsecs","sound_stopallsounds","4+seyUInN*UNo.ba5tWA_switchcostumeto","motion_setrotationstyle","looks_switchbackdropto","looks_switchbackdropto","looks_switchbackdroptoandwait"],"suggestion":["control_start_as_clone","motion_gotoxy","motion_glidesecstoxy","motion_changexby","event_whenthisspriteclicked","event_broadcast","event_broadcastandwait","sensing_coloristouchingcolor","sensing_distanceto","askandwait"]}}
search-algorithms.js:338 ## SEARCH {"tags":[],"results":{"autocomplete":["control_stop","4+seyUInN*UNo.ba5tWA_sound_play","sound_stopallsounds"],"suggestion":["motion_setx","motion_sety","motion_setrotationstyle","looks_setsizeto","looks_seteffectto","sound_seteffectto","sound_setvolumeto","control_if","control_if_else","sensing_setdragmode","sensing_resettimer"]}}
search-algorithms.js:312 ## SEARCH {"tags":["#start"],"results":{"tag":["event_whenflagclicked","event_whenkeypressed","event_whenstageclicked","event_whenthisspriteclicked","event_whenbackdropswitchesto","event_whengreaterthan","event_whenbroadcastreceived","event_broadcastandwait","control_start_as_clone"]}}
blockly_compressed_vertical.js:2037 ## {"id":"event_whenflagclicked","time":1650106227160}
search-algorithms.js:293 ## CLEARED SEARCH
blockly_compressed_vertical.js:861 Trying to cancel a gesture recursively.
search-algorithms.js:293 ## CLEARED SEARCH
search-algorithms.js:338 ## SEARCH {"tags":[],"results":{"autocomplete":["sensing_keypressed"],"suggestion":["motion_gotoxy","motion_glidesecstoxy","motion_changexby"]}}
search-algorithms.js:338 ## SEARCH {"tags":[],"results":{"autocomplete":["sensing_keypressed"],"suggestion":["event_whenkeypressed"]}}
search-algorithms.js:338 ## SEARCH {"tags":[],"results":{"autocomplete":["sensing_keypressed"],"suggestion":["event_whenkeypressed","motion_changexby","motion_changeyby","motion_sety","motion_setrotationstyle","looks_sayforsecs","looks_say","looks_changesizeby","looks_changeeffectby","sound_changeeffectby","sound_changevolumeby"]}}
blockly_compressed_vertical.js:2037 ## {"id":"event_whenkeypressed","time":1650106368258}
search-algorithms.js:293 ## CLEARED SEARCH
search-algorithms.js:338 ## SEARCH {"tags":[],"results":{"autocomplete":["wait_until","control_wait","event_whenbroadcastreceived","event_whenkeypressed","event_whenflagclicked","event_whengreaterthan","event_whenstageclicked","control_start_as_clone","event_whenthisspriteclicked","event_whenbackdropswitchesto"],"suggestion":["motion_gotoxy","motion_glidesecstoxy","motion_changexby"]}}
search-algorithms.js:338 ## SEARCH {"tags":[],"results":{"autocomplete":[],"suggestion":["event_whenthisspriteclicked","looks_switchbackdroptoandwait","event_whenflagclicked","event_whenkeypressed","event_whenstageclicked","event_whenbackdropswitchesto","event_whengreaterthan","event_whenbroadcastreceived","event_broadcastandwait","control_wait","wait_until","control_start_as_clone","askandwait"]}}
search-algorithms.js:338 ## SEARCH {"tags":[],"results":{"autocomplete":["wait_until","control_wait","event_whenbroadcastreceived","event_whenkeypressed","event_whenflagclicked","event_whengreaterthan","event_whenstageclicked","control_start_as_clone","event_whenthisspriteclicked","event_whenbackdropswitchesto"],"suggestion":["motion_gotoxy","motion_glidesecstoxy","motion_changexby"]}}
search-algorithms.js:293 ## CLEARED SEARCH
search-algorithms.js:338 ## SEARCH {"tags":[],"results":{"autocomplete":["loudness","operator_lt","operator_letter_of","operator_length"],"suggestion":["motion_gotoxy","motion_glidesecstoxy","motion_changexby"]}}
search-algorithms.js:338 ## SEARCH {"tags":[],"results":{"autocomplete":["loudness"],"suggestion":["motion_goto","motion_gotoxy","motion_setx","motion_sety","looks_setsizeto","looks_seteffectto","looks_gotofrontback","sound_seteffectto","sound_setvolumeto"]}}
search-algorithms.js:338 ## SEARCH {"tags":[],"results":{"autocomplete":[],"suggestion":["looks_sayforsecs","looks_thinkforsecs","motion_goto","motion_gotoxy","motion_setx","motion_sety","motion_setrotationstyle","looks_setsizeto","looks_seteffectto","looks_gotofrontback","sound_seteffectto","sound_setvolumeto","forever","control_create_clone_of","sensing_touchingcolor","sensing_coloristouchingcolor","sensing_setdragmode"]}}
search-algorithms.js:338 ## SEARCH {"tags":[],"results":{"autocomplete":[],"suggestion":["sound_stopallsounds","control_stop"]}}
search-algorithms.js:312 ## SEARCH {"tags":["#loop"],"results":{"tag":["control_repeat","forever","repeat_until"]}}
blockly_compressed_vertical.js:2037 ## {"id":"repeat_until","time":1650106382860}
search-algorithms.js:293 ## CLEARED SEARCH
search-algorithms.js:338 ## SEARCH {"tags":[],"results":{"autocomplete":["sensing_keypressed"],"suggestion":["motion_gotoxy","motion_glidesecstoxy","motion_changexby"]}}
search-algorithms.js:338 ## SEARCH {"tags":[],"results":{"autocomplete":["sensing_keypressed"],"suggestion":["event_whenkeypressed"]}}
search-algorithms.js:338 ## SEARCH {"tags":[],"results":{"autocomplete":["sensing_keypressed"],"suggestion":["event_whenkeypressed","motion_changexby","motion_changeyby","motion_sety","motion_setrotationstyle","looks_sayforsecs","looks_say","looks_changesizeby","looks_changeeffectby","sound_changeeffectby","sound_changevolumeby"]}}
blockly_compressed_vertical.js:2037 ## {"id":"sensing_keypressed","time":1650106390842}
search-algorithms.js:338 ## SEARCH {"tags":[],"results":{"autocomplete":[],"suggestion":["motion_gotoxy","motion_glidesecstoxy","motion_changexby"]}}
search-algorithms.js:338 ## SEARCH {"tags":[],"results":{"autocomplete":[],"suggestion":["motion_goto","motion_gotoxy","looks_gotofrontback"]}}
search-algorithms.js:338 ## SEARCH {"tags":[],"results":{"autocomplete":[],"suggestion":["motion_pointindirection","motion_ifonedgebounce","motion_setrotationstyle","4+seyUInN*UNo.ba5tWA_xposition","4+seyUInN*UNo.ba5tWA_yposition","4+seyUInN*UNo.ba5tWA_direction","looks_sayforsecs","looks_thinkforsecs","4+seyUInN*UNo.ba5tWA_sound_playuntildone","control_wait","control_start_as_clone","control_create_clone_of","control_delete_this_clone","operator_contains","operator_mathop"]}}
search-algorithms.js:312 ## SEARCH {"tags":["#condition"],"results":{"tag":["motion_ifonedgebounce","event_whenflagclicked","event_whenkeypressed","event_whenstageclicked","event_whenthisspriteclicked","event_whenbackdropswitchesto","event_whengreaterthan","event_whenbroadcastreceived","control_if","control_if_else","control_start_as_clone","sensing_touchingobject","sensing_touchingcolor","sensing_coloristouchingcolor","sensing_keypressed","sensing_mousedown","operator_gt","operator_lt","operator_equals","operator_and","operator_or","operator_not","operator_contains"]}}
blockly_compressed_vertical.js:2037 ## {"id":"event_whenkeypressed","time":1650106413629}
blockly_compressed_vertical.js:2037 ## {"id":"event_whenkeypressed","time":1650106416553}
search-algorithms.js:293 ## CLEARED SEARCH
search-algorithms.js:338 ## SEARCH {"tags":[],"results":{"autocomplete":["4+seyUInN*UNo.ba5tWA_costumenumbername","current","operator_contains","motion_changexby","motion_changeyby","looks_changesizeby","control_create_clone_of","looks_changeeffectby","sound_changeeffectby","sound_changevolumeby","sound_cleareffects","looks_cleargraphiceffects","sensing_coloristouchingcolor"],"suggestion":["motion_gotoxy","motion_glidesecstoxy"]}}
search-algorithms.js:338 ## SEARCH {"tags":[],"results":{"autocomplete":["4+seyUInN*UNo.ba5tWA_costumenumbername","operator_contains","sensing_coloristouchingcolor"],"suggestion":["motion_goto","motion_gotoxy","looks_gotofrontback"]}}
search-algorithms.js:338 ## SEARCH {"tags":[],"results":{"autocomplete":["operator_contains"],"suggestion":["looks_thinkforsecs","control_create_clone_of","looks_sayforsecs","control_start_as_clone","control_delete_this_clone"]}}
search-algorithms.js:338 ## SEARCH {"tags":[],"results":{"autocomplete":[],"suggestion":["4+seyUInN*UNo.ba5tWA_sound_playuntildone","control_start_as_clone","control_create_clone_of","control_delete_this_clone"]}}
search-algorithms.js:338 ## SEARCH {"tags":[],"results":{"autocomplete":["operator_contains"],"suggestion":["looks_thinkforsecs","control_create_clone_of","looks_sayforsecs","control_start_as_clone","control_delete_this_clone"]}}
search-algorithms.js:338 ## SEARCH {"tags":[],"results":{"autocomplete":["4+seyUInN*UNo.ba5tWA_costumenumbername","operator_contains","sensing_coloristouchingcolor"],"suggestion":["motion_goto","motion_gotoxy","looks_gotofrontback"]}}
search-algorithms.js:338 ## SEARCH {"tags":[],"results":{"autocomplete":["4+seyUInN*UNo.ba5tWA_costumenumbername","current","operator_contains","motion_changexby","motion_changeyby","looks_changesizeby","control_create_clone_of","looks_changeeffectby","sound_changeeffectby","sound_changevolumeby","sound_cleareffects","looks_cleargraphiceffects","sensing_coloristouchingcolor"],"suggestion":["motion_gotoxy","motion_glidesecstoxy"]}}
search-algorithms.js:293 ## CLEARED SEARCH
search-algorithms.js:338 ## SEARCH {"tags":[],"results":{"autocomplete":["loudness","operator_lt","operator_letter_of","operator_length"],"suggestion":["motion_gotoxy","motion_glidesecstoxy","motion_changexby"]}}
search-algorithms.js:338 ## SEARCH {"tags":[],"results":{"autocomplete":["loudness"],"suggestion":["motion_goto","motion_gotoxy","motion_setx","motion_sety","looks_setsizeto","looks_seteffectto","looks_gotofrontback","sound_seteffectto","sound_setvolumeto"]}}
search-algorithms.js:338 ## SEARCH {"tags":[],"results":{"autocomplete":[],"suggestion":["looks_sayforsecs","looks_thinkforsecs","motion_goto","motion_gotoxy","motion_setx","motion_sety","motion_setrotationstyle","looks_setsizeto","looks_seteffectto","looks_gotofrontback","sound_seteffectto","sound_setvolumeto","forever","control_create_clone_of","sensing_touchingcolor","sensing_coloristouchingcolor","sensing_setdragmode"]}}
search-algorithms.js:312 ## SEARCH {"tags":["#loop"],"results":{"tag":["control_repeat","forever","repeat_until"]}}
blockly_compressed_vertical.js:2037 ## {"id":"repeat_until","time":1650106429826}
blockly_compressed_vertical.js:2037 ## {"id":"repeat_until","time":1650106432121}
blockly_compressed_vertical.js:2037 ## {"id":"repeat_until","time":1650106439093}
search-algorithms.js:293 ## CLEARED SEARCH
search-algorithms.js:338 ## SEARCH {"tags":[],"results":{"autocomplete":["4+seyUInN*UNo.ba5tWA_costumenumbername","current","operator_contains","motion_changexby","motion_changeyby","looks_changesizeby","control_create_clone_of","looks_changeeffectby","sound_changeeffectby","sound_changevolumeby","sound_cleareffects","looks_cleargraphiceffects","sensing_coloristouchingcolor"],"suggestion":["motion_gotoxy","motion_glidesecstoxy"]}}
search-algorithms.js:338 ## SEARCH {"tags":[],"results":{"autocomplete":["4+seyUInN*UNo.ba5tWA_costumenumbername","operator_contains","sensing_coloristouchingcolor"],"suggestion":["motion_goto","motion_gotoxy","looks_gotofrontback"]}}
search-algorithms.js:338 ## SEARCH {"tags":[],"results":{"autocomplete":["operator_contains"],"suggestion":["looks_thinkforsecs","control_create_clone_of","looks_sayforsecs","control_start_as_clone","control_delete_this_clone"]}}
search-algorithms.js:338 ## SEARCH {"tags":[],"results":{"autocomplete":[],"suggestion":["4+seyUInN*UNo.ba5tWA_sound_playuntildone","control_start_as_clone","control_create_clone_of","control_delete_this_clone"]}}
search-algorithms.js:312 ## SEARCH {"tags":["#condition"],"results":{"tag":["motion_ifonedgebounce","event_whenflagclicked","event_whenkeypressed","event_whenstageclicked","event_whenthisspriteclicked","event_whenbackdropswitchesto","event_whengreaterthan","event_whenbroadcastreceived","control_if","control_if_else","control_start_as_clone","sensing_touchingobject","sensing_touchingcolor","sensing_coloristouchingcolor","sensing_keypressed","sensing_mousedown","operator_gt","operator_lt","operator_equals","operator_and","operator_or","operator_not","operator_contains"]}}
blockly_compressed_vertical.js:2037 ## {"id":"event_whenkeypressed","time":1650106446640}
search-algorithms.js:293 ## CLEARED SEARCH
search-algorithms.js:338 ## SEARCH {"tags":[],"results":{"autocomplete":["4+seyUInN*UNo.ba5tWA_costumenumbername","current","operator_contains","motion_changexby","motion_changeyby","looks_changesizeby","control_create_clone_of","looks_changeeffectby","sound_changeeffectby","sound_changevolumeby","sound_cleareffects","looks_cleargraphiceffects","sensing_coloristouchingcolor"],"suggestion":["motion_gotoxy","motion_glidesecstoxy"]}}
search-algorithms.js:338 ## SEARCH {"tags":[],"results":{"autocomplete":["4+seyUInN*UNo.ba5tWA_costumenumbername","operator_contains","sensing_coloristouchingcolor"],"suggestion":["motion_goto","motion_gotoxy","looks_gotofrontback"]}}
search-algorithms.js:338 ## SEARCH {"tags":[],"results":{"autocomplete":["operator_contains"],"suggestion":["looks_thinkforsecs","control_create_clone_of","looks_sayforsecs","control_start_as_clone","control_delete_this_clone"]}}
search-algorithms.js:338 ## SEARCH {"tags":[],"results":{"autocomplete":[],"suggestion":["4+seyUInN*UNo.ba5tWA_sound_playuntildone","control_start_as_clone","control_create_clone_of","control_delete_this_clone"]}}
search-algorithms.js:312 ## SEARCH {"tags":["#condition"],"results":{"tag":["motion_ifonedgebounce","event_whenflagclicked","event_whenkeypressed","event_whenstageclicked","event_whenthisspriteclicked","event_whenbackdropswitchesto","event_whengreaterthan","event_whenbroadcastreceived","control_if","control_if_else","control_start_as_clone","sensing_touchingobject","sensing_touchingcolor","sensing_coloristouchingcolor","sensing_keypressed","sensing_mousedown","operator_gt","operator_lt","operator_equals","operator_and","operator_or","operator_not","operator_contains"]}}
blockly_compressed_vertical.js:2037 ## {"id":"sensing_keypressed","time":1650106484027}
blockly_compressed_vertical.js:2037 ## {"id":"operator_not","time":1650106491892}
blockly_compressed_vertical.js:2037 ## {"id":"operator_not","time":1650106495484}
blockly_compressed_vertical.js:2037 ## {"id":"sensing_keypressed","time":1650106497829}
blockly_compressed_vertical.js:2037 ## {"id":"operator_not","time":1650106500143}
blockly_compressed_vertical.js:2037 ## {"id":"sensing_keypressed","time":1650106502420}
blockly_compressed_vertical.js:2037 ## {"id":"operator_not","time":1650106504966}
search-algorithms.js:293 ## CLEARED SEARCH
search-algorithms.js:338 ## SEARCH {"tags":[],"results":{"autocomplete":["operator_mod","sensing_mousex","sensing_mousey","operator_multiply","motion_movesteps","sensing_mousedown","operator_mathop"],"suggestion":["motion_gotoxy","motion_glidesecstoxy","motion_changexby"]}}
search-algorithms.js:338 ## SEARCH {"tags":[],"results":{"autocomplete":["operator_mod","sensing_mousex","sensing_mousey","motion_movesteps","sensing_mousedown"],"suggestion":["motion_goto","motion_gotoxy","looks_gotofrontback"]}}
search-algorithms.js:312 ## SEARCH {"tags":["#motion"],"results":{"tag":["motion_movesteps","motion_turnright","motion_turnleft","motion_goto","motion_gotoxy","motion_glideto","motion_glidesecstoxy","motion_pointindirection","motion_pointtowards","motion_changexby","motion_setx","motion_changeyby","motion_sety","motion_ifonedgebounce","motion_setrotationstyle","4+seyUInN*UNo.ba5tWA_xposition","4+seyUInN*UNo.ba5tWA_yposition","4+seyUInN*UNo.ba5tWA_direction"]}}
blockly_compressed_vertical.js:2037 ## {"id":"motion_movesteps","time":1650106529212}
blockly_compressed_vertical.js:2037 ## {"id":"motion_movesteps","time":1650106535032}
blockly_compressed_vertical.js:2037 ## {"id":"motion_changeyby","time":1650106538526}
blockly_compressed_vertical.js:2037 ## {"id":"motion_changeyby","time":1650106540841}
search-algorithms.js:293 ## CLEARED SEARCH
search-algorithms.js:338 ## SEARCH {"tags":[],"results":{"autocomplete":["operator_round","control_repeat","sensing_resettimer","repeat_until"],"suggestion":["looks_sayforsecs","looks_thinkforsecs","forever"]}}
search-algorithms.js:338 ## SEARCH {"tags":[],"results":{"autocomplete":["control_repeat","repeat_until"],"suggestion":["motion_setx","motion_sety","motion_setrotationstyle","looks_setsizeto","looks_seteffectto","sound_seteffectto","sound_setvolumeto","event_whenkeypressed","sensing_keypressed","sensing_setdragmode","sensing_resettimer"]}}
search-algorithms.js:338 ## SEARCH {"tags":[],"results":{"autocomplete":["loudness","operator_lt","operator_letter_of","operator_length"],"suggestion":["motion_gotoxy","motion_glidesecstoxy","motion_changexby"]}}
search-algorithms.js:338 ## SEARCH {"tags":[],"results":{"autocomplete":["loudness"],"suggestion":["motion_goto","motion_gotoxy","motion_setx","motion_sety","looks_setsizeto","looks_seteffectto","looks_gotofrontback","sound_seteffectto","sound_setvolumeto"]}}
search-algorithms.js:338 ## SEARCH {"tags":[],"results":{"autocomplete":[],"suggestion":["looks_sayforsecs","looks_thinkforsecs","motion_goto","motion_gotoxy","motion_setx","motion_sety","motion_setrotationstyle","looks_setsizeto","looks_seteffectto","looks_gotofrontback","sound_seteffectto","sound_setvolumeto","forever","control_create_clone_of","sensing_touchingcolor","sensing_coloristouchingcolor","sensing_setdragmode"]}}
search-algorithms.js:312 ## SEARCH {"tags":["#looks"],"results":{"tag":["looks_sayforsecs","looks_say","looks_thinkforsecs","looks_think","looks_switchbackdropto","looks_switchbackdroptoandwait","looks_nextbackdrop","4+seyUInN*UNo.ba5tWA_switchcostumeto","looks_nextcostume","looks_changesizeby","looks_setsizeto","looks_changeeffectby","looks_seteffectto","looks_cleargraphiceffects","looks_show","looks_hide","looks_gotofrontback","looks_goforwardbackwardlayers","backdropnumbername","4+seyUInN*UNo.ba5tWA_costumenumbername","4+seyUInN*UNo.ba5tWA_size"]}}
search-algorithms.js:293 ## CLEARED SEARCH
search-algorithms.js:338 ## SEARCH {"tags":[],"results":{"autocomplete":["loudness","operator_lt","operator_letter_of","operator_length"],"suggestion":["motion_gotoxy","motion_glidesecstoxy","motion_changexby"]}}
search-algorithms.js:338 ## SEARCH {"tags":[],"results":{"autocomplete":["loudness"],"suggestion":["motion_goto","motion_gotoxy","motion_setx","motion_sety","looks_setsizeto","looks_seteffectto","looks_gotofrontback","sound_seteffectto","sound_setvolumeto"]}}
search-algorithms.js:338 ## SEARCH {"tags":[],"results":{"autocomplete":[],"suggestion":["looks_sayforsecs","looks_thinkforsecs","motion_goto","motion_gotoxy","motion_setx","motion_sety","motion_setrotationstyle","looks_setsizeto","looks_seteffectto","looks_gotofrontback","sound_seteffectto","sound_setvolumeto","forever","control_create_clone_of","sensing_touchingcolor","sensing_coloristouchingcolor","sensing_setdragmode"]}}
search-algorithms.js:338 ## SEARCH {"tags":[],"results":{"autocomplete":[],"suggestion":["sound_stopallsounds","control_stop"]}}
search-algorithms.js:312 ## SEARCH {"tags":["#loop"],"results":{"tag":["control_repeat","forever","repeat_until"]}}
blockly_compressed_vertical.js:2037 ## {"id":"forever","time":1650106566882}
search-algorithms.js:293 ## CLEARED SEARCH
search-algorithms.js:338 ## SEARCH {"tags":[],"results":{"autocomplete":["loudness","operator_lt","operator_letter_of","operator_length"],"suggestion":["motion_gotoxy","motion_glidesecstoxy","motion_changexby"]}}
search-algorithms.js:338 ## SEARCH {"tags":[],"results":{"autocomplete":["loudness"],"suggestion":["motion_goto","motion_gotoxy","motion_setx","motion_sety","looks_setsizeto","looks_seteffectto","looks_gotofrontback","sound_seteffectto","sound_setvolumeto"]}}
search-algorithms.js:338 ## SEARCH {"tags":[],"results":{"autocomplete":[],"suggestion":["looks_sayforsecs","looks_thinkforsecs","motion_goto","motion_gotoxy","motion_setx","motion_sety","motion_setrotationstyle","looks_setsizeto","looks_seteffectto","looks_gotofrontback","sound_seteffectto","sound_setvolumeto","forever","control_create_clone_of","sensing_touchingcolor","sensing_coloristouchingcolor","sensing_setdragmode"]}}
search-algorithms.js:312 ## SEARCH {"tags":["#looks"],"results":{"tag":["looks_sayforsecs","looks_say","looks_thinkforsecs","looks_think","looks_switchbackdropto","looks_switchbackdroptoandwait","looks_nextbackdrop","4+seyUInN*UNo.ba5tWA_switchcostumeto","looks_nextcostume","looks_changesizeby","looks_setsizeto","looks_changeeffectby","looks_seteffectto","looks_cleargraphiceffects","looks_show","looks_hide","looks_gotofrontback","looks_goforwardbackwardlayers","backdropnumbername","4+seyUInN*UNo.ba5tWA_costumenumbername","4+seyUInN*UNo.ba5tWA_size"]}}
blockly_compressed_vertical.js:2037 ## {"id":"looks_nextcostume","time":1650106581468}
search-algorithms.js:293 ## CLEARED SEARCH
search-algorithms.js:293 ## CLEARED SEARCH
search-algorithms.js:293 ## CLEARED SEARCH
search-algorithms.js:293 ## CLEARED SEARCH
search-algorithms.js:293 ## CLEARED SEARCH
search-algorithms.js:293 ## CLEARED SEARCH
blockly_compressed_vertical.js:2037 ## {"id":"data_setvariableto","time":1650106759801}
blockly_compressed_vertical.js:2037 ## {"id":"data_setvariableto","time":1650106761931}
search-algorithms.js:338 ## SEARCH {"tags":[],"results":{"autocomplete":["loudness","operator_lt","operator_letter_of","operator_length"],"suggestion":["motion_gotoxy","motion_glidesecstoxy","motion_changexby"]}}
search-algorithms.js:338 ## SEARCH {"tags":[],"results":{"autocomplete":["loudness"],"suggestion":["motion_goto","motion_gotoxy","motion_setx","motion_sety","looks_setsizeto","looks_seteffectto","looks_gotofrontback","sound_seteffectto","sound_setvolumeto"]}}
search-algorithms.js:338 ## SEARCH {"tags":[],"results":{"autocomplete":[],"suggestion":["looks_sayforsecs","looks_thinkforsecs","motion_goto","motion_gotoxy","motion_setx","motion_sety","motion_setrotationstyle","looks_setsizeto","looks_seteffectto","looks_gotofrontback","sound_seteffectto","sound_setvolumeto","forever","control_create_clone_of","sensing_touchingcolor","sensing_coloristouchingcolor","sensing_setdragmode"]}}
search-algorithms.js:338 ## SEARCH {"tags":[],"results":{"autocomplete":[],"suggestion":["sound_stopallsounds","control_stop"]}}
search-algorithms.js:312 ## SEARCH {"tags":["#loop"],"results":{"tag":["control_repeat","forever","repeat_until"]}}
blockly_compressed_vertical.js:2037 ## {"id":"forever","time":1650106775021}
search-algorithms.js:293 ## CLEARED SEARCH
search-algorithms.js:312 ## SEARCH {"tags":["#motion"],"results":{"tag":["motion_movesteps","motion_turnright","motion_turnleft","motion_goto","motion_gotoxy","motion_glideto","motion_glidesecstoxy","motion_pointindirection","motion_pointtowards","motion_changexby","motion_setx","motion_changeyby","motion_sety","motion_ifonedgebounce","motion_setrotationstyle","4+seyUInN*UNo.ba5tWA_xposition","4+seyUInN*UNo.ba5tWA_yposition","4+seyUInN*UNo.ba5tWA_direction"]}}
blockly_compressed_vertical.js:2037 ## {"id":"4+seyUInN*UNo.ba5tWA_xposition","time":1650106814990}
blockly_compressed_vertical.js:2037 ## {"id":"4+seyUInN*UNo.ba5tWA_yposition","time":1650106817528}
search-algorithms.js:293 ## CLEARED SEARCH
search-algorithms.js:338 ## SEARCH {"tags":[],"results":{"autocomplete":["wait_until","control_wait","event_whenbroadcastreceived","event_whenkeypressed","event_whenflagclicked","event_whengreaterthan","event_whenstageclicked","control_start_as_clone","event_whenthisspriteclicked","event_whenbackdropswitchesto"],"suggestion":["motion_gotoxy","motion_glidesecstoxy","motion_changexby"]}}
search-algorithms.js:338 ## SEARCH {"tags":[],"results":{"autocomplete":["wait_until","control_wait"],"suggestion":["motion_pointindirection","4+seyUInN*UNo.ba5tWA_direction"]}}
search-algorithms.js:338 ## SEARCH {"tags":[],"results":{"autocomplete":["wait_until","control_wait"],"suggestion":["event_broadcastandwait","askandwait","looks_switchbackdroptoandwait"]}}
search-algorithms.js:338 ## SEARCH {"tags":[],"results":{"autocomplete":["wait_until","control_wait"],"suggestion":["motion_pointindirection","4+seyUInN*UNo.ba5tWA_direction"]}}
search-algorithms.js:338 ## SEARCH {"tags":[],"results":{"autocomplete":["wait_until","control_wait","event_whenbroadcastreceived","event_whenkeypressed","event_whenflagclicked","event_whengreaterthan","event_whenstageclicked","control_start_as_clone","event_whenthisspriteclicked","event_whenbackdropswitchesto"],"suggestion":["motion_gotoxy","motion_glidesecstoxy","motion_changexby"]}}
search-algorithms.js:293 ## CLEARED SEARCH
search-algorithms.js:338 ## SEARCH {"tags":[],"results":{"autocomplete":["looks_say","looks_show","4+seyUInN*UNo.ba5tWA_size","control_stop","motion_setx","motion_sety","operator_subtract","looks_setsizeto","4+seyUInN*UNo.ba5tWA_sound_play","looks_seteffectto","sound_seteffectto","sound_setvolumeto","sensing_setdragmode","looks_sayforsecs","sound_stopallsounds","4+seyUInN*UNo.ba5tWA_switchcostumeto","motion_setrotationstyle","looks_switchbackdropto","looks_switchbackdropto","looks_switchbackdroptoandwait"],"suggestion":["control_start_as_clone","motion_gotoxy","motion_glidesecstoxy","motion_changexby","event_whenthisspriteclicked","event_broadcast","event_broadcastandwait","sensing_coloristouchingcolor","sensing_distanceto","askandwait"]}}
search-algorithms.js:338 ## SEARCH {"tags":[],"results":{"autocomplete":[],"suggestion":["control_if","control_if_else"]}}
search-algorithms.js:338 ## SEARCH {"tags":[],"results":{"autocomplete":[],"suggestion":["motion_setrotationstyle","looks_setsizeto","motion_setx","motion_sety","looks_sayforsecs","looks_say","looks_changesizeby","looks_seteffectto","4+seyUInN*UNo.ba5tWA_size","sound_stopallsounds","sound_seteffectto","sound_setvolumeto","control_if_else","sensing_setdragmode","sensing_resettimer"]}}
search-algorithms.js:338 ## SEARCH {"tags":[],"results":{"autocomplete":[],"suggestion":["looks_setsizeto","motion_setx","motion_sety","motion_setrotationstyle","looks_changesizeby","looks_seteffectto","4+seyUInN*UNo.ba5tWA_size","sound_seteffectto","sound_setvolumeto","control_if_else","sensing_setdragmode","sensing_resettimer"]}}
search-algorithms.js:338 ## SEARCH {"tags":[],"results":{"autocomplete":[],"suggestion":["looks_setsizeto","motion_setx","motion_sety","motion_setrotationstyle","looks_changesizeby","looks_seteffectto","4+seyUInN*UNo.ba5tWA_size","sound_seteffectto","sound_setvolumeto","control_if_else","sensing_setdragmode","sensing_resettimer"]}}
search-algorithms.js:338 ## SEARCH {"tags":[],"results":{"autocomplete":[],"suggestion":["motion_setrotationstyle","looks_setsizeto","motion_setx","motion_sety","looks_sayforsecs","looks_say","looks_changesizeby","looks_seteffectto","4+seyUInN*UNo.ba5tWA_size","sound_stopallsounds","sound_seteffectto","sound_setvolumeto","control_if_else","sensing_setdragmode","sensing_resettimer"]}}
search-algorithms.js:338 ## SEARCH {"tags":[],"results":{"autocomplete":[],"suggestion":["control_if","control_if_else"]}}
search-algorithms.js:338 ## SEARCH {"tags":[],"results":{"autocomplete":["looks_say","looks_show","4+seyUInN*UNo.ba5tWA_size","control_stop","motion_setx","motion_sety","operator_subtract","looks_setsizeto","4+seyUInN*UNo.ba5tWA_sound_play","looks_seteffectto","sound_seteffectto","sound_setvolumeto","sensing_setdragmode","looks_sayforsecs","sound_stopallsounds","4+seyUInN*UNo.ba5tWA_switchcostumeto","motion_setrotationstyle","looks_switchbackdropto","looks_switchbackdropto","looks_switchbackdroptoandwait"],"suggestion":["control_start_as_clone","motion_gotoxy","motion_glidesecstoxy","motion_changexby","event_whenthisspriteclicked","event_broadcast","event_broadcastandwait","sensing_coloristouchingcolor","sensing_distanceto","askandwait"]}}
search-algorithms.js:293 ## CLEARED SEARCH
search-algorithms.js:338 ## SEARCH {"tags":[],"results":{"autocomplete":["wait_until","control_wait","event_whenbroadcastreceived","event_whenkeypressed","event_whenflagclicked","event_whengreaterthan","event_whenstageclicked","control_start_as_clone","event_whenthisspriteclicked","event_whenbackdropswitchesto"],"suggestion":["motion_gotoxy","motion_glidesecstoxy","motion_changexby"]}}
search-algorithms.js:338 ## SEARCH {"tags":[],"results":{"autocomplete":["wait_until","control_wait"],"suggestion":["motion_pointindirection","4+seyUInN*UNo.ba5tWA_direction"]}}
search-algorithms.js:338 ## SEARCH {"tags":[],"results":{"autocomplete":["wait_until","control_wait"],"suggestion":["event_broadcastandwait","askandwait","looks_switchbackdroptoandwait"]}}
search-algorithms.js:338 ## SEARCH {"tags":[],"results":{"autocomplete":["wait_until","control_wait"],"suggestion":["looks_switchbackdroptoandwait","event_broadcastandwait","askandwait"]}}
blockly_compressed_vertical.js:2037 ## {"id":"control_wait","time":1650106830999}
search-algorithms.js:338 ## SEARCH {"tags":[],"results":{"autocomplete":["wait_until","control_wait"],"suggestion":["looks_switchbackdroptoandwait","event_broadcastandwait","askandwait"]}}
search-algorithms.js:338 ## SEARCH {"tags":[],"results":{"autocomplete":["operator_mod","sensing_mousex","sensing_mousey","operator_multiply","motion_movesteps","sensing_mousedown","operator_mathop"],"suggestion":["motion_gotoxy","motion_glidesecstoxy","motion_changexby"]}}
search-algorithms.js:338 ## SEARCH {"tags":[],"results":{"autocomplete":["operator_mod","sensing_mousex","sensing_mousey","motion_movesteps","sensing_mousedown"],"suggestion":["motion_goto","motion_gotoxy","looks_gotofrontback"]}}
search-algorithms.js:338 ## SEARCH {"tags":[],"results":{"autocomplete":[],"suggestion":["sensing_setdragmode","motion_setx","motion_sety","motion_setrotationstyle","looks_sayforsecs","looks_thinkforsecs","looks_setsizeto","looks_seteffectto","sound_seteffectto","sound_setvolumeto"]}}
search-algorithms.js:338 ## SEARCH {"tags":[],"results":{"autocomplete":[],"suggestion":["sensing_setdragmode","motion_movesteps","operator_not","operator_mod","operator_mathop"]}}
search-algorithms.js:312 ## SEARCH {"tags":["#motion"],"results":{"tag":["motion_movesteps","motion_turnright","motion_turnleft","motion_goto","motion_gotoxy","motion_glideto","motion_glidesecstoxy","motion_pointindirection","motion_pointtowards","motion_changexby","motion_setx","motion_changeyby","motion_sety","motion_ifonedgebounce","motion_setrotationstyle","pKGF/@Qji{:g`WMwvw)q_xposition","pKGF/@Qji{:g`WMwvw)q_yposition","pKGF/@Qji{:g`WMwvw)q_direction"]}}
blockly_compressed_vertical.js:2037 ## {"id":"motion_glidesecstoxy","time":1650106851258}
blockly_compressed_vertical.js:861 Trying to cancel a gesture recursively.
search-algorithms.js:312 ## SEARCH {"tags":["#motion"],"results":{"tag":["motion_movesteps","motion_turnright","motion_turnleft","motion_goto","motion_gotoxy","motion_glideto","motion_glidesecstoxy","motion_pointindirection","motion_pointtowards","motion_changexby","motion_setx","motion_changeyby","motion_sety","motion_ifonedgebounce","motion_setrotationstyle","4+seyUInN*UNo.ba5tWA_xposition","4+seyUInN*UNo.ba5tWA_yposition","4+seyUInN*UNo.ba5tWA_direction"]}}
blockly_compressed_vertical.js:861 Trying to cancel a gesture recursively.
search-algorithms.js:293 ## CLEARED SEARCH
blockly_compressed_vertical.js:2037 ## {"id":"c8KS@50[JK$t?fmPG;at","time":1650106867768}
blockly_compressed_vertical.js:861 Trying to cancel a gesture recursively.
search-algorithms.js:293 ## CLEARED SEARCH
search-algorithms.js:312 ## SEARCH {"tags":["#motion"],"results":{"tag":["motion_movesteps","motion_turnright","motion_turnleft","motion_goto","motion_gotoxy","motion_glideto","motion_glidesecstoxy","motion_pointindirection","motion_pointtowards","motion_changexby","motion_setx","motion_changeyby","motion_sety","motion_ifonedgebounce","motion_setrotationstyle","pKGF/@Qji{:g`WMwvw)q_xposition","pKGF/@Qji{:g`WMwvw)q_yposition","pKGF/@Qji{:g`WMwvw)q_direction"]}}
search-algorithms.js:293 ## CLEARED SEARCH
search-algorithms.js:338 ## SEARCH {"tags":[],"results":{"autocomplete":["loudness","operator_lt","operator_letter_of","operator_length"],"suggestion":["motion_gotoxy","motion_glidesecstoxy","motion_changexby"]}}
search-algorithms.js:338 ## SEARCH {"tags":[],"results":{"autocomplete":["loudness"],"suggestion":["motion_goto","motion_gotoxy","motion_setx","motion_sety","looks_setsizeto","looks_seteffectto","looks_gotofrontback","sound_seteffectto","sound_setvolumeto"]}}
search-algorithms.js:338 ## SEARCH {"tags":[],"results":{"autocomplete":[],"suggestion":["looks_sayforsecs","looks_thinkforsecs","motion_goto","motion_gotoxy","motion_setx","motion_sety","motion_setrotationstyle","looks_setsizeto","looks_seteffectto","looks_gotofrontback","sound_seteffectto","sound_setvolumeto","forever","control_create_clone_of","sensing_touchingcolor","sensing_coloristouchingcolor","sensing_setdragmode"]}}
search-algorithms.js:338 ## SEARCH {"tags":[],"results":{"autocomplete":[],"suggestion":["sound_stopallsounds","control_stop"]}}
search-algorithms.js:312 ## SEARCH {"tags":["#loop"],"results":{"tag":["control_repeat","forever","repeat_until"]}}
blockly_compressed_vertical.js:2037 ## {"id":"forever","time":1650106887030}
search-algorithms.js:293 ## CLEARED SEARCH
search-algorithms.js:338 ## SEARCH {"tags":[],"results":{"autocomplete":["motion_goto","looks_goforwardbackwardlayers","motion_gotoxy","looks_gotofrontback","operator_gt","motion_glideto","motion_glidesecstoxy"],"suggestion":["motion_changexby"]}}
search-algorithms.js:338 ## SEARCH {"tags":[],"results":{"autocomplete":["motion_glideto","motion_glidesecstoxy"],"suggestion":["motion_goto","motion_gotoxy","looks_gotofrontback","looks_goforwardbackwardlayers","pKGF/@Qji{:g`WMwvw)q_sound_play","control_start_as_clone"]}}
search-algorithms.js:338 ## SEARCH {"tags":[],"results":{"autocomplete":["motion_glideto","motion_glidesecstoxy"],"suggestion":["motion_goto","motion_gotoxy","looks_gotofrontback","looks_goforwardbackwardlayers","sound_stopallsounds"]}}
search-algorithms.js:338 ## SEARCH {"tags":[],"results":{"autocomplete":["motion_glideto","motion_glidesecstoxy"],"suggestion":[]}}
search-algorithms.js:338 ## SEARCH {"tags":[],"results":{"autocomplete":["motion_glideto","motion_glidesecstoxy"],"suggestion":["looks_hide"]}}
blockly_compressed_vertical.js:2037 ## {"id":"motion_glidesecstoxy","time":1650106892997}
search-algorithms.js:293 ## CLEARED SEARCH
search-algorithms.js:338 ## SEARCH {"tags":[],"results":{"autocomplete":["operator_mod","sensing_mousex","sensing_mousey","operator_multiply","motion_movesteps","sensing_mousedown","operator_mathop"],"suggestion":["motion_gotoxy","motion_glidesecstoxy","motion_changexby"]}}
search-algorithms.js:338 ## SEARCH {"tags":[],"results":{"autocomplete":["operator_mod","sensing_mousex","sensing_mousey","motion_movesteps","sensing_mousedown"],"suggestion":["motion_goto","motion_gotoxy","looks_gotofrontback"]}}
search-algorithms.js:312 ## SEARCH {"tags":["#motion"],"results":{"tag":["motion_movesteps","motion_turnright","motion_turnleft","motion_goto","motion_gotoxy","motion_glideto","motion_glidesecstoxy","motion_pointindirection","motion_pointtowards","motion_changexby","motion_setx","motion_changeyby","motion_sety","motion_ifonedgebounce","motion_setrotationstyle","pKGF/@Qji{:g`WMwvw)q_xposition","pKGF/@Qji{:g`WMwvw)q_yposition","pKGF/@Qji{:g`WMwvw)q_direction"]}}
blockly_compressed_vertical.js:2037 ## {"id":"motion_goto","time":1650106919359}
blockly_compressed_vertical.js:861 Trying to cancel a gesture recursively.
blockly_compressed_vertical.js:2037 ## {"id":"motion_glideto","time":1650106921536}
blockly_compressed_vertical.js:861 Trying to cancel a gesture recursively.
search-algorithms.js:293 ## CLEARED SEARCH
search-algorithms.js:338 ## SEARCH {"tags":[],"results":{"autocomplete":["loudness","operator_lt","operator_letter_of","operator_length"],"suggestion":["motion_gotoxy","motion_glidesecstoxy","motion_changexby"]}}
search-algorithms.js:338 ## SEARCH {"tags":[],"results":{"autocomplete":["loudness"],"suggestion":["motion_goto","motion_gotoxy","motion_setx","motion_sety","looks_setsizeto","looks_seteffectto","looks_gotofrontback","sound_seteffectto","sound_setvolumeto"]}}
search-algorithms.js:338 ## SEARCH {"tags":[],"results":{"autocomplete":[],"suggestion":["looks_sayforsecs","looks_thinkforsecs","motion_goto","motion_gotoxy","motion_setx","motion_sety","motion_setrotationstyle","looks_setsizeto","looks_seteffectto","looks_gotofrontback","sound_seteffectto","sound_setvolumeto","forever","control_create_clone_of","sensing_touchingcolor","sensing_coloristouchingcolor","sensing_setdragmode"]}}
search-algorithms.js:338 ## SEARCH {"tags":[],"results":{"autocomplete":[],"suggestion":["looks_sayforsecs","looks_thinkforsecs","motion_goto","motion_gotoxy","motion_setx","motion_sety","motion_setrotationstyle","looks_setsizeto","looks_seteffectto","looks_gotofrontback","sound_seteffectto","sound_setvolumeto","forever","control_create_clone_of","sensing_touchingcolor","sensing_coloristouchingcolor","sensing_setdragmode"]}}
search-algorithms.js:338 ## SEARCH {"tags":[],"results":{"autocomplete":[],"suggestion":["sound_stopallsounds","control_stop"]}}
search-algorithms.js:312 ## SEARCH {"tags":["#loop"],"results":{"tag":["control_repeat","forever","repeat_until"]}}
blockly_compressed_vertical.js:2037 ## {"id":"forever","time":1650106968403}
search-algorithms.js:293 ## CLEARED SEARCH
search-algorithms.js:338 ## SEARCH {"tags":[],"results":{"autocomplete":["loudness","operator_lt","operator_letter_of","operator_length"],"suggestion":["motion_gotoxy","motion_glidesecstoxy","motion_changexby"]}}
search-algorithms.js:338 ## SEARCH {"tags":[],"results":{"autocomplete":["loudness"],"suggestion":["motion_goto","motion_gotoxy","motion_setx","motion_sety","looks_setsizeto","looks_seteffectto","looks_gotofrontback","sound_seteffectto","sound_setvolumeto"]}}
search-algorithms.js:338 ## SEARCH {"tags":[],"results":{"autocomplete":[],"suggestion":["looks_sayforsecs","looks_thinkforsecs","motion_goto","motion_gotoxy","motion_setx","motion_sety","motion_setrotationstyle","looks_setsizeto","looks_seteffectto","looks_gotofrontback","sound_seteffectto","sound_setvolumeto","forever","control_create_clone_of","sensing_touchingcolor","sensing_coloristouchingcolor","sensing_setdragmode"]}}
search-algorithms.js:338 ## SEARCH {"tags":[],"results":{"autocomplete":[],"suggestion":["operator_lt"]}}
search-algorithms.js:338 ## SEARCH {"tags":[],"results":{"autocomplete":[],"suggestion":["looks_sayforsecs","looks_thinkforsecs","motion_goto","motion_gotoxy","motion_setx","motion_sety","motion_setrotationstyle","looks_setsizeto","looks_seteffectto","looks_gotofrontback","sound_seteffectto","sound_setvolumeto","forever","control_create_clone_of","sensing_touchingcolor","sensing_coloristouchingcolor","sensing_setdragmode"]}}
search-algorithms.js:312 ## SEARCH {"tags":["#looks"],"results":{"tag":["looks_sayforsecs","looks_say","looks_thinkforsecs","looks_think","looks_switchbackdropto","looks_switchbackdroptoandwait","looks_nextbackdrop","pKGF/@Qji{:g`WMwvw)q_switchcostumeto","looks_nextcostume","looks_changesizeby","looks_setsizeto","looks_changeeffectby","looks_seteffectto","looks_cleargraphiceffects","looks_show","looks_hide","looks_gotofrontback","looks_goforwardbackwardlayers","backdropnumbername","pKGF/@Qji{:g`WMwvw)q_costumenumbername","pKGF/@Qji{:g`WMwvw)q_size"]}}
blockly_compressed_vertical.js:2037 ## {"id":"looks_nextcostume","time":1650106975372}
search-algorithms.js:293 ## CLEARED SEARCH
search-algorithms.js:338 ## SEARCH {"tags":[],"results":{"autocomplete":["wait_until","control_wait","event_whenbroadcastreceived","event_whenkeypressed","event_whenflagclicked","event_whengreaterthan","event_whenstageclicked","control_start_as_clone","event_whenthisspriteclicked","event_whenbackdropswitchesto"],"suggestion":["motion_gotoxy","motion_glidesecstoxy","motion_changexby"]}}
search-algorithms.js:338 ## SEARCH {"tags":[],"results":{"autocomplete":["wait_until","control_wait"],"suggestion":["motion_pointindirection","pKGF/@Qji{:g`WMwvw)q_direction"]}}
search-algorithms.js:338 ## SEARCH {"tags":[],"results":{"autocomplete":["wait_until","control_wait"],"suggestion":["event_broadcastandwait","askandwait","looks_switchbackdroptoandwait"]}}
blockly_compressed_vertical.js:2037 ## {"id":"control_wait","time":1650106980710}
search-algorithms.js:293 ## CLEARED SEARCH
search-algorithms.js:312 ## SEARCH {"tags":["#motion"],"results":{"tag":["motion_movesteps","motion_turnright","motion_turnleft","motion_goto","motion_gotoxy","motion_glideto","motion_glidesecstoxy","motion_pointindirection","motion_pointtowards","motion_changexby","motion_setx","motion_changeyby","motion_sety","motion_ifonedgebounce","motion_setrotationstyle","pKGF/@Qji{:g`WMwvw)q_xposition","pKGF/@Qji{:g`WMwvw)q_yposition","pKGF/@Qji{:g`WMwvw)q_direction"]}}
blockly_compressed_vertical.js:2037 ## {"id":"motion_goto","time":1650107143632}
blockly_compressed_vertical.js:861 Trying to cancel a gesture recursively.
search-algorithms.js:293 ## CLEARED SEARCH
search-algorithms.js:338 ## SEARCH {"tags":[],"results":{"autocomplete":["loudness","operator_lt","operator_letter_of","operator_length"],"suggestion":["motion_gotoxy","motion_glidesecstoxy","motion_changexby"]}}
search-algorithms.js:338 ## SEARCH {"tags":[],"results":{"autocomplete":["loudness"],"suggestion":["motion_goto","motion_gotoxy","motion_setx","motion_sety","looks_setsizeto","looks_seteffectto","looks_gotofrontback","sound_seteffectto","sound_setvolumeto"]}}
search-algorithms.js:338 ## SEARCH {"tags":[],"results":{"autocomplete":[],"suggestion":["looks_sayforsecs","looks_thinkforsecs","motion_goto","motion_gotoxy","motion_setx","motion_sety","motion_setrotationstyle","looks_setsizeto","looks_seteffectto","looks_gotofrontback","sound_seteffectto","sound_setvolumeto","forever","control_create_clone_of","sensing_touchingcolor","sensing_coloristouchingcolor","sensing_setdragmode"]}}
search-algorithms.js:338 ## SEARCH {"tags":[],"results":{"autocomplete":[],"suggestion":["sound_stopallsounds","control_stop"]}}
search-algorithms.js:312 ## SEARCH {"tags":["#loop"],"results":{"tag":["control_repeat","forever","repeat_until"]}}
blockly_compressed_vertical.js:2037 ## {"id":"forever","time":1650107199325}
search-algorithms.js:293 ## CLEARED SEARCH
search-algorithms.js:338 ## SEARCH {"tags":[],"results":{"autocomplete":["wait_until","control_wait","event_whenbroadcastreceived","event_whenkeypressed","event_whenflagclicked","event_whengreaterthan","event_whenstageclicked","control_start_as_clone","event_whenthisspriteclicked","event_whenbackdropswitchesto"],"suggestion":["motion_gotoxy","motion_glidesecstoxy","motion_changexby"]}}
search-algorithms.js:338 ## SEARCH {"tags":[],"results":{"autocomplete":["wait_until","control_wait"],"suggestion":["motion_pointindirection","pKGF/@Qji{:g`WMwvw)q_direction"]}}
search-algorithms.js:338 ## SEARCH {"tags":[],"results":{"autocomplete":["wait_until","control_wait"],"suggestion":["event_broadcastandwait","askandwait","looks_switchbackdroptoandwait"]}}
search-algorithms.js:338 ## SEARCH {"tags":[],"results":{"autocomplete":["wait_until","control_wait"],"suggestion":["looks_switchbackdroptoandwait","event_broadcastandwait","askandwait"]}}
blockly_compressed_vertical.js:2037 ## {"id":"control_wait","time":1650107203106}
search-algorithms.js:338 ## SEARCH {"tags":[],"results":{"autocomplete":["pKGF/@Qji{:g`WMwvw)q_costumenumbername","current","operator_contains","motion_changexby","motion_changeyby","looks_changesizeby","control_create_clone_of","looks_changeeffectby","sound_changeeffectby","sound_changevolumeby","sound_cleareffects","looks_cleargraphiceffects","sensing_coloristouchingcolor"],"suggestion":["motion_gotoxy","motion_glidesecstoxy"]}}
search-algorithms.js:338 ## SEARCH {"tags":[],"results":{"autocomplete":["pKGF/@Qji{:g`WMwvw)q_costumenumbername","current","operator_contains","motion_changexby","motion_changeyby","looks_changesizeby","control_create_clone_of","looks_changeeffectby","sound_changeeffectby","sound_changevolumeby","sound_cleareffects","looks_cleargraphiceffects","sensing_coloristouchingcolor"],"suggestion":["motion_gotoxy","motion_glidesecstoxy"]}}
search-algorithms.js:293 ## CLEARED SEARCH
search-algorithms.js:312 ## SEARCH {"tags":["#all"],"results":{"tag":["motion_movesteps","motion_turnright","motion_turnleft","motion_goto","motion_gotoxy","motion_glideto","motion_glidesecstoxy","motion_pointindirection","motion_pointtowards","motion_changexby","motion_setx","motion_changeyby","motion_sety","motion_ifonedgebounce","motion_setrotationstyle","pKGF/@Qji{:g`WMwvw)q_xposition","pKGF/@Qji{:g`WMwvw)q_yposition","pKGF/@Qji{:g`WMwvw)q_direction","looks_sayforsecs","looks_say","looks_thinkforsecs","looks_think","looks_switchbackdropto","looks_switchbackdroptoandwait","looks_nextbackdrop","pKGF/@Qji{:g`WMwvw)q_switchcostumeto","looks_nextcostume","looks_changesizeby","looks_setsizeto","looks_changeeffectby","looks_seteffectto","looks_cleargraphiceffects","looks_show","looks_hide","looks_gotofrontback","looks_goforwardbackwardlayers","backdropnumbername","pKGF/@Qji{:g`WMwvw)q_costumenumbername","pKGF/@Qji{:g`WMwvw)q_size","pKGF/@Qji{:g`WMwvw)q_sound_playuntildone","pKGF/@Qji{:g`WMwvw)q_sound_play","sound_stopallsounds","sound_cleareffects","sound_changevolumeby","sound_setvolumeto","pKGF/@Qji{:g`WMwvw)q_volume","event_whenflagclicked","event_whenkeypressed","event_whenstageclicked","event_whenthisspriteclicked","event_whenbackdropswitchesto","event_whengreaterthan","event_whenbroadcastreceived","event_broadcast","event_broadcastandwait","control_wait","control_repeat","forever","control_if","control_if_else","wait_until","repeat_until","control_stop","control_start_as_clone","control_create_clone_of","control_delete_this_clone","sensing_touchingobject","sensing_touchingcolor","sensing_coloristouchingcolor","sensing_distanceto","askandwait","answer","sensing_keypressed","sensing_mousedown","sensing_mousex","sensing_mousey","sensing_setdragmode","loudness","timer","sensing_resettimer","of","current","sensing_dayssince2000","sensing_username","operator_add","operator_subtract","operator_multiply","operator_divide","operator_random","operator_gt","operator_lt","operator_equals","operator_and","operator_or","operator_not","operator_join","operator_letter_of","operator_length","operator_contains","operator_mod","operator_round","operator_mathop"]}}
blockly_compressed_vertical.js:2037 ## {"id":"control_create_clone_of","time":1650107239888}
search-algorithms.js:293 ## CLEARED SEARCH
search-algorithms.js:338 ## SEARCH {"tags":[],"results":{"autocomplete":["looks_say","looks_show","pKGF/@Qji{:g`WMwvw)q_size","control_stop","motion_setx","motion_sety","operator_subtract","looks_setsizeto","pKGF/@Qji{:g`WMwvw)q_sound_play","looks_seteffectto","sound_seteffectto","sound_setvolumeto","sensing_setdragmode","looks_sayforsecs","sound_stopallsounds","pKGF/@Qji{:g`WMwvw)q_switchcostumeto","motion_setrotationstyle","looks_switchbackdropto","looks_switchbackdropto","looks_switchbackdroptoandwait"],"suggestion":["control_start_as_clone","motion_gotoxy","motion_glidesecstoxy","motion_changexby","event_whenthisspriteclicked","event_broadcast","event_broadcastandwait","sensing_coloristouchingcolor","sensing_distanceto","askandwait"]}}
search-algorithms.js:338 ## SEARCH {"tags":[],"results":{"autocomplete":["control_stop","pKGF/@Qji{:g`WMwvw)q_sound_play","sound_stopallsounds"],"suggestion":["motion_setx","motion_sety","motion_setrotationstyle","looks_setsizeto","looks_seteffectto","sound_seteffectto","sound_setvolumeto","control_if","control_if_else","sensing_setdragmode","sensing_resettimer"]}}
search-algorithms.js:338 ## SEARCH {"tags":[],"results":{"autocomplete":["pKGF/@Qji{:g`WMwvw)q_sound_play"],"suggestion":["motion_setx","motion_sety","looks_setsizeto","looks_seteffectto","sound_stopallsounds","sound_seteffectto","sound_setvolumeto","control_stop"]}}
search-algorithms.js:338 ## SEARCH {"tags":[],"results":{"autocomplete":["pKGF/@Qji{:g`WMwvw)q_sound_play"],"suggestion":["control_start_as_clone","looks_sayforsecs","looks_say","sound_stopallsounds","event_whenstageclicked","control_stop","of"]}}
search-algorithms.js:338 ## SEARCH {"tags":[],"results":{"autocomplete":["pKGF/@Qji{:g`WMwvw)q_sound_play"],"suggestion":["control_start_as_clone","event_whenstageclicked","of"]}}
search-algorithms.js:312 ## SEARCH {"tags":["#start"],"results":{"tag":["event_whenflagclicked","event_whenkeypressed","event_whenstageclicked","event_whenthisspriteclicked","event_whenbackdropswitchesto","event_whengreaterthan","event_whenbroadcastreceived","event_broadcastandwait","control_start_as_clone"]}}
blockly_compressed_vertical.js:2037 ## {"id":"event_whenflagclicked","time":1650107253891}
blockly_compressed_vertical.js:2037 ## {"id":"event_whenflagclicked","time":1650107255653}
blockly_compressed_vertical.js:2037 ## {"id":"event_whenflagclicked","time":1650107257832}
search-algorithms.js:312 ## SEARCH {"tags":["#start"],"results":{"tag":["event_whenflagclicked","event_whenkeypressed","event_whenstageclicked","event_whenthisspriteclicked","event_whenbackdropswitchesto","event_whengreaterthan","event_whenbroadcastreceived","event_broadcastandwait","control_start_as_clone"]}}
blockly_compressed_vertical.js:2037 ## {"id":"event_whenflagclicked","time":1650107261891}
search-algorithms.js:312 ## SEARCH {"tags":["#start"],"results":{"tag":["event_whenflagclicked","event_whenkeypressed","event_whenstageclicked","event_whenthisspriteclicked","event_whenbackdropswitchesto","event_whengreaterthan","event_whenbroadcastreceived","event_broadcastandwait","control_start_as_clone"]}}
blockly_compressed_vertical.js:2037 ## {"id":"control_start_as_clone","time":1650107266563}
search-algorithms.js:293 ## CLEARED SEARCH
search-algorithms.js:338 ## SEARCH {"tags":[],"results":{"autocomplete":["motion_pointtowards","operator_random","motion_pointindirection","pKGF/@Qji{:g`WMwvw)q_sound_playuntildone"],"suggestion":["motion_gotoxy","motion_glidesecstoxy","motion_changexby"]}}
search-algorithms.js:338 ## SEARCH {"tags":[],"results":{"autocomplete":["motion_pointtowards","motion_pointindirection"],"suggestion":["motion_goto","motion_gotoxy","looks_gotofrontback","pKGF/@Qji{:g`WMwvw)q_sound_play","control_start_as_clone"]}}
search-algorithms.js:338 ## SEARCH {"tags":[],"results":{"autocomplete":[],"suggestion":["looks_sayforsecs","looks_thinkforsecs","control_start_as_clone","sensing_coloristouchingcolor"]}}
search-algorithms.js:338 ## SEARCH {"tags":[],"results":{"autocomplete":[],"suggestion":["pKGF/@Qji{:g`WMwvw)q_xposition","pKGF/@Qji{:g`WMwvw)q_yposition"]}}
search-algorithms.js:338 ## SEARCH {"tags":[],"results":{"autocomplete":[],"suggestion":["motion_pointindirection","motion_pointtowards","pKGF/@Qji{:g`WMwvw)q_xposition","pKGF/@Qji{:g`WMwvw)q_yposition"]}}
search-algorithms.js:338 ## SEARCH {"tags":[],"results":{"autocomplete":[],"suggestion":["pKGF/@Qji{:g`WMwvw)q_xposition","pKGF/@Qji{:g`WMwvw)q_yposition"]}}
search-algorithms.js:338 ## SEARCH {"tags":[],"results":{"autocomplete":[],"suggestion":["pKGF/@Qji{:g`WMwvw)q_xposition","pKGF/@Qji{:g`WMwvw)q_yposition"]}}
search-algorithms.js:338 ## SEARCH {"tags":[],"results":{"autocomplete":[],"suggestion":["pKGF/@Qji{:g`WMwvw)q_xposition","pKGF/@Qji{:g`WMwvw)q_yposition"]}}
search-algorithms.js:338 ## SEARCH {"tags":[],"results":{"autocomplete":[],"suggestion":["motion_pointindirection","motion_pointtowards","pKGF/@Qji{:g`WMwvw)q_xposition","pKGF/@Qji{:g`WMwvw)q_yposition"]}}
search-algorithms.js:338 ## SEARCH {"tags":[],"results":{"autocomplete":[],"suggestion":["pKGF/@Qji{:g`WMwvw)q_xposition","pKGF/@Qji{:g`WMwvw)q_yposition"]}}
search-algorithms.js:338 ## SEARCH {"tags":[],"results":{"autocomplete":[],"suggestion":["looks_sayforsecs","looks_thinkforsecs","control_start_as_clone","sensing_coloristouchingcolor"]}}
search-algorithms.js:338 ## SEARCH {"tags":[],"results":{"autocomplete":["motion_pointtowards","motion_pointindirection"],"suggestion":["motion_goto","motion_gotoxy","looks_gotofrontback","pKGF/@Qji{:g`WMwvw)q_sound_play","control_start_as_clone"]}}
search-algorithms.js:338 ## SEARCH {"tags":[],"results":{"autocomplete":["motion_pointtowards","operator_random","motion_pointindirection","pKGF/@Qji{:g`WMwvw)q_sound_playuntildone"],"suggestion":["motion_gotoxy","motion_glidesecstoxy","motion_changexby"]}}
search-algorithms.js:293 ## CLEARED SEARCH
search-algorithms.js:338 ## SEARCH {"tags":[],"results":{"autocomplete":["looks_say","looks_show","pKGF/@Qji{:g`WMwvw)q_size","control_stop","motion_setx","motion_sety","operator_subtract","looks_setsizeto","pKGF/@Qji{:g`WMwvw)q_sound_play","looks_seteffectto","sound_seteffectto","sound_setvolumeto","sensing_setdragmode","looks_sayforsecs","sound_stopallsounds","pKGF/@Qji{:g`WMwvw)q_switchcostumeto","motion_setrotationstyle","looks_switchbackdropto","looks_switchbackdropto","looks_switchbackdroptoandwait"],"suggestion":["control_start_as_clone","motion_gotoxy","motion_glidesecstoxy","motion_changexby","event_whenthisspriteclicked","event_broadcast","event_broadcastandwait","sensing_coloristouchingcolor","sensing_distanceto","askandwait"]}}
search-algorithms.js:338 ## SEARCH {"tags":[],"results":{"autocomplete":["motion_setx","motion_sety","looks_setsizeto","looks_seteffectto","sound_seteffectto","sound_setvolumeto","sensing_setdragmode","motion_setrotationstyle"],"suggestion":["control_if_else","control_if","sensing_resettimer"]}}
search-algorithms.js:338 ## SEARCH {"tags":[],"results":{"autocomplete":["motion_setx","motion_sety","looks_setsizeto","looks_seteffectto","sound_seteffectto","sound_setvolumeto","sensing_setdragmode","motion_setrotationstyle"],"suggestion":["sensing_resettimer"]}}
search-algorithms.js:338 ## SEARCH {"tags":[],"results":{"autocomplete":["motion_setx","motion_sety","looks_setsizeto","looks_seteffectto","sound_seteffectto","sound_setvolumeto","sensing_setdragmode","motion_setrotationstyle"],"suggestion":["control_if_else","control_if","sensing_resettimer"]}}
search-algorithms.js:338 ## SEARCH {"tags":[],"results":{"autocomplete":["looks_say","looks_show","pKGF/@Qji{:g`WMwvw)q_size","control_stop","motion_setx","motion_sety","operator_subtract","looks_setsizeto","pKGF/@Qji{:g`WMwvw)q_sound_play","looks_seteffectto","sound_seteffectto","sound_setvolumeto","sensing_setdragmode","looks_sayforsecs","sound_stopallsounds","pKGF/@Qji{:g`WMwvw)q_switchcostumeto","motion_setrotationstyle","looks_switchbackdropto","looks_switchbackdropto","looks_switchbackdroptoandwait"],"suggestion":["control_start_as_clone","motion_gotoxy","motion_glidesecstoxy","motion_changexby","event_whenthisspriteclicked","event_broadcast","event_broadcastandwait","sensing_coloristouchingcolor","sensing_distanceto","askandwait"]}}
search-algorithms.js:293 ## CLEARED SEARCH
search-algorithms.js:338 ## SEARCH {"tags":[],"results":{"autocomplete":["motion_goto","looks_goforwardbackwardlayers","motion_gotoxy","looks_gotofrontback","operator_gt","motion_glideto","motion_glidesecstoxy"],"suggestion":["motion_changexby"]}}
search-algorithms.js:338 ## SEARCH {"tags":[],"results":{"autocomplete":["motion_goto","looks_goforwardbackwardlayers","motion_gotoxy","looks_gotofrontback"],"suggestion":[]}}
search-algorithms.js:338 ## SEARCH {"tags":[],"results":{"autocomplete":["operator_mod","sensing_mousex","sensing_mousey","operator_multiply","motion_movesteps","sensing_mousedown","operator_mathop"],"suggestion":["motion_gotoxy","motion_glidesecstoxy","motion_changexby"]}}
search-algorithms.js:338 ## SEARCH {"tags":[],"results":{"autocomplete":["operator_mod","sensing_mousex","sensing_mousey","motion_movesteps","sensing_mousedown"],"suggestion":["motion_goto","motion_gotoxy","looks_gotofrontback"]}}
search-algorithms.js:338 ## SEARCH {"tags":[],"results":{"autocomplete":[],"suggestion":["sensing_setdragmode","motion_setx","motion_sety","motion_setrotationstyle","looks_sayforsecs","looks_thinkforsecs","looks_setsizeto","looks_seteffectto","sound_seteffectto","sound_setvolumeto"]}}
search-algorithms.js:338 ## SEARCH {"tags":[],"results":{"autocomplete":[],"suggestion":["sensing_setdragmode","motion_movesteps","operator_not","operator_mod","operator_mathop"]}}
search-algorithms.js:312 ## SEARCH {"tags":["#motion"],"results":{"tag":["motion_movesteps","motion_turnright","motion_turnleft","motion_goto","motion_gotoxy","motion_glideto","motion_glidesecstoxy","motion_pointindirection","motion_pointtowards","motion_changexby","motion_setx","motion_changeyby","motion_sety","motion_ifonedgebounce","motion_setrotationstyle","pKGF/@Qji{:g`WMwvw)q_xposition","pKGF/@Qji{:g`WMwvw)q_yposition","pKGF/@Qji{:g`WMwvw)q_direction"]}}
blockly_compressed_vertical.js:2037 ## {"id":"motion_goto","time":1650107286338}
blockly_compressed_vertical.js:861 Trying to cancel a gesture recursively.
blockly_compressed_vertical.js:2037 ## {"id":"motion_gotoxy","time":1650107300642}
search-algorithms.js:312 ## SEARCH {"tags":["#motion"],"results":{"tag":["motion_movesteps","motion_turnright","motion_turnleft","motion_goto","motion_gotoxy","motion_glideto","motion_glidesecstoxy","motion_pointindirection","motion_pointtowards","motion_changexby","motion_setx","motion_changeyby","motion_sety","motion_ifonedgebounce","motion_setrotationstyle","4+seyUInN*UNo.ba5tWA_xposition","4+seyUInN*UNo.ba5tWA_yposition","4+seyUInN*UNo.ba5tWA_direction"]}}
search-algorithms.js:312 ## SEARCH {"tags":["#motion"],"results":{"tag":["motion_movesteps","motion_turnright","motion_turnleft","motion_goto","motion_gotoxy","motion_glideto","motion_glidesecstoxy","motion_pointindirection","motion_pointtowards","motion_changexby","motion_setx","motion_changeyby","motion_sety","motion_ifonedgebounce","motion_setrotationstyle","pKGF/@Qji{:g`WMwvw)q_xposition","pKGF/@Qji{:g`WMwvw)q_yposition","pKGF/@Qji{:g`WMwvw)q_direction"]}}
search-algorithms.js:312 ## SEARCH {"tags":["#motion"],"results":{"tag":["motion_movesteps","motion_turnright","motion_turnleft","motion_goto","motion_gotoxy","motion_glideto","motion_glidesecstoxy","motion_pointindirection","motion_pointtowards","motion_changexby","motion_setx","motion_changeyby","motion_sety","motion_ifonedgebounce","motion_setrotationstyle","4+seyUInN*UNo.ba5tWA_xposition","4+seyUInN*UNo.ba5tWA_yposition","4+seyUInN*UNo.ba5tWA_direction"]}}
search-algorithms.js:312 ## SEARCH {"tags":["#motion"],"results":{"tag":["motion_movesteps","motion_turnright","motion_turnleft","motion_goto","motion_gotoxy","motion_glideto","motion_glidesecstoxy","motion_pointindirection","motion_pointtowards","motion_changexby","motion_setx","motion_changeyby","motion_sety","motion_ifonedgebounce","motion_setrotationstyle","pKGF/@Qji{:g`WMwvw)q_xposition","pKGF/@Qji{:g`WMwvw)q_yposition","pKGF/@Qji{:g`WMwvw)q_direction"]}}
search-algorithms.js:293 ## CLEARED SEARCH
search-algorithms.js:338 ## SEARCH {"tags":[],"results":{"autocomplete":["operator_round","control_repeat","sensing_resettimer","repeat_until"],"suggestion":["looks_sayforsecs","looks_thinkforsecs","forever"]}}
search-algorithms.js:338 ## SEARCH {"tags":[],"results":{"autocomplete":[],"suggestion":["motion_pointindirection","looks_sayforsecs","looks_thinkforsecs","pKGF/@Qji{:g`WMwvw)q_sound_playuntildone","event_broadcastandwait","control_start_as_clone","askandwait","operator_contains"]}}
search-algorithms.js:338 ## SEARCH {"tags":[],"results":{"autocomplete":[],"suggestion":["operator_random","looks_switchbackdroptoandwait","event_broadcastandwait","askandwait","operator_and"]}}
blockly_compressed_vertical.js:2037 ## {"id":"operator_random","time":1650107336533}
search-algorithms.js:293 ## CLEARED SEARCH
search-algorithms.js:338 ## SEARCH {"tags":[],"results":{"autocomplete":["looks_say","looks_show","pKGF/@Qji{:g`WMwvw)q_size","control_stop","motion_setx","motion_sety","operator_subtract","looks_setsizeto","pKGF/@Qji{:g`WMwvw)q_sound_play","looks_seteffectto","sound_seteffectto","sound_setvolumeto","sensing_setdragmode","looks_sayforsecs","sound_stopallsounds","pKGF/@Qji{:g`WMwvw)q_switchcostumeto","motion_setrotationstyle","looks_switchbackdropto","looks_switchbackdropto","looks_switchbackdroptoandwait"],"suggestion":["control_start_as_clone","motion_gotoxy","motion_glidesecstoxy","motion_changexby","event_whenthisspriteclicked","event_broadcast","event_broadcastandwait","sensing_coloristouchingcolor","sensing_distanceto","askandwait"]}}
search-algorithms.js:338 ## SEARCH {"tags":[],"results":{"autocomplete":["control_stop","pKGF/@Qji{:g`WMwvw)q_sound_play","sound_stopallsounds"],"suggestion":["motion_setx","motion_sety","motion_setrotationstyle","looks_setsizeto","looks_seteffectto","sound_seteffectto","sound_setvolumeto","control_if","control_if_else","sensing_setdragmode","sensing_resettimer"]}}
search-algorithms.js:312 ## SEARCH {"tags":["#start"],"results":{"tag":["event_whenflagclicked","event_whenkeypressed","event_whenstageclicked","event_whenthisspriteclicked","event_whenbackdropswitchesto","event_whengreaterthan","event_whenbroadcastreceived","event_broadcastandwait","control_start_as_clone"]}}
blockly_compressed_vertical.js:2037 ## {"id":"control_start_as_clone","time":1650107402139}
blockly_compressed_vertical.js:2037 ## {"id":"control_start_as_clone","time":1650107403936}
blockly_compressed_vertical.js:2037 ## {"id":"control_start_as_clone","time":1650107405715}
blockly_compressed_vertical.js:861 Trying to cancel a gesture recursively.
blockly_compressed_vertical.js:861 Trying to cancel a gesture recursively.
blockly_compressed_vertical.js:861 Trying to cancel a gesture recursively.
