
Navigated to http://localhost:8601/
Navigated to http://localhost:8601/
Navigated to http://localhost:8601/
## CLEARED SEARCH search-algorithms.js:293
## CLEARED SEARCH search-algorithms.js:293
## SEARCH {"tags":[],"results":{"autocomplete":[],"suggestion":["motion_gotoxy","motion_glidesecstoxy","motion_changexby"]}} search-algorithms.js:338
## SEARCH {"tags":["#motion"],"results":{"tag":["motion_movesteps","motion_turnright","motion_turnleft","motion_goto","motion_gotoxy","motion_glideto","motion_glidesecstoxy","motion_pointindirection","motion_pointtowards","motion_changexby","motion_setx","motion_changeyby","motion_sety","motion_ifonedgebounce","motion_setrotationstyle","5Y`Q)R5]{mvh+3=WO%=Y_xposition","5Y`Q)R5]{mvh+3=WO%=Y_yposition","5Y`Q)R5]{mvh+3=WO%=Y_direction"]}} search-algorithms.js:312
## {"id":"motion_movesteps","time":1649871095421} blockly_compressed_vertical.js:2037
## CLEARED SEARCH search-algorithms.js:293
## SEARCH {"tags":[],"results":{"autocomplete":["operator_add","operator_and","answer","askandwait"],"suggestion":["motion_gotoxy","motion_glidesecstoxy","motion_changexby","control_start_as_clone"]}} search-algorithms.js:338
## SEARCH {"tags":["#all"],"results":{"tag":["motion_movesteps","motion_turnright","motion_turnleft","motion_goto","motion_gotoxy","motion_glideto","motion_glidesecstoxy","motion_pointindirection","motion_pointtowards","motion_changexby","motion_setx","motion_changeyby","motion_sety","motion_ifonedgebounce","motion_setrotationstyle","5Y`Q)R5]{mvh+3=WO%=Y_xposition","5Y`Q)R5]{mvh+3=WO%=Y_yposition","5Y`Q)R5]{mvh+3=WO%=Y_direction","looks_sayforsecs","looks_say","looks_thinkforsecs","looks_think","looks_switchbackdropto","looks_switchbackdroptoandwait","looks_nextbackdrop","5Y`Q)R5]{mvh+3=WO%=Y_switchcostumeto","looks_nextcostume","looks_changesizeby","looks_setsizeto","looks_changeeffectby","looks_seteffectto","looks_cleargraphiceffects","looks_show","looks_hide","looks_gotofrontback","looks_goforwardbackwardlayers","backdropnumbername","5Y`Q)R5]{mvh+3=WO%=Y_costumenumbername","5Y`Q)R5]{mvh+3=WO%=Y_size","5Y`Q)R5]{mvh+3=WO%=Y_sound_playuntildone","5Y`Q)R5]{mvh+3=WO%=Y_sound_play","sound_stopallsounds","sound_cleareffects","sound_changevolumeby","sound_setvolumeto","5Y`Q)R5]{mvh+3=WO%=Y_volume","event_whenflagclicked","event_whenkeypressed","event_whenstageclicked","event_whenthisspriteclicked","event_whenbackdropswitchesto","event_whengreaterthan","event_whenbroadcastreceived","event_broadcast","event_broadcastandwait","control_wait","control_repeat","forever","control_if","control_if_else","wait_until","repeat_until","control_stop","control_start_as_clone","control_create_clone_of","control_delete_this_clone","sensing_touchingobject","sensing_touchingcolor","sensing_coloristouchingcolor","sensing_distanceto","askandwait","answer","sensing_keypressed","sensing_mousedown","sensing_mousex","sensing_mousey","sensing_setdragmode","loudness","timer","sensing_resettimer","of","current","sensing_dayssince2000","sensing_username","operator_add","operator_subtract","operator_multiply","operator_divide","operator_random","operator_gt","operator_lt","operator_equals","operator_and","operator_or","operator_not","operator_join","operator_letter_of","operator_length","operator_contains","operator_mod","operator_round","operator_mathop"]}} search-algorithms.js:312
## CLEARED SEARCH search-algorithms.js:293
## SEARCH {"tags":[],"results":{"autocomplete":["wait_until","control_wait","event_whenbroadcastreceived","event_whenkeypressed","event_whenflagclicked","event_whengreaterthan","event_whenstageclicked","control_start_as_clone","event_whenthisspriteclicked","event_whenbackdropswitchesto"],"suggestion":["motion_gotoxy","motion_glidesecstoxy","motion_changexby"]}} search-algorithms.js:338
## SEARCH {"tags":[],"results":{"autocomplete":["event_whenbroadcastreceived","event_whenkeypressed","event_whenflagclicked","event_whengreaterthan","event_whenstageclicked","control_start_as_clone","event_whenthisspriteclicked","event_whenbackdropswitchesto"],"suggestion":[]}} 2 search-algorithms.js:338
## {"id":"event_whenkeypressed","time":1649871157520} blockly_compressed_vertical.js:2037
## {"id":"event_whenkeypressed","time":1649871205874} blockly_compressed_vertical.js:2037
## SEARCH {"tags":[],"results":{"autocomplete":["operator_mod","sensing_mousex","sensing_mousey","operator_multiply","motion_movesteps","sensing_mousedown","operator_mathop"],"suggestion":["motion_gotoxy","motion_glidesecstoxy","motion_changexby"]}} search-algorithms.js:338
## SEARCH {"tags":[],"results":{"autocomplete":["operator_mod","sensing_mousex","sensing_mousey","motion_movesteps","sensing_mousedown"],"suggestion":["motion_goto","motion_gotoxy","looks_gotofrontback"]}} search-algorithms.js:338
## SEARCH {"tags":[],"results":{"autocomplete":["motion_movesteps"],"suggestion":["motion_goto","motion_gotoxy","looks_sayforsecs","looks_thinkforsecs","looks_gotofrontback","sensing_setdragmode"]}} search-algorithms.js:338
## SEARCH {"tags":[],"results":{"autocomplete":["motion_movesteps"],"suggestion":["sensing_setdragmode","motion_goto","motion_gotoxy","looks_gotofrontback","looks_goforwardbackwardlayers"]}} search-algorithms.js:338
## {"id":"motion_movesteps","time":1649871222279} blockly_compressed_vertical.js:2037
## SEARCH {"tags":[],"results":{"autocomplete":["wait_until","control_wait","event_whenbroadcastreceived","event_whenkeypressed","event_whenflagclicked","event_whengreaterthan","event_whenstageclicked","control_start_as_clone","event_whenthisspriteclicked","event_whenbackdropswitchesto"],"suggestion":["motion_gotoxy","motion_glidesecstoxy","motion_changexby"]}} search-algorithms.js:338
## SEARCH {"tags":[],"results":{"autocomplete":["event_whenbroadcastreceived","event_whenkeypressed","event_whenflagclicked","event_whengreaterthan","event_whenstageclicked","control_start_as_clone","event_whenthisspriteclicked","event_whenbackdropswitchesto"],"suggestion":[]}} 2 search-algorithms.js:338
## {"id":"event_whenkeypressed","time":1649871242229} blockly_compressed_vertical.js:2037
## SEARCH {"tags":[],"results":{"autocomplete":["operator_mod","sensing_mousex","sensing_mousey","operator_multiply","motion_movesteps","sensing_mousedown","operator_mathop"],"suggestion":["motion_gotoxy","motion_glidesecstoxy","motion_changexby"]}} search-algorithms.js:338
## SEARCH {"tags":[],"results":{"autocomplete":["operator_mod","sensing_mousex","sensing_mousey","motion_movesteps","sensing_mousedown"],"suggestion":["motion_goto","motion_gotoxy","looks_gotofrontback"]}} search-algorithms.js:338
## SEARCH {"tags":[],"results":{"autocomplete":["motion_movesteps"],"suggestion":["motion_goto","motion_gotoxy","looks_sayforsecs","looks_thinkforsecs","looks_gotofrontback","sensing_setdragmode"]}} search-algorithms.js:338
## SEARCH {"tags":[],"results":{"autocomplete":["motion_movesteps"],"suggestion":["sensing_setdragmode","motion_goto","motion_gotoxy","looks_gotofrontback","looks_goforwardbackwardlayers"]}} search-algorithms.js:338
## SEARCH {"tags":[],"results":{"autocomplete":["motion_movesteps"],"suggestion":["motion_goto","motion_gotoxy","looks_sayforsecs","looks_thinkforsecs","looks_gotofrontback","sensing_setdragmode"]}} search-algorithms.js:338
## SEARCH {"tags":[],"results":{"autocomplete":["operator_mod","sensing_mousex","sensing_mousey","motion_movesteps","sensing_mousedown"],"suggestion":["motion_goto","motion_gotoxy","looks_gotofrontback"]}} search-algorithms.js:338
## SEARCH {"tags":[],"results":{"autocomplete":["operator_mod","sensing_mousex","sensing_mousey","operator_multiply","motion_movesteps","sensing_mousedown","operator_mathop"],"suggestion":["motion_gotoxy","motion_glidesecstoxy","motion_changexby"]}} search-algorithms.js:338
## CLEARED SEARCH search-algorithms.js:293
## SEARCH {"tags":[],"results":{"autocomplete":["motion_goto","looks_goforwardbackwardlayers","motion_gotoxy","looks_gotofrontback","operator_gt","motion_glideto","motion_glidesecstoxy"],"suggestion":["motion_changexby"]}} search-algorithms.js:338
## SEARCH {"tags":[],"results":{"autocomplete":["motion_goto","looks_goforwardbackwardlayers","motion_gotoxy","looks_gotofrontback"],"suggestion":[]}} search-algorithms.js:338
## {"id":"motion_gotoxy","time":1649871285271} blockly_compressed_vertical.js:2037
## SEARCH {"tags":[],"results":{"autocomplete":["5Y`Q)R5]{mvh+3=WO%=Y_costumenumbername","current","operator_contains","motion_changexby","motion_changeyby","looks_changesizeby","control_create_clone_of","looks_changeeffectby","sound_changeeffectby","sound_changevolumeby","sound_cleareffects","looks_cleargraphiceffects","sensing_coloristouchingcolor"],"suggestion":["motion_gotoxy","motion_glidesecstoxy"]}} search-algorithms.js:338
## SEARCH {"tags":[],"results":{"autocomplete":[],"suggestion":["event_whenkeypressed","sensing_keypressed"]}} search-algorithms.js:338
## SEARCH {"tags":[],"results":{"autocomplete":[],"suggestion":["looks_sayforsecs","looks_say","sound_stopallsounds","event_whenkeypressed","event_broadcast","event_broadcastandwait","control_start_as_clone","askandwait","sensing_keypressed"]}} search-algorithms.js:338
## SEARCH {"tags":[],"results":{"autocomplete":[],"suggestion":["sound_stopallsounds"]}} search-algorithms.js:338
## SEARCH {"tags":[],"results":{"autocomplete":[],"suggestion":["looks_sayforsecs","looks_say","sound_stopallsounds","event_whenkeypressed","event_broadcast","event_broadcastandwait","control_start_as_clone","askandwait","sensing_keypressed"]}} search-algorithms.js:338
## SEARCH {"tags":[],"results":{"autocomplete":[],"suggestion":["event_whenkeypressed","sensing_keypressed"]}} search-algorithms.js:338
## SEARCH {"tags":[],"results":{"autocomplete":["5Y`Q)R5]{mvh+3=WO%=Y_costumenumbername","current","operator_contains","motion_changexby","motion_changeyby","looks_changesizeby","control_create_clone_of","looks_changeeffectby","sound_changeeffectby","sound_changevolumeby","sound_cleareffects","looks_cleargraphiceffects","sensing_coloristouchingcolor"],"suggestion":["motion_gotoxy","motion_glidesecstoxy"]}} search-algorithms.js:338
## CLEARED SEARCH search-algorithms.js:293
## SEARCH {"tags":[],"results":{"autocomplete":["operator_or","of"],"suggestion":["motion_gotoxy","looks_gotofrontback","motion_goto","motion_glidesecstoxy"]}} search-algorithms.js:338
## SEARCH {"tags":[],"results":{"autocomplete":[],"suggestion":["looks_sayforsecs","looks_thinkforsecs","control_start_as_clone","control_create_clone_of"]}} search-algorithms.js:338
## SEARCH {"tags":["#operator"],"results":{"tag":["operator_add","operator_subtract","operator_multiply","operator_divide","operator_random","operator_gt","operator_lt","operator_equals","operator_and","operator_or","operator_not","operator_join","operator_letter_of","operator_length","operator_contains","operator_mod","operator_round","operator_mathop"]}} search-algorithms.js:312
## {"id":"operator_add","time":1649871344356} blockly_compressed_vertical.js:2037
## {"id":"data_setvariableto","time":1649871385982} blockly_compressed_vertical.js:2037
## {"id":"0p#USc]4.o#]4,Iir#u,","time":1649871419298} blockly_compressed_vertical.js:2037
## {"id":"data_setvariableto","time":1649871443573} blockly_compressed_vertical.js:2037
## {"id":"0p#USc]4.o#]4,Iir#u,","time":1649871454522} blockly_compressed_vertical.js:2037
## CLEARED SEARCH search-algorithms.js:293
## SEARCH {"tags":[],"results":{"autocomplete":["wait_until","control_wait","event_whenbroadcastreceived","event_whenkeypressed","event_whenflagclicked","event_whengreaterthan","event_whenstageclicked","control_start_as_clone","event_whenthisspriteclicked","event_whenbackdropswitchesto"],"suggestion":["motion_gotoxy","motion_glidesecstoxy","motion_changexby"]}} search-algorithms.js:338
## SEARCH {"tags":[],"results":{"autocomplete":["wait_until","control_wait"],"suggestion":["motion_pointindirection","5Y`Q)R5]{mvh+3=WO%=Y_direction"]}} search-algorithms.js:338
## SEARCH {"tags":[],"results":{"autocomplete":["wait_until","control_wait"],"suggestion":["event_broadcastandwait","askandwait","looks_switchbackdroptoandwait"]}} search-algorithms.js:338
## SEARCH {"tags":[],"results":{"autocomplete":["wait_until","control_wait"],"suggestion":["looks_switchbackdroptoandwait","event_broadcastandwait","askandwait"]}} search-algorithms.js:338
## {"id":"control_wait","time":1649871509360} blockly_compressed_vertical.js:2037
## SEARCH {"tags":[],"results":{"autocomplete":["motion_goto","looks_goforwardbackwardlayers","motion_gotoxy","looks_gotofrontback","operator_gt","motion_glideto","motion_glidesecstoxy"],"suggestion":["motion_changexby"]}} search-algorithms.js:338
## SEARCH {"tags":[],"results":{"autocomplete":["motion_goto","looks_goforwardbackwardlayers","motion_gotoxy","looks_gotofrontback"],"suggestion":[]}} search-algorithms.js:338
## {"id":"motion_gotoxy","time":1649871529410} blockly_compressed_vertical.js:2037
## {"id":"data_setvariableto","time":1649871623558} blockly_compressed_vertical.js:2037
## {"id":"data_setvariableto","time":1649871661108} blockly_compressed_vertical.js:2037
## SEARCH {"tags":[],"results":{"autocomplete":["operator_join"],"suggestion":["motion_gotoxy","motion_glidesecstoxy","motion_changexby"]}} search-algorithms.js:338
## SEARCH {"tags":[],"results":{"autocomplete":["operator_join"],"suggestion":["motion_gotoxy","motion_glidesecstoxy","motion_changexby"]}} search-algorithms.js:338
## CLEARED SEARCH search-algorithms.js:293
## SEARCH {"tags":[],"results":{"autocomplete":["operator_mod","sensing_mousex","sensing_mousey","operator_multiply","motion_movesteps","sensing_mousedown","operator_mathop"],"suggestion":["motion_gotoxy","motion_glidesecstoxy","motion_changexby"]}} search-algorithms.js:338
## SEARCH {"tags":[],"results":{"autocomplete":["operator_mod","sensing_mousex","sensing_mousey","motion_movesteps","sensing_mousedown"],"suggestion":["motion_goto","motion_gotoxy","looks_gotofrontback"]}} search-algorithms.js:338
## SEARCH {"tags":[],"results":{"autocomplete":["motion_movesteps"],"suggestion":["motion_goto","motion_gotoxy","looks_sayforsecs","looks_thinkforsecs","looks_gotofrontback","sensing_setdragmode"]}} search-algorithms.js:338
## SEARCH {"tags":[],"results":{"autocomplete":["motion_movesteps"],"suggestion":["sensing_setdragmode","motion_goto","motion_gotoxy","looks_gotofrontback","looks_goforwardbackwardlayers"]}} search-algorithms.js:338
## SEARCH {"tags":[],"results":{"autocomplete":["motion_movesteps"],"suggestion":["motion_goto","motion_gotoxy","looks_sayforsecs","looks_thinkforsecs","looks_gotofrontback","sensing_setdragmode"]}} search-algorithms.js:338
## SEARCH {"tags":[],"results":{"autocomplete":["operator_mod","sensing_mousex","sensing_mousey","motion_movesteps","sensing_mousedown"],"suggestion":["motion_goto","motion_gotoxy","looks_gotofrontback"]}} search-algorithms.js:338
## SEARCH {"tags":[],"results":{"autocomplete":["operator_mod","sensing_mousex","sensing_mousey","operator_multiply","motion_movesteps","sensing_mousedown","operator_mathop"],"suggestion":["motion_gotoxy","motion_glidesecstoxy","motion_changexby"]}} search-algorithms.js:338
## CLEARED SEARCH search-algorithms.js:293
## SEARCH {"tags":["#motion"],"results":{"tag":["motion_movesteps","motion_turnright","motion_turnleft","motion_goto","motion_gotoxy","motion_glideto","motion_glidesecstoxy","motion_pointindirection","motion_pointtowards","motion_changexby","motion_setx","motion_changeyby","motion_sety","motion_ifonedgebounce","motion_setrotationstyle","5Y`Q)R5]{mvh+3=WO%=Y_xposition","5Y`Q)R5]{mvh+3=WO%=Y_yposition","5Y`Q)R5]{mvh+3=WO%=Y_direction"]}} search-algorithms.js:312
Trying to cancel a gesture recursively. blockly_compressed_vertical.js:861
## {"id":"motion_glidesecstoxy","time":1649871813659} blockly_compressed_vertical.js:2037
Trying to cancel a gesture recursively. blockly_compressed_vertical.js:861
## {"id":"r.v,%e)+}sL-n?=_TgPY","time":1649871838344} blockly_compressed_vertical.js:2037
Trying to cancel a gesture recursively. blockly_compressed_vertical.js:861
## {"id":"0p#USc]4.o#]4,Iir#u,","time":1649871869717} blockly_compressed_vertical.js:2037
Trying to cancel a gesture recursively. blockly_compressed_vertical.js:861
## {"id":"motion_changeyby","time":1649871966028} blockly_compressed_vertical.js:2037
## {"id":"motion_ifonedgebounce","time":1649871994511} blockly_compressed_vertical.js:2037
## CLEARED SEARCH search-algorithms.js:293
## SEARCH {"tags":[],"results":{"autocomplete":["wait_until","control_wait","event_whenbroadcastreceived","event_whenkeypressed","event_whenflagclicked","event_whengreaterthan","event_whenstageclicked","control_start_as_clone","event_whenthisspriteclicked","event_whenbackdropswitchesto"],"suggestion":["motion_gotoxy","motion_glidesecstoxy","motion_changexby"]}} search-algorithms.js:338
## SEARCH {"tags":[],"results":{"autocomplete":["wait_until","control_wait"],"suggestion":["motion_pointindirection","5Y`Q)R5]{mvh+3=WO%=Y_direction"]}} search-algorithms.js:338
## SEARCH {"tags":[],"results":{"autocomplete":["wait_until","control_wait"],"suggestion":["event_broadcastandwait","askandwait","looks_switchbackdroptoandwait"]}} search-algorithms.js:338
## {"id":"control_wait","time":1649872003700} blockly_compressed_vertical.js:2037
## SEARCH {"tags":[],"results":{"autocomplete":["5Y`Q)R5]{mvh+3=WO%=Y_costumenumbername","current","operator_contains","motion_changexby","motion_changeyby","looks_changesizeby","control_create_clone_of","looks_changeeffectby","sound_changeeffectby","sound_changevolumeby","sound_cleareffects","looks_cleargraphiceffects","sensing_coloristouchingcolor"],"suggestion":["motion_gotoxy","motion_glidesecstoxy"]}} search-algorithms.js:338
## SEARCH {"tags":[],"results":{"autocomplete":["motion_changexby","motion_changeyby","looks_changesizeby","looks_changeeffectby","sound_changeeffectby","sound_changevolumeby"],"suggestion":["event_whengreaterthan","operator_gt","operator_lt"]}} search-algorithms.js:338
## SEARCH {"tags":[],"results":{"autocomplete":["motion_changexby","motion_changeyby","looks_changesizeby","looks_changeeffectby","sound_changeeffectby","sound_changevolumeby"],"suggestion":["event_whengreaterthan","operator_gt","operator_lt"]}} search-algorithms.js:338
## SEARCH {"tags":[],"results":{"autocomplete":["motion_changexby","motion_changeyby","looks_changesizeby","looks_changeeffectby","sound_changeeffectby","sound_changevolumeby"],"suggestion":[]}} search-algorithms.js:338
## {"id":"motion_changeyby","time":1649872019067} blockly_compressed_vertical.js:2037
## SEARCH {"tags":[],"results":{"autocomplete":["looks_say","looks_show","5Y`Q)R5]{mvh+3=WO%=Y_size","control_stop","motion_setx","motion_sety","operator_subtract","looks_setsizeto","5Y`Q)R5]{mvh+3=WO%=Y_sound_play","looks_seteffectto","sound_seteffectto","sound_setvolumeto","sensing_setdragmode","looks_sayforsecs","sound_stopallsounds","5Y`Q)R5]{mvh+3=WO%=Y_switchcostumeto","motion_setrotationstyle","looks_switchbackdropto","looks_switchbackdropto","looks_switchbackdroptoandwait"],"suggestion":["control_start_as_clone","motion_gotoxy","motion_glidesecstoxy","motion_changexby","event_whenthisspriteclicked","event_broadcast","event_broadcastandwait","sensing_coloristouchingcolor","sensing_distanceto","askandwait"]}} search-algorithms.js:338
## SEARCH {"tags":[],"results":{"autocomplete":["looks_say","looks_sayforsecs"],"suggestion":["control_if","control_if_else"]}} search-algorithms.js:338
## SEARCH {"tags":[],"results":{"autocomplete":[],"suggestion":["looks_sayforsecs","looks_say","motion_setx","motion_sety","motion_setrotationstyle","looks_setsizeto","looks_seteffectto","sound_seteffectto","sound_setvolumeto","event_broadcast","event_broadcastandwait","control_start_as_clone","askandwait","sensing_setdragmode","sensing_resettimer"]}} search-algorithms.js:338
## SEARCH {"tags":[],"results":{"autocomplete":["looks_say","looks_sayforsecs"],"suggestion":["control_if","control_if_else"]}} search-algorithms.js:338
## SEARCH {"tags":[],"results":{"autocomplete":["looks_say","looks_show","5Y`Q)R5]{mvh+3=WO%=Y_size","control_stop","motion_setx","motion_sety","operator_subtract","looks_setsizeto","5Y`Q)R5]{mvh+3=WO%=Y_sound_play","looks_seteffectto","sound_seteffectto","sound_setvolumeto","sensing_setdragmode","looks_sayforsecs","sound_stopallsounds","5Y`Q)R5]{mvh+3=WO%=Y_switchcostumeto","motion_setrotationstyle","looks_switchbackdropto","looks_switchbackdropto","looks_switchbackdroptoandwait"],"suggestion":["control_start_as_clone","motion_gotoxy","motion_glidesecstoxy","motion_changexby","event_whenthisspriteclicked","event_broadcast","event_broadcastandwait","sensing_coloristouchingcolor","sensing_distanceto","askandwait"]}} search-algorithms.js:338
## CLEARED SEARCH search-algorithms.js:293
## SEARCH {"tags":[],"results":{"autocomplete":["operator_equals"],"suggestion":["motion_gotoxy","motion_glidesecstoxy","motion_changexby"]}} search-algorithms.js:338
## SEARCH {"tags":[],"results":{"autocomplete":[],"suggestion":["motion_gotoxy","motion_glidesecstoxy","motion_changexby","motion_setx","5Y`Q)R5]{mvh+3=WO%=Y_xposition","looks_nextbackdrop","looks_nextcostume","looks_nextbackdrop","sensing_mousex"]}} search-algorithms.js:338
## SEARCH {"tags":[],"results":{"autocomplete":[],"suggestion":["motion_gotoxy","motion_glidesecstoxy","looks_nextbackdrop","looks_nextcostume","looks_nextbackdrop"]}} search-algorithms.js:338
Trying to cancel a gesture recursively. blockly_compressed_vertical.js:861
## SEARCH {"tags":[],"results":{"autocomplete":["operator_round","control_repeat","sensing_resettimer","repeat_until"],"suggestion":["looks_sayforsecs","looks_thinkforsecs","forever"]}} search-algorithms.js:338
## SEARCH {"tags":[],"results":{"autocomplete":[],"suggestion":["motion_setx","motion_sety","motion_setrotationstyle","looks_setsizeto","looks_seteffectto","sound_stopallsounds","sound_seteffectto","sound_setvolumeto","event_whenkeypressed","sensing_keypressed","sensing_setdragmode","sensing_resettimer"]}} search-algorithms.js:338
## SEARCH {"tags":[],"results":{"autocomplete":[],"suggestion":["control_if_else","sensing_resettimer"]}} search-algorithms.js:338
## SEARCH {"tags":[],"results":{"autocomplete":[],"suggestion":["control_repeat","repeat_until","sensing_resettimer"]}} search-algorithms.js:338
## SEARCH {"tags":[],"results":{"autocomplete":[],"suggestion":["motion_turnright","motion_turnleft","control_repeat","repeat_until"]}} search-algorithms.js:338
## SEARCH {"tags":[],"results":{"autocomplete":[],"suggestion":["motion_turnright","motion_turnleft"]}} search-algorithms.js:338
## SEARCH {"tags":[],"results":{"autocomplete":[],"suggestion":["motion_turnright","motion_turnleft","control_repeat","repeat_until"]}} search-algorithms.js:338
## SEARCH {"tags":[],"results":{"autocomplete":[],"suggestion":["control_repeat","repeat_until","sensing_resettimer"]}} search-algorithms.js:338
## SEARCH {"tags":[],"results":{"autocomplete":[],"suggestion":["control_if_else","sensing_resettimer"]}} search-algorithms.js:338
## SEARCH {"tags":[],"results":{"autocomplete":[],"suggestion":["motion_setx","motion_sety","motion_setrotationstyle","looks_setsizeto","looks_seteffectto","sound_stopallsounds","sound_seteffectto","sound_setvolumeto","event_whenkeypressed","sensing_keypressed","sensing_setdragmode","sensing_resettimer"]}} search-algorithms.js:338
## SEARCH {"tags":[],"results":{"autocomplete":["operator_round","control_repeat","sensing_resettimer","repeat_until"],"suggestion":["looks_sayforsecs","looks_thinkforsecs","forever"]}} search-algorithms.js:338
## CLEARED SEARCH search-algorithms.js:293
## SEARCH {"tags":[],"results":{"autocomplete":["wait_until","control_wait","event_whenbroadcastreceived","event_whenkeypressed","event_whenflagclicked","event_whengreaterthan","event_whenstageclicked","control_start_as_clone","event_whenthisspriteclicked","event_whenbackdropswitchesto"],"suggestion":["motion_gotoxy","motion_glidesecstoxy","motion_changexby"]}} search-algorithms.js:338
## SEARCH {"tags":[],"results":{"autocomplete":["event_whenbroadcastreceived","event_whenkeypressed","event_whenflagclicked","event_whengreaterthan","event_whenstageclicked","control_start_as_clone","event_whenthisspriteclicked","event_whenbackdropswitchesto"],"suggestion":[]}} search-algorithms.js:338
## SEARCH {"tags":[],"results":{"autocomplete":["event_whenbroadcastreceived","event_whenkeypressed","event_whenflagclicked","event_whengreaterthan","event_whenstageclicked","control_start_as_clone","event_whenthisspriteclicked","event_whenbackdropswitchesto"],"suggestion":[]}} search-algorithms.js:338
## {"id":"event_whenkeypressed","time":1649872229142} blockly_compressed_vertical.js:2037
Trying to cancel a gesture recursively. blockly_compressed_vertical.js:861
Trying to cancel a gesture recursively. blockly_compressed_vertical.js:861
Trying to cancel a gesture recursively. blockly_compressed_vertical.js:861
## SEARCH {"tags":[],"results":{"autocomplete":["5Y`Q)R5]{mvh+3=WO%=Y_costumenumbername","current","operator_contains","motion_changexby","motion_changeyby","looks_changesizeby","control_create_clone_of","looks_changeeffectby","sound_changeeffectby","sound_changevolumeby","sound_cleareffects","looks_cleargraphiceffects","sensing_coloristouchingcolor"],"suggestion":["motion_gotoxy","motion_glidesecstoxy"]}} search-algorithms.js:338
## SEARCH {"tags":[],"results":{"autocomplete":["motion_changexby","motion_changeyby","looks_changesizeby","looks_changeeffectby","sound_changeeffectby","sound_changevolumeby"],"suggestion":["event_whengreaterthan","operator_gt","operator_lt"]}} search-algorithms.js:338
## {"id":"motion_changeyby","time":1649872314080} blockly_compressed_vertical.js:2037
## SEARCH {"tags":[],"results":{"autocomplete":["operator_equals"],"suggestion":["motion_gotoxy","motion_glidesecstoxy","motion_changexby"]}} search-algorithms.js:338
## SEARCH {"tags":[],"results":{"autocomplete":[],"suggestion":["looks_gotofrontback","looks_goforwardbackwardlayers"]}} search-algorithms.js:338
## SEARCH {"tags":[],"results":{"autocomplete":[],"suggestion":["motion_ifonedgebounce","operator_add"]}} search-algorithms.js:338
## SEARCH {"tags":[],"results":{"autocomplete":[],"suggestion":["motion_ifonedgebounce","control_if_else"]}} search-algorithms.js:338
## {"id":"motion_ifonedgebounce","time":1649872354853} blockly_compressed_vertical.js:2037
## {"id":"motion_ifonedgebounce","time":1649872359952} blockly_compressed_vertical.js:2037
## {"id":"motion_ifonedgebounce","time":1649872365252} blockly_compressed_vertical.js:2037
