## CLEARED SEARCH search-algorithms.js:338
## CLEARED SEARCH search-algorithms.js:338
## SEARCH {"tags":["#all"],"results":{"tag":["motion_movesteps","motion_turnright","motion_turnleft","motion_goto","motion_gotoxy","motion_glideto","motion_glidesecstoxy","motion_pointindirection","motion_pointtowards","motion_changexby","motion_setx","motion_changeyby","motion_sety","motion_ifonedgebounce","motion_setrotationstyle","(zYWzy/jJgt0D1_ZyPW,_xposition","(zYWzy/jJgt0D1_ZyPW,_yposition","(zYWzy/jJgt0D1_ZyPW,_direction","looks_sayforsecs","looks_say","looks_thinkforsecs","looks_think","looks_switchbackdropto","looks_switchbackdroptoandwait","looks_nextbackdrop","(zYWzy/jJgt0D1_ZyPW,_switchcostumeto","looks_nextcostume","looks_changesizeby","looks_setsizeto","looks_changeeffectby","looks_seteffectto","looks_cleargraphiceffects","looks_show","looks_hide","looks_gotofrontback","looks_goforwardbackwardlayers","backdropnumbername","(zYWzy/jJgt0D1_ZyPW,_costumenumbername","(zYWzy/jJgt0D1_ZyPW,_size","(zYWzy/jJgt0D1_ZyPW,_sound_playuntildone","(zYWzy/jJgt0D1_ZyPW,_sound_play","sound_stopallsounds","sound_cleareffects","sound_changevolumeby","sound_setvolumeto","(zYWzy/jJgt0D1_ZyPW,_volume","event_whenflagclicked","event_whenkeypressed","event_whenstageclicked","event_whenthisspriteclicked","event_whenbackdropswitchesto","event_whengreaterthan","event_whenbroadcastreceived","event_broadcast","event_broadcastandwait","control_wait","control_repeat","forever","control_if","control_if_else","wait_until","repeat_until","control_stop","control_start_as_clone","control_create_clone_of","control_delete_this_clone","sensing_touchingobject","sensing_touchingcolor","sensing_coloristouchingcolor","sensing_distanceto","askandwait","answer","sensing_keypressed","sensing_mousedown","sensing_mousex","sensing_mousey","sensing_setdragmode","loudness","timer","sensing_resettimer","of","current","sensing_dayssince2000","sensing_username","operator_add","operator_subtract","operator_multiply","operator_divide","operator_random","operator_gt","operator_lt","operator_equals","operator_and","operator_or","operator_not","operator_join","operator_letter_of","operator_length","operator_contains","operator_mod","operator_round","operator_mathop"]}} search-algorithms.js:357
## CLEARED SEARCH search-algorithms.js:338
## SEARCH {"tags":[],"results":{"autocomplete":["looks_think","timer","motion_turnleft","motion_turnright","sensing_touchingcolor","sensing_touchingobject","looks_thinkforsecs"],"suggestion":["motion_gotoxy","motion_glidesecstoxy","motion_setx","motion_sety"]}} search-algorithms.js:383
## SEARCH {"tags":[],"results":{"autocomplete":[],"suggestion":["motion_goto","motion_gotoxy","motion_glideto","motion_glidesecstoxy","motion_pointtowards","motion_setx","motion_sety","looks_switchbackdropto","looks_switchbackdroptoandwait","(zYWzy/jJgt0D1_ZyPW,_switchcostumeto","looks_switchbackdropto","looks_setsizeto","looks_seteffectto","looks_gotofrontback","sound_stopallsounds","sound_seteffectto","sound_setvolumeto","event_whenbackdropswitchesto","control_stop","sensing_touchingobject","sensing_touchingcolor","sensing_coloristouchingcolor","sensing_distanceto","operator_random"]}} search-algorithms.js:383
## SEARCH {"tags":[],"results":{"autocomplete":[],"suggestion":["motion_goto","motion_gotoxy","motion_glideto","motion_glidesecstoxy","motion_pointtowards","motion_setx","motion_sety","looks_sayforsecs","looks_say","looks_switchbackdropto","looks_switchbackdroptoandwait","(zYWzy/jJgt0D1_ZyPW,_switchcostumeto","looks_switchbackdropto","looks_setsizeto","looks_seteffectto","looks_gotofrontback","sound_stopallsounds","sound_seteffectto","sound_setvolumeto","event_whenflagclicked","event_whenstageclicked","event_whenbackdropswitchesto","event_whengreaterthan","event_broadcast","event_broadcastandwait","control_stop","control_start_as_clone","sensing_touchingobject","sensing_touchingcolor","sensing_coloristouchingcolor","sensing_distanceto","askandwait","sensing_setdragmode","of","operator_random","operator_gt","operator_lt"]}} search-algorithms.js:383
## SEARCH {"tags":[],"results":{"autocomplete":[],"suggestion":["event_whenstageclicked","event_whenthisspriteclicked","event_broadcast","event_broadcastandwait","control_start_as_clone","askandwait","of","sensing_dayssince2000"]}} search-algorithms.js:383
## {"id":"data_setvariableto","time":1651488952855} blockly_compressed_vertical.js:2037
## {"id":"data_setvariableto","time":1651488954011} blockly_compressed_vertical.js:2037
## {"id":"`jEk@4|i[#Fk?(8x)AV.-my variable","time":1651488958938} blockly_compressed_vertical.js:2037
## CLEARED SEARCH search-algorithms.js:338
## SEARCH {"tags":[],"results":{"autocomplete":["loudness","operator_lt","operator_letter_of","operator_length"],"suggestion":["motion_gotoxy","motion_glidesecstoxy","motion_changexby"]}} search-algorithms.js:383
## SEARCH {"tags":[],"results":{"autocomplete":["loudness"],"suggestion":["motion_goto","motion_gotoxy","motion_setx","motion_sety","looks_setsizeto","looks_seteffectto","looks_gotofrontback","sound_seteffectto","sound_setvolumeto"]}} search-algorithms.js:383
## SEARCH {"tags":[],"results":{"autocomplete":[],"suggestion":["looks_sayforsecs","looks_thinkforsecs","motion_goto","motion_gotoxy","motion_setx","motion_sety","motion_setrotationstyle","looks_setsizeto","looks_seteffectto","looks_gotofrontback","sound_seteffectto","sound_setvolumeto","forever","control_create_clone_of","sensing_touchingcolor","sensing_coloristouchingcolor","sensing_setdragmode"]}} search-algorithms.js:383
## SEARCH {"tags":[],"results":{"autocomplete":[],"suggestion":["sound_stopallsounds","control_stop"]}} search-algorithms.js:383
## SEARCH {"tags":["#loop"],"results":{"tag":["control_repeat","forever","repeat_until"]}} search-algorithms.js:357
## {"id":"repeat_until","time":1651488971311} blockly_compressed_vertical.js:2037
## {"id":"data_setvariableto","time":1651488973197} blockly_compressed_vertical.js:2037
## {"id":"control_repeat","time":1651488976185} blockly_compressed_vertical.js:2037
## CLEARED SEARCH search-algorithms.js:338
## SEARCH {"tags":[],"results":{"autocomplete":["looks_say","looks_show","(zYWzy/jJgt0D1_ZyPW,_size","control_stop","motion_setx","motion_sety","operator_subtract","looks_setsizeto","(zYWzy/jJgt0D1_ZyPW,_sound_play","looks_seteffectto","sound_seteffectto","sound_setvolumeto","sensing_setdragmode","looks_sayforsecs","sound_stopallsounds","(zYWzy/jJgt0D1_ZyPW,_switchcostumeto","motion_setrotationstyle","looks_switchbackdropto","looks_switchbackdropto","looks_switchbackdroptoandwait"],"suggestion":["control_start_as_clone","motion_gotoxy","motion_glidesecstoxy","motion_changexby","event_whenthisspriteclicked","event_broadcast","event_broadcastandwait","sensing_coloristouchingcolor","sensing_distanceto","askandwait"]}} search-algorithms.js:383
## SEARCH {"tags":[],"results":{"autocomplete":["control_stop","(zYWzy/jJgt0D1_ZyPW,_sound_play","sound_stopallsounds"],"suggestion":["motion_setx","motion_sety","motion_setrotationstyle","looks_setsizeto","looks_seteffectto","sound_seteffectto","sound_setvolumeto","control_if","control_if_else","sensing_setdragmode","sensing_resettimer"]}} search-algorithms.js:383
## SEARCH {"tags":[],"results":{"autocomplete":["(zYWzy/jJgt0D1_ZyPW,_sound_play"],"suggestion":["motion_setx","motion_sety","looks_setsizeto","looks_seteffectto","sound_stopallsounds","sound_seteffectto","sound_setvolumeto","control_stop"]}} search-algorithms.js:383
## SEARCH {"tags":[],"results":{"autocomplete":["(zYWzy/jJgt0D1_ZyPW,_sound_play"],"suggestion":["control_start_as_clone","looks_sayforsecs","looks_say","sound_stopallsounds","event_whenstageclicked","control_stop","of"]}} search-algorithms.js:383
## SEARCH {"tags":[],"results":{"autocomplete":["(zYWzy/jJgt0D1_ZyPW,_sound_play"],"suggestion":["control_start_as_clone","event_whenstageclicked","of"]}} search-algorithms.js:383
## SEARCH {"tags":["#start"],"results":{"tag":["event_whenflagclicked","event_whenkeypressed","event_whenstageclicked","event_whenthisspriteclicked","event_whenbackdropswitchesto","event_whengreaterthan","event_whenbroadcastreceived","event_broadcastandwait","control_start_as_clone"]}} search-algorithms.js:357
## {"id":"event_whenflagclicked","time":1651488980143} blockly_compressed_vertical.js:2037
## CLEARED SEARCH search-algorithms.js:338
## SEARCH {"tags":[],"results":{"autocomplete":["motion_pointtowards","operator_random","motion_pointindirection","(zYWzy/jJgt0D1_ZyPW,_sound_playuntildone"],"suggestion":["motion_gotoxy","motion_glidesecstoxy","motion_changexby"]}} search-algorithms.js:383
## CLEARED SEARCH search-algorithms.js:338
## SEARCH {"tags":[],"results":{"autocomplete":["looks_say","looks_show","(zYWzy/jJgt0D1_ZyPW,_size","control_stop","motion_setx","motion_sety","operator_subtract","looks_setsizeto","(zYWzy/jJgt0D1_ZyPW,_sound_play","looks_seteffectto","sound_seteffectto","sound_setvolumeto","sensing_setdragmode","looks_sayforsecs","sound_stopallsounds","(zYWzy/jJgt0D1_ZyPW,_switchcostumeto","motion_setrotationstyle","looks_switchbackdropto","looks_switchbackdropto","looks_switchbackdroptoandwait"],"suggestion":["control_start_as_clone","motion_gotoxy","motion_glidesecstoxy","motion_changexby","event_whenthisspriteclicked","event_broadcast","event_broadcastandwait","sensing_coloristouchingcolor","sensing_distanceto","askandwait"]}} search-algorithms.js:383
## SEARCH {"tags":[],"results":{"autocomplete":["looks_say","looks_sayforsecs"],"suggestion":["control_if","control_if_else"]}} search-algorithms.js:383
## SEARCH {"tags":[],"results":{"autocomplete":["looks_say","looks_sayforsecs"],"suggestion":["event_whenkeypressed","sensing_keypressed"]}} search-algorithms.js:383
## {"id":"looks_say","time":1651488989259} blockly_compressed_vertical.js:2037
## CLEARED SEARCH search-algorithms.js:338
## SEARCH {"tags":[],"results":{"autocomplete":["looks_think","timer","motion_turnleft","motion_turnright","sensing_touchingcolor","sensing_touchingobject","looks_thinkforsecs"],"suggestion":["motion_gotoxy","motion_glidesecstoxy","motion_setx","motion_sety"]}} search-algorithms.js:383
## SEARCH {"tags":[],"results":{"autocomplete":[],"suggestion":["motion_goto","motion_gotoxy","motion_glideto","motion_glidesecstoxy","motion_pointtowards","motion_setx","motion_sety","looks_switchbackdropto","looks_switchbackdroptoandwait","(zYWzy/jJgt0D1_ZyPW,_switchcostumeto","looks_switchbackdropto","looks_setsizeto","looks_seteffectto","looks_gotofrontback","sound_stopallsounds","sound_seteffectto","sound_setvolumeto","event_whenbackdropswitchesto","control_stop","sensing_touchingobject","sensing_touchingcolor","sensing_coloristouchingcolor","sensing_distanceto","operator_random"]}} search-algorithms.js:383
## SEARCH {"tags":[],"results":{"autocomplete":[],"suggestion":["motion_goto","motion_gotoxy","motion_glideto","motion_glidesecstoxy","motion_pointtowards","motion_setx","motion_sety","looks_sayforsecs","looks_say","looks_switchbackdropto","looks_switchbackdroptoandwait","(zYWzy/jJgt0D1_ZyPW,_switchcostumeto","looks_switchbackdropto","looks_setsizeto","looks_seteffectto","looks_gotofrontback","sound_stopallsounds","sound_seteffectto","sound_setvolumeto","event_whenflagclicked","event_whenstageclicked","event_whenbackdropswitchesto","event_whengreaterthan","event_broadcast","event_broadcastandwait","control_stop","control_start_as_clone","sensing_touchingobject","sensing_touchingcolor","sensing_coloristouchingcolor","sensing_distanceto","askandwait","sensing_setdragmode","of","operator_random","operator_gt","operator_lt"]}} search-algorithms.js:383
## SEARCH {"tags":[],"results":{"autocomplete":[],"suggestion":["motion_goto","motion_gotoxy","motion_glideto","motion_glidesecstoxy","motion_pointtowards","motion_setx","motion_sety","looks_switchbackdropto","looks_switchbackdroptoandwait","(zYWzy/jJgt0D1_ZyPW,_switchcostumeto","looks_switchbackdropto","looks_setsizeto","looks_seteffectto","looks_gotofrontback","sound_stopallsounds","sound_seteffectto","sound_setvolumeto","event_whenbackdropswitchesto","control_stop","sensing_touchingobject","sensing_touchingcolor","sensing_coloristouchingcolor","sensing_distanceto","operator_random"]}} search-algorithms.js:383
## SEARCH {"tags":[],"results":{"autocomplete":["looks_think","timer","motion_turnleft","motion_turnright","sensing_touchingcolor","sensing_touchingobject","looks_thinkforsecs"],"suggestion":["motion_gotoxy","motion_glidesecstoxy","motion_setx","motion_sety"]}} search-algorithms.js:383
## CLEARED SEARCH search-algorithms.js:338
## SEARCH {"tags":["#motion"],"results":{"tag":["motion_movesteps","motion_turnright","motion_turnleft","motion_goto","motion_gotoxy","motion_glideto","motion_glidesecstoxy","motion_pointindirection","motion_pointtowards","motion_changexby","motion_setx","motion_changeyby","motion_sety","motion_ifonedgebounce","motion_setrotationstyle","(zYWzy/jJgt0D1_ZyPW,_xposition","(zYWzy/jJgt0D1_ZyPW,_yposition","(zYWzy/jJgt0D1_ZyPW,_direction"]}} search-algorithms.js:357
## {"id":"motion_movesteps","time":1651488996876} blockly_compressed_vertical.js:2037
## {"id":"motion_turnright","time":1651488997988} blockly_compressed_vertical.js:2037
## {"id":"motion_goto","time":1651488999102} blockly_compressed_vertical.js:2037
Trying to cancel a gesture recursively. 4 blockly_compressed_vertical.js:861
## CLEARED SEARCH search-algorithms.js:338
## SEARCH {"tags":[],"results":{"autocomplete":["looks_say","looks_show","(zYWzy/jJgt0D1_ZyPW,_size","control_stop","motion_setx","motion_sety","operator_subtract","looks_setsizeto","(zYWzy/jJgt0D1_ZyPW,_sound_play","looks_seteffectto","sound_seteffectto","sound_setvolumeto","sensing_setdragmode","looks_sayforsecs","sound_stopallsounds","(zYWzy/jJgt0D1_ZyPW,_switchcostumeto","motion_setrotationstyle","looks_switchbackdropto","looks_switchbackdropto","looks_switchbackdroptoandwait"],"suggestion":["control_start_as_clone","motion_gotoxy","motion_glidesecstoxy","motion_changexby","event_whenthisspriteclicked","event_broadcast","event_broadcastandwait","sensing_coloristouchingcolor","sensing_distanceto","askandwait"]}} search-algorithms.js:383
## SEARCH {"tags":[],"results":{"autocomplete":["control_stop","(zYWzy/jJgt0D1_ZyPW,_sound_play","sound_stopallsounds"],"suggestion":["motion_setx","motion_sety","motion_setrotationstyle","looks_setsizeto","looks_seteffectto","sound_seteffectto","sound_setvolumeto","control_if","control_if_else","sensing_setdragmode","sensing_resettimer"]}} search-algorithms.js:383
## SEARCH {"tags":[],"results":{"autocomplete":["(zYWzy/jJgt0D1_ZyPW,_sound_play"],"suggestion":["motion_setx","motion_sety","looks_setsizeto","looks_seteffectto","sound_stopallsounds","sound_seteffectto","sound_setvolumeto","control_stop"]}} search-algorithms.js:383
## SEARCH {"tags":["#start"],"results":{"tag":["event_whenflagclicked","event_whenkeypressed","event_whenstageclicked","event_whenthisspriteclicked","event_whenbackdropswitchesto","event_whengreaterthan","event_whenbroadcastreceived","event_broadcastandwait","control_start_as_clone"]}} search-algorithms.js:357
## {"id":"event_whenkeypressed","time":1651489014104} blockly_compressed_vertical.js:2037
## {"id":"event_whenkeypressed","time":1651489016000} blockly_compressed_vertical.js:2037
## {"id":"event_whenkeypressed","time":1651489017645} blockly_compressed_vertical.js:2037
## SEARCH {"tags":["#start"],"results":{"autocomplete":[],"suggestion":["event_whenkeypressed","event_whenbroadcastreceived","control_start_as_clone"]}} search-algorithms.js:383
## SEARCH {"tags":["#start"],"results":{"tag":["event_whenflagclicked","event_whenkeypressed","event_whenstageclicked","event_whenthisspriteclicked","event_whenbackdropswitchesto","event_whengreaterthan","event_whenbroadcastreceived","event_broadcastandwait","control_start_as_clone"]}} search-algorithms.js:357
## CLEARED SEARCH search-algorithms.js:338
## SEARCH {"tags":[],"results":{"autocomplete":["wait_until","control_wait","event_whenbroadcastreceived","event_whenkeypressed","event_whenflagclicked","event_whengreaterthan","event_whenstageclicked","control_start_as_clone","event_whenthisspriteclicked","event_whenbackdropswitchesto"],"suggestion":["motion_gotoxy","motion_glidesecstoxy","motion_changexby"]}} search-algorithms.js:383
## SEARCH {"tags":[],"results":{"autocomplete":["event_whenbroadcastreceived","event_whenkeypressed","event_whenflagclicked","event_whengreaterthan","event_whenstageclicked","control_start_as_clone","event_whenthisspriteclicked","event_whenbackdropswitchesto"],"suggestion":[]}} search-algorithms.js:383
## {"id":"event_whenkeypressed","time":1651489024584} blockly_compressed_vertical.js:2037
## CLEARED SEARCH search-algorithms.js:338
## SEARCH {"tags":[],"results":{"autocomplete":["operator_round","control_repeat","sensing_resettimer","repeat_until"],"suggestion":["looks_sayforsecs","looks_thinkforsecs","forever"]}} search-algorithms.js:383
## SEARCH {"tags":[],"results":{"autocomplete":["control_repeat","repeat_until"],"suggestion":["motion_setx","motion_sety","motion_setrotationstyle","looks_setsizeto","looks_seteffectto","sound_seteffectto","sound_setvolumeto","event_whenkeypressed","sensing_keypressed","sensing_setdragmode","sensing_resettimer"]}} search-algorithms.js:383
## {"id":"repeat_until","time":1651489030086} blockly_compressed_vertical.js:2037
## {"id":"repeat_until","time":1651489031711} blockly_compressed_vertical.js:2037
## {"id":"repeat_until","time":1651489034177} blockly_compressed_vertical.js:2037
## CLEARED SEARCH search-algorithms.js:338
## SEARCH {"tags":[],"results":{"autocomplete":["loudness","operator_lt","operator_letter_of","operator_length"],"suggestion":["motion_gotoxy","motion_glidesecstoxy","motion_changexby"]}} search-algorithms.js:383
## SEARCH {"tags":[],"results":{"autocomplete":["loudness"],"suggestion":["motion_goto","motion_gotoxy","motion_setx","motion_sety","looks_setsizeto","looks_seteffectto","looks_gotofrontback","sound_seteffectto","sound_setvolumeto"]}} search-algorithms.js:383
## SEARCH {"tags":[],"results":{"autocomplete":[],"suggestion":["looks_sayforsecs","looks_thinkforsecs","motion_goto","motion_gotoxy","motion_setx","motion_sety","motion_setrotationstyle","looks_setsizeto","looks_seteffectto","looks_gotofrontback","sound_seteffectto","sound_setvolumeto","forever","control_create_clone_of","sensing_touchingcolor","sensing_coloristouchingcolor","sensing_setdragmode"]}} search-algorithms.js:383
## SEARCH {"tags":[],"results":{"autocomplete":[],"suggestion":["sound_stopallsounds","control_stop"]}} 2 search-algorithms.js:383
## SEARCH {"tags":["#loop"],"results":{"tag":["control_repeat","forever","repeat_until"]}} search-algorithms.js:357
## {"id":"forever","time":1651489039531} blockly_compressed_vertical.js:2037
Trying to cancel a gesture recursively. blockly_compressed_vertical.js:861
## {"id":"repeat_until","time":1651489041859} blockly_compressed_vertical.js:2037
## CLEARED SEARCH search-algorithms.js:338
## SEARCH {"tags":[],"results":{"autocomplete":["backdropnumbername","event_broadcast","event_broadcastandwait"],"suggestion":["motion_changexby","motion_gotoxy","motion_glidesecstoxy","motion_changeyby","looks_changesizeby","looks_changeeffectby","sound_changeeffectby","sound_changevolumeby"]}} search-algorithms.js:383
## SEARCH {"tags":[],"results":{"autocomplete":[],"suggestion":["motion_goto","motion_gotoxy","looks_gotofrontback"]}} search-algorithms.js:383
## SEARCH {"tags":[],"results":{"autocomplete":[],"suggestion":["looks_sayforsecs","looks_thinkforsecs","motion_goto","motion_gotoxy","looks_gotofrontback","forever","control_create_clone_of","sensing_touchingcolor","sensing_coloristouchingcolor"]}} search-algorithms.js:383
## SEARCH {"tags":["#boolean"],"results":{"tag":["sensing_touchingobject","sensing_touchingcolor","sensing_coloristouchingcolor","sensing_keypressed","sensing_mousedown","operator_lt","operator_equals","operator_and","operator_or","operator_not"]}} search-algorithms.js:357
## {"id":"operator_not","time":1651489051624} blockly_compressed_vertical.js:2037
## {"id":"operator_not","time":1651489053369} blockly_compressed_vertical.js:2037
## {"id":"operator_not","time":1651489055983} blockly_compressed_vertical.js:2037
## {"id":"operator_not","time":1651489057749} blockly_compressed_vertical.js:2037
## {"id":"sensing_keypressed","time":1651489060273} blockly_compressed_vertical.js:2037
## {"id":"sensing_keypressed","time":1651489062175} blockly_compressed_vertical.js:2037
## {"id":"sensing_keypressed","time":1651489064216} blockly_compressed_vertical.js:2037
## {"id":"sensing_keypressed","time":1651489066476} blockly_compressed_vertical.js:2037
## CLEARED SEARCH search-algorithms.js:338
## SEARCH {"tags":[],"results":{"autocomplete":["operator_mod","sensing_mousex","sensing_mousey","operator_multiply","motion_movesteps","sensing_mousedown","operator_mathop"],"suggestion":["motion_gotoxy","motion_glidesecstoxy","motion_changexby"]}} search-algorithms.js:383
## SEARCH {"tags":[],"results":{"autocomplete":["operator_mod","sensing_mousex","sensing_mousey","motion_movesteps","sensing_mousedown"],"suggestion":["motion_goto","motion_gotoxy","looks_gotofrontback"]}} search-algorithms.js:383
## SEARCH {"tags":[],"results":{"autocomplete":["motion_movesteps"],"suggestion":["motion_goto","motion_gotoxy","looks_sayforsecs","looks_thinkforsecs","looks_gotofrontback","sensing_setdragmode"]}} search-algorithms.js:383
## SEARCH {"tags":[],"results":{"autocomplete":["motion_movesteps"],"suggestion":["sensing_setdragmode","motion_goto","motion_gotoxy","looks_gotofrontback","looks_goforwardbackwardlayers"]}} search-algorithms.js:383
## {"id":"motion_movesteps","time":1651489120230} blockly_compressed_vertical.js:2037
## {"id":"motion_movesteps","time":1651489123788} blockly_compressed_vertical.js:2037
## CLEARED SEARCH search-algorithms.js:338
## SEARCH {"tags":[],"results":{"autocomplete":["operator_mod","sensing_mousex","sensing_mousey","operator_multiply","motion_movesteps","sensing_mousedown","operator_mathop"],"suggestion":["motion_gotoxy","motion_glidesecstoxy","motion_changexby"]}} search-algorithms.js:383
## SEARCH {"tags":[],"results":{"autocomplete":["operator_mod","sensing_mousex","sensing_mousey","motion_movesteps","sensing_mousedown"],"suggestion":["motion_goto","motion_gotoxy","looks_gotofrontback"]}} search-algorithms.js:383
## SEARCH {"tags":[],"results":{"autocomplete":[],"suggestion":["sensing_setdragmode","motion_setx","motion_sety","motion_setrotationstyle","looks_sayforsecs","looks_thinkforsecs","looks_setsizeto","looks_seteffectto","sound_seteffectto","sound_setvolumeto"]}} search-algorithms.js:383
## SEARCH {"tags":["#motion"],"results":{"tag":["motion_movesteps","motion_turnright","motion_turnleft","motion_goto","motion_gotoxy","motion_glideto","motion_glidesecstoxy","motion_pointindirection","motion_pointtowards","motion_changexby","motion_setx","motion_changeyby","motion_sety","motion_ifonedgebounce","motion_setrotationstyle","(zYWzy/jJgt0D1_ZyPW,_xposition","(zYWzy/jJgt0D1_ZyPW,_yposition","(zYWzy/jJgt0D1_ZyPW,_direction"]}} search-algorithms.js:357
## {"id":"motion_changeyby","time":1651489131652} blockly_compressed_vertical.js:2037
## {"id":"motion_changeyby","time":1651489133539} blockly_compressed_vertical.js:2037
## SEARCH {"tags":["#motion"],"results":{"tag":["motion_movesteps","motion_turnright","motion_turnleft","motion_goto","motion_gotoxy","motion_glideto","motion_glidesecstoxy","motion_pointindirection","motion_pointtowards","motion_changexby","motion_setx","motion_changeyby","motion_sety","motion_ifonedgebounce","motion_setrotationstyle","(zYWzy/jJgt0D1_ZyPW,_xposition","(zYWzy/jJgt0D1_ZyPW,_yposition","(zYWzy/jJgt0D1_ZyPW,_direction"]}} search-algorithms.js:357
## SEARCH {"tags":["#motion"],"results":{"tag":["motion_movesteps","motion_turnright","motion_turnleft","motion_goto","motion_gotoxy","motion_glideto","motion_glidesecstoxy","motion_pointindirection","motion_pointtowards","motion_changexby","motion_setx","motion_changeyby","motion_sety","motion_ifonedgebounce","motion_setrotationstyle","{3b+JxAs@D5GtaU~ZhFi_xposition","{3b+JxAs@D5GtaU~ZhFi_yposition","{3b+JxAs@D5GtaU~ZhFi_direction"]}} search-algorithms.js:357
## SEARCH {"tags":["#motion"],"results":{"tag":["motion_movesteps","motion_turnright","motion_turnleft","motion_goto","motion_gotoxy","motion_glideto","motion_glidesecstoxy","motion_pointindirection","motion_pointtowards","motion_changexby","motion_setx","motion_changeyby","motion_sety","motion_ifonedgebounce","motion_setrotationstyle",":UG18,fM.6?XlsnqWq,N_xposition",":UG18,fM.6?XlsnqWq,N_yposition",":UG18,fM.6?XlsnqWq,N_direction"]}} search-algorithms.js:357
## SEARCH {"tags":["#motion"],"results":{"tag":["motion_movesteps","motion_turnright","motion_turnleft","motion_goto","motion_gotoxy","motion_glideto","motion_glidesecstoxy","motion_pointindirection","motion_pointtowards","motion_changexby","motion_setx","motion_changeyby","motion_sety","motion_ifonedgebounce","motion_setrotationstyle","rI-B6bxTCDgX,~YZ|u3!_xposition","rI-B6bxTCDgX,~YZ|u3!_yposition","rI-B6bxTCDgX,~YZ|u3!_direction"]}} search-algorithms.js:357
## SEARCH {"tags":["#motion"],"results":{"tag":["motion_movesteps","motion_turnright","motion_turnleft","motion_goto","motion_gotoxy","motion_glideto","motion_glidesecstoxy","motion_pointindirection","motion_pointtowards","motion_changexby","motion_setx","motion_changeyby","motion_sety","motion_ifonedgebounce","motion_setrotationstyle",":UG18,fM.6?XlsnqWq,N_xposition",":UG18,fM.6?XlsnqWq,N_yposition",":UG18,fM.6?XlsnqWq,N_direction"]}} search-algorithms.js:357
## SEARCH {"tags":["#motion"],"results":{"tag":["motion_movesteps","motion_turnright","motion_turnleft","motion_goto","motion_gotoxy","motion_glideto","motion_glidesecstoxy","motion_pointindirection","motion_pointtowards","motion_changexby","motion_setx","motion_changeyby","motion_sety","motion_ifonedgebounce","motion_setrotationstyle","{3b+JxAs@D5GtaU~ZhFi_xposition","{3b+JxAs@D5GtaU~ZhFi_yposition","{3b+JxAs@D5GtaU~ZhFi_direction"]}} search-algorithms.js:357
## SEARCH {"tags":["#motion"],"results":{"tag":["motion_movesteps","motion_turnright","motion_turnleft","motion_goto","motion_gotoxy","motion_glideto","motion_glidesecstoxy","motion_pointindirection","motion_pointtowards","motion_changexby","motion_setx","motion_changeyby","motion_sety","motion_ifonedgebounce","motion_setrotationstyle","rI-B6bxTCDgX,~YZ|u3!_xposition","rI-B6bxTCDgX,~YZ|u3!_yposition","rI-B6bxTCDgX,~YZ|u3!_direction"]}} search-algorithms.js:357
## SEARCH {"tags":["#motion"],"results":{"tag":["motion_movesteps","motion_turnright","motion_turnleft","motion_goto","motion_gotoxy","motion_glideto","motion_glidesecstoxy","motion_pointindirection","motion_pointtowards","motion_changexby","motion_setx","motion_changeyby","motion_sety","motion_ifonedgebounce","motion_setrotationstyle","(zYWzy/jJgt0D1_ZyPW,_xposition","(zYWzy/jJgt0D1_ZyPW,_yposition","(zYWzy/jJgt0D1_ZyPW,_direction"]}} search-algorithms.js:357
## CLEARED SEARCH search-algorithms.js:338
## SEARCH {"tags":[],"results":{"autocomplete":["wait_until","control_wait","event_whenbroadcastreceived","event_whenkeypressed","event_whenflagclicked","event_whengreaterthan","event_whenstageclicked","control_start_as_clone","event_whenthisspriteclicked","event_whenbackdropswitchesto"],"suggestion":["motion_gotoxy","motion_glidesecstoxy","motion_changexby"]}} search-algorithms.js:383
## SEARCH {"tags":[],"results":{"autocomplete":["event_whenbroadcastreceived","event_whenkeypressed","event_whenflagclicked","event_whengreaterthan","event_whenstageclicked","control_start_as_clone","event_whenthisspriteclicked","event_whenbackdropswitchesto"],"suggestion":[]}} 2 search-algorithms.js:383
## {"id":"event_whenkeypressed","time":1651489225162} blockly_compressed_vertical.js:2037
## {"id":"event_whenkeypressed","time":1651489227559} blockly_compressed_vertical.js:2037
Trying to cancel a gesture recursively. blockly_compressed_vertical.js:861
## {"id":"event_whenkeypressed","time":1651489228988} blockly_compressed_vertical.js:2037
Trying to cancel a gesture recursively. blockly_compressed_vertical.js:861
## CLEARED SEARCH search-algorithms.js:338
## SEARCH {"tags":[],"results":{"autocomplete":["backdropnumbername","event_broadcast","event_broadcastandwait"],"suggestion":["motion_changexby","motion_gotoxy","motion_glidesecstoxy","motion_changeyby","looks_changesizeby","looks_changeeffectby","sound_changeeffectby","sound_changevolumeby"]}} search-algorithms.js:383
## SEARCH {"tags":[],"results":{"autocomplete":[],"suggestion":["motion_goto","motion_gotoxy","looks_gotofrontback"]}} search-algorithms.js:383
## SEARCH {"tags":[],"results":{"autocomplete":[],"suggestion":["looks_sayforsecs","looks_thinkforsecs","motion_goto","motion_gotoxy","looks_gotofrontback","forever","control_create_clone_of","sensing_touchingcolor","sensing_coloristouchingcolor"]}} search-algorithms.js:383
## SEARCH {"tags":["#boolean"],"results":{"tag":["sensing_touchingobject","sensing_touchingcolor","sensing_coloristouchingcolor","sensing_keypressed","sensing_mousedown","operator_lt","operator_equals","operator_and","operator_or","operator_not"]}} search-algorithms.js:357
## {"id":"sensing_touchingobject","time":1651489262766} blockly_compressed_vertical.js:2037
## CLEARED SEARCH search-algorithms.js:338
## SEARCH {"tags":[],"results":{"autocomplete":["control_if","control_if_else","motion_ifonedgebounce"],"suggestion":["motion_gotoxy","motion_glidesecstoxy","motion_changexby","sensing_coloristouchingcolor","sensing_dayssince2000"]}} search-algorithms.js:383
## SEARCH {"tags":[],"results":{"autocomplete":["control_if","control_if_else","motion_ifonedgebounce"],"suggestion":[]}} search-algorithms.js:383
## {"id":"control_if","time":1651489270817} blockly_compressed_vertical.js:2037
## {"id":"control_if","time":1651489283007} blockly_compressed_vertical.js:2037
Trying to cancel a gesture recursively. blockly_compressed_vertical.js:861
## {"id":"control_if_else","time":1651489288029} blockly_compressed_vertical.js:2037
Trying to cancel a gesture recursively. blockly_compressed_vertical.js:861
## {"id":"control_if_else","time":1651489291969} blockly_compressed_vertical.js:2037
## {"id":"control_if_else","time":1651489294199} blockly_compressed_vertical.js:2037
## CLEARED SEARCH search-algorithms.js:338
## SEARCH {"tags":[],"results":{"autocomplete":["looks_think","timer","motion_turnleft","motion_turnright","sensing_touchingcolor","sensing_touchingobject","looks_thinkforsecs"],"suggestion":["motion_gotoxy","motion_glidesecstoxy","motion_setx","motion_sety"]}} search-algorithms.js:383
## SEARCH {"tags":[],"results":{"autocomplete":["sensing_touchingcolor","sensing_touchingobject"],"suggestion":["motion_goto","motion_gotoxy","looks_gotofrontback"]}} 2 search-algorithms.js:383
## SEARCH {"tags":[],"results":{"autocomplete":["sensing_touchingcolor","sensing_touchingobject"],"suggestion":["motion_goto","motion_gotoxy","looks_gotofrontback","sensing_coloristouchingcolor"]}} search-algorithms.js:383
## {"id":"sensing_touchingobject","time":1651489301900} blockly_compressed_vertical.js:2037
## CLEARED SEARCH search-algorithms.js:338
## SEARCH {"tags":[],"results":{"autocomplete":["backdropnumbername","event_broadcast","event_broadcastandwait"],"suggestion":["motion_changexby","motion_gotoxy","motion_glidesecstoxy","motion_changeyby","looks_changesizeby","looks_changeeffectby","sound_changeeffectby","sound_changevolumeby"]}} search-algorithms.js:383
## SEARCH {"tags":[],"results":{"autocomplete":[],"suggestion":["motion_goto","motion_gotoxy","looks_gotofrontback"]}} search-algorithms.js:383
## SEARCH {"tags":[],"results":{"autocomplete":[],"suggestion":["looks_sayforsecs","looks_thinkforsecs","motion_goto","motion_gotoxy","looks_gotofrontback","forever","control_create_clone_of","sensing_touchingcolor","sensing_coloristouchingcolor"]}} search-algorithms.js:383
## SEARCH {"tags":["#boolean"],"results":{"tag":["sensing_touchingobject","sensing_touchingcolor","sensing_coloristouchingcolor","sensing_keypressed","sensing_mousedown","operator_lt","operator_equals","operator_and","operator_or","operator_not"]}} search-algorithms.js:357
## {"id":"sensing_touchingobject","time":1651489307556} blockly_compressed_vertical.js:2037
## CLEARED SEARCH search-algorithms.js:338
## SEARCH {"tags":[],"results":{"autocomplete":[],"suggestion":["motion_gotoxy","motion_glidesecstoxy","motion_changexby"]}} search-algorithms.js:383
## CLEARED SEARCH search-algorithms.js:338
## SEARCH {"tags":["#event"],"results":{"tag":["event_whenflagclicked","event_whenkeypressed","event_whenstageclicked","event_whenthisspriteclicked","event_whenbackdropswitchesto","event_whengreaterthan","event_whenbroadcastreceived","event_broadcast","event_broadcastandwait"]}} search-algorithms.js:357
## {"id":"event_broadcast","time":1651489344576} blockly_compressed_vertical.js:2037
## {"id":"event_broadcast","time":1651489349697} blockly_compressed_vertical.js:2037
## {"id":"event_broadcast","time":1651489351387} blockly_compressed_vertical.js:2037
## SEARCH {"tags":["#event"],"results":{"tag":["event_whenflagclicked","event_whenkeypressed","event_whenstageclicked","event_whenthisspriteclicked","event_whenbackdropswitchesto","event_whengreaterthan","event_whenbroadcastreceived","event_broadcast","event_broadcastandwait"]}} search-algorithms.js:357
## {"id":"event_whenbroadcastreceived","time":1651489379792} blockly_compressed_vertical.js:2037
## CLEARED SEARCH search-algorithms.js:338
## SEARCH {"tags":[],"results":{"autocomplete":["operator_round","control_repeat","sensing_resettimer","repeat_until"],"suggestion":["looks_sayforsecs","looks_thinkforsecs","forever"]}} search-algorithms.js:383
## SEARCH {"tags":[],"results":{"autocomplete":[],"suggestion":["motion_glideto","motion_glidesecstoxy","motion_setx","motion_sety","motion_setrotationstyle","looks_setsizeto","looks_seteffectto","sound_seteffectto","sound_setvolumeto","event_whenkeypressed","sensing_keypressed","sensing_setdragmode","sensing_resettimer"]}} search-algorithms.js:383
## SEARCH {"tags":[],"results":{"autocomplete":[],"suggestion":["motion_glideto","motion_glidesecstoxy","sensing_resettimer"]}} search-algorithms.js:383
## SEARCH {"tags":[],"results":{"autocomplete":[],"suggestion":["event_whenbroadcastreceived","sensing_resettimer"]}} search-algorithms.js:383
## {"id":"event_whenbroadcastreceived","time":1651489382775} blockly_compressed_vertical.js:2037
## {"id":"event_whenbroadcastreceived","time":1651489384023} blockly_compressed_vertical.js:2037
Trying to cancel a gesture recursively. 2 blockly_compressed_vertical.js:861
## SEARCH {"tags":[],"results":{"autocomplete":[],"suggestion":["event_whenbroadcastreceived","sensing_resettimer"]}} search-algorithms.js:383
## {"id":"event_whenbroadcastreceived","time":1651489393986} blockly_compressed_vertical.js:2037
## SEARCH {"tags":[],"results":{"autocomplete":[],"suggestion":["event_whenbroadcastreceived","sensing_resettimer"]}} search-algorithms.js:383
## {"id":"event_whenbroadcastreceived","time":1651489397316} blockly_compressed_vertical.js:2037
## SEARCH {"tags":[],"results":{"autocomplete":[],"suggestion":["event_whenbroadcastreceived","sensing_resettimer"]}} search-algorithms.js:383
## CLEARED SEARCH search-algorithms.js:338
## SEARCH {"tags":[],"results":{"autocomplete":["operator_or","of"],"suggestion":["motion_gotoxy","looks_gotofrontback","motion_goto","motion_glidesecstoxy"]}} search-algorithms.js:383
## SEARCH {"tags":[],"results":{"autocomplete":[],"suggestion":["looks_sayforsecs","looks_thinkforsecs","control_create_clone_of"]}} 3 search-algorithms.js:383
## SEARCH {"tags":[],"results":{"autocomplete":["operator_or","of"],"suggestion":["motion_gotoxy","looks_gotofrontback","motion_goto","motion_glidesecstoxy"]}} search-algorithms.js:383
## CLEARED SEARCH search-algorithms.js:338
## SEARCH {"tags":[],"results":{"autocomplete":["looks_hide"],"suggestion":["motion_gotoxy","motion_glidesecstoxy","motion_changexby"]}} search-algorithms.js:383
## SEARCH {"tags":[],"results":{"autocomplete":[],"suggestion":["motion_goto","motion_gotoxy","looks_gotofrontback"]}} search-algorithms.js:383
## SEARCH {"tags":[],"results":{"autocomplete":["looks_hide"],"suggestion":["motion_gotoxy","motion_glidesecstoxy","motion_changexby"]}} search-algorithms.js:383
## CLEARED SEARCH search-algorithms.js:338
## SEARCH {"tags":[],"results":{"autocomplete":["operator_round","control_repeat","sensing_resettimer","repeat_until"],"suggestion":["looks_sayforsecs","looks_thinkforsecs","forever"]}} search-algorithms.js:383
## SEARCH {"tags":[],"results":{"autocomplete":["control_repeat","repeat_until"],"suggestion":["motion_setx","motion_sety","motion_setrotationstyle","looks_setsizeto","looks_seteffectto","sound_seteffectto","sound_setvolumeto","event_whenkeypressed","sensing_keypressed","sensing_setdragmode","sensing_resettimer"]}} search-algorithms.js:383
## {"id":"repeat_until","time":1651489414493} blockly_compressed_vertical.js:2037
## SEARCH {"tags":[],"results":{"autocomplete":["control_repeat","repeat_until"],"suggestion":["motion_setx","motion_sety","motion_setrotationstyle","looks_setsizeto","looks_seteffectto","sound_seteffectto","sound_setvolumeto","event_whenkeypressed","sensing_keypressed","sensing_setdragmode","sensing_resettimer"]}} search-algorithms.js:383
## {"id":"repeat_until","time":1651489418813} blockly_compressed_vertical.js:2037
## SEARCH {"tags":[],"results":{"autocomplete":["control_repeat","repeat_until"],"suggestion":["motion_setx","motion_sety","motion_setrotationstyle","looks_setsizeto","looks_seteffectto","sound_seteffectto","sound_setvolumeto","event_whenkeypressed","sensing_keypressed","sensing_setdragmode","sensing_resettimer"]}} search-algorithms.js:383
## {"id":"repeat_until","time":1651489422227} blockly_compressed_vertical.js:2037
## SEARCH {"tags":[],"results":{"autocomplete":["control_repeat","repeat_until"],"suggestion":["motion_setx","motion_sety","motion_setrotationstyle","looks_setsizeto","looks_seteffectto","sound_seteffectto","sound_setvolumeto","event_whenkeypressed","sensing_keypressed","sensing_setdragmode","sensing_resettimer"]}} search-algorithms.js:383
## SEARCH {"tags":[],"results":{"autocomplete":["sensing_keypressed"],"suggestion":["motion_gotoxy","motion_glidesecstoxy","motion_changexby"]}} search-algorithms.js:383
## SEARCH {"tags":[],"results":{"autocomplete":["sensing_keypressed"],"suggestion":["event_whenkeypressed"]}} search-algorithms.js:383
## SEARCH {"tags":[],"results":{"autocomplete":["sensing_keypressed"],"suggestion":["event_whenkeypressed","motion_changexby","motion_changeyby","motion_sety","motion_setrotationstyle","looks_sayforsecs","looks_say","looks_changesizeby","looks_changeeffectby","sound_changeeffectby","sound_changevolumeby"]}} search-algorithms.js:383
## {"id":"sensing_keypressed","time":1651489453908} blockly_compressed_vertical.js:2037
## SEARCH {"tags":[],"results":{"autocomplete":["operator_mod","sensing_mousex","sensing_mousey","operator_multiply","motion_movesteps","sensing_mousedown","operator_mathop"],"suggestion":["motion_gotoxy","motion_glidesecstoxy","motion_changexby"]}} search-algorithms.js:383
## SEARCH {"tags":[],"results":{"autocomplete":["operator_mod","sensing_mousex","sensing_mousey","motion_movesteps","sensing_mousedown"],"suggestion":["motion_goto","motion_gotoxy","looks_gotofrontback"]}} search-algorithms.js:383
## SEARCH {"tags":[],"results":{"autocomplete":[],"suggestion":["sensing_setdragmode","motion_setx","motion_sety","motion_setrotationstyle","looks_sayforsecs","looks_thinkforsecs","looks_setsizeto","looks_seteffectto","sound_seteffectto","sound_setvolumeto"]}} search-algorithms.js:383
## SEARCH {"tags":["#motion"],"results":{"tag":["motion_movesteps","motion_turnright","motion_turnleft","motion_goto","motion_gotoxy","motion_glideto","motion_glidesecstoxy","motion_pointindirection","motion_pointtowards","motion_changexby","motion_setx","motion_changeyby","motion_sety","motion_ifonedgebounce","motion_setrotationstyle","{3b+JxAs@D5GtaU~ZhFi_xposition","{3b+JxAs@D5GtaU~ZhFi_yposition","{3b+JxAs@D5GtaU~ZhFi_direction"]}} search-algorithms.js:357
## {"id":"motion_goto","time":1651489466998} blockly_compressed_vertical.js:2037
## SEARCH {"tags":["#motion"],"results":{"tag":["motion_movesteps","motion_turnright","motion_turnleft","motion_goto","motion_gotoxy","motion_glideto","motion_glidesecstoxy","motion_pointindirection","motion_pointtowards","motion_changexby","motion_setx","motion_changeyby","motion_sety","motion_ifonedgebounce","motion_setrotationstyle",":UG18,fM.6?XlsnqWq,N_xposition",":UG18,fM.6?XlsnqWq,N_yposition",":UG18,fM.6?XlsnqWq,N_direction"]}} search-algorithms.js:357
## CLEARED SEARCH search-algorithms.js:338
## SEARCH {"tags":[],"results":{"autocomplete":["sensing_keypressed"],"suggestion":["motion_gotoxy","motion_glidesecstoxy","motion_changexby"]}} search-algorithms.js:383
## SEARCH {"tags":[],"results":{"autocomplete":["sensing_keypressed"],"suggestion":["event_whenkeypressed"]}} search-algorithms.js:383
## SEARCH {"tags":[],"results":{"autocomplete":["sensing_keypressed"],"suggestion":["event_whenkeypressed","motion_changexby","motion_changeyby","motion_sety","motion_setrotationstyle","looks_sayforsecs","looks_say","looks_changesizeby","looks_changeeffectby","sound_changeeffectby","sound_changevolumeby"]}} search-algorithms.js:383
## {"id":"sensing_keypressed","time":1651489477709} blockly_compressed_vertical.js:2037
## SEARCH {"tags":[],"results":{"autocomplete":["motion_goto","looks_goforwardbackwardlayers","motion_gotoxy","looks_gotofrontback","operator_gt","motion_glideto","motion_glidesecstoxy"],"suggestion":["motion_changexby"]}} search-algorithms.js:383
## SEARCH {"tags":[],"results":{"autocomplete":["motion_goto","looks_goforwardbackwardlayers","motion_gotoxy","looks_gotofrontback"],"suggestion":[]}} search-algorithms.js:383
## {"id":"motion_goto","time":1651489485192} blockly_compressed_vertical.js:2037
## {"id":"motion_goto","time":1651489487043} blockly_compressed_vertical.js:2037
Trying to cancel a gesture recursively. blockly_compressed_vertical.js:861
## SEARCH {"tags":[],"results":{"autocomplete":["motion_goto","looks_goforwardbackwardlayers","motion_gotoxy","looks_gotofrontback"],"suggestion":[]}} search-algorithms.js:383
## {"id":"motion_goto","time":1651489502121} blockly_compressed_vertical.js:2037
## SEARCH {"tags":[],"results":{"autocomplete":["sensing_keypressed"],"suggestion":["motion_gotoxy","motion_glidesecstoxy","motion_changexby"]}} search-algorithms.js:383
## SEARCH {"tags":[],"results":{"autocomplete":["sensing_keypressed"],"suggestion":["event_whenkeypressed"]}} search-algorithms.js:383
## SEARCH {"tags":[],"results":{"autocomplete":["sensing_keypressed"],"suggestion":["event_whenkeypressed","motion_changexby","motion_changeyby","motion_sety","motion_setrotationstyle","looks_sayforsecs","looks_say","looks_changesizeby","looks_changeeffectby","sound_changeeffectby","sound_changevolumeby"]}} search-algorithms.js:383
## {"id":"sensing_keypressed","time":1651489509211} blockly_compressed_vertical.js:2037
## SEARCH {"tags":[],"results":{"autocomplete":["sensing_keypressed"],"suggestion":["event_whenkeypressed","motion_changexby","motion_changeyby","motion_sety","motion_setrotationstyle","looks_sayforsecs","looks_say","looks_changesizeby","looks_changeeffectby","sound_changeeffectby","sound_changevolumeby"]}} search-algorithms.js:383
## CLEARED SEARCH search-algorithms.js:338
## SEARCH {"tags":[],"results":{"autocomplete":["looks_say","looks_show","(zYWzy/jJgt0D1_ZyPW,_size","control_stop","motion_setx","motion_sety","operator_subtract","looks_setsizeto","(zYWzy/jJgt0D1_ZyPW,_sound_play","looks_seteffectto","sound_seteffectto","sound_setvolumeto","sensing_setdragmode","looks_sayforsecs","sound_stopallsounds","(zYWzy/jJgt0D1_ZyPW,_switchcostumeto","motion_setrotationstyle","looks_switchbackdropto","looks_switchbackdropto","looks_switchbackdroptoandwait"],"suggestion":["control_start_as_clone","motion_gotoxy","motion_glidesecstoxy","motion_changexby","event_whenthisspriteclicked","event_broadcast","event_broadcastandwait","sensing_coloristouchingcolor","sensing_distanceto","askandwait"]}} search-algorithms.js:383
## SEARCH {"tags":[],"results":{"autocomplete":[],"suggestion":["motion_goto","motion_gotoxy","looks_gotofrontback","control_if","control_if_else"]}} search-algorithms.js:383
## SEARCH {"tags":[],"results":{"autocomplete":[],"suggestion":["looks_sayforsecs","looks_thinkforsecs","sound_stopallsounds"]}} search-algorithms.js:383
## SEARCH {"tags":["#sound"],"results":{"tag":["(zYWzy/jJgt0D1_ZyPW,_sound_playuntildone","(zYWzy/jJgt0D1_ZyPW,_sound_play","sound_stopallsounds","sound_changeeffectby","sound_seteffectto","sound_cleareffects","sound_changevolumeby","sound_setvolumeto","(zYWzy/jJgt0D1_ZyPW,_volume"]}} search-algorithms.js:357
## {"id":"(zYWzy/jJgt0D1_ZyPW,_sound_playuntildone","time":1651489534106} blockly_compressed_vertical.js:2037
## CLEARED SEARCH search-algorithms.js:338
## SEARCH {"tags":[],"results":{"autocomplete":["wait_until","control_wait","event_whenbroadcastreceived","event_whenkeypressed","event_whenflagclicked","event_whengreaterthan","event_whenstageclicked","control_start_as_clone","event_whenthisspriteclicked","event_whenbackdropswitchesto"],"suggestion":["motion_gotoxy","motion_glidesecstoxy","motion_changexby"]}} search-algorithms.js:383
## SEARCH {"tags":[],"results":{"autocomplete":["event_whenbroadcastreceived","event_whenkeypressed","event_whenflagclicked","event_whengreaterthan","event_whenstageclicked","control_start_as_clone","event_whenthisspriteclicked","event_whenbackdropswitchesto"],"suggestion":[]}} 2 search-algorithms.js:383
## {"id":"event_whenkeypressed","time":1651489547111} blockly_compressed_vertical.js:2037
## CLEARED SEARCH search-algorithms.js:338
## SEARCH {"tags":[],"results":{"autocomplete":["motion_pointtowards","operator_random","motion_pointindirection","(zYWzy/jJgt0D1_ZyPW,_sound_playuntildone"],"suggestion":["motion_gotoxy","motion_glidesecstoxy","motion_changexby"]}} search-algorithms.js:383
## SEARCH {"tags":[],"results":{"autocomplete":["(zYWzy/jJgt0D1_ZyPW,_sound_playuntildone"],"suggestion":["motion_turnright","motion_turnleft","sound_stopallsounds","event_whenflagclicked"]}} search-algorithms.js:383
## SEARCH {"tags":[],"results":{"autocomplete":["(zYWzy/jJgt0D1_ZyPW,_sound_playuntildone"],"suggestion":["motion_turnright","motion_turnleft"]}} search-algorithms.js:383
## {"id":"(zYWzy/jJgt0D1_ZyPW,_sound_playuntildone","time":1651489553564} blockly_compressed_vertical.js:2037
## {"id":"motion_turnright","time":1651489579921} blockly_compressed_vertical.js:2037
Trying to cancel a gesture recursively. blockly_compressed_vertical.js:861
## {"id":"motion_turnleft","time":1651489582881} blockly_compressed_vertical.js:2037
Trying to cancel a gesture recursively. blockly_compressed_vertical.js:861
## SEARCH {"tags":[],"results":{"autocomplete":["{3b+JxAs@D5GtaU~ZhFi_sound_playuntildone"],"suggestion":["motion_turnright","motion_turnleft"]}} search-algorithms.js:383
## {"id":"motion_turnright","time":1651489591200} blockly_compressed_vertical.js:2037
## SEARCH {"tags":[],"results":{"autocomplete":["operator_round","control_repeat","sensing_resettimer","repeat_until"],"suggestion":["looks_sayforsecs","looks_thinkforsecs","forever"]}} search-algorithms.js:383
## SEARCH {"tags":[],"results":{"autocomplete":[],"suggestion":["motion_pointindirection","looks_sayforsecs","looks_thinkforsecs","{3b+JxAs@D5GtaU~ZhFi_sound_playuntildone","event_broadcastandwait","control_start_as_clone","askandwait","operator_contains"]}} search-algorithms.js:383
## SEARCH {"tags":[],"results":{"autocomplete":[],"suggestion":["operator_random","looks_switchbackdroptoandwait","event_broadcastandwait","askandwait","operator_and"]}} search-algorithms.js:383
## {"id":"operator_random","time":1651489597417} blockly_compressed_vertical.js:2037
## SEARCH {"tags":[],"results":{"autocomplete":[],"suggestion":["operator_random","looks_switchbackdroptoandwait","event_broadcastandwait","askandwait","operator_and"]}} search-algorithms.js:383
## SEARCH {"tags":[],"results":{"autocomplete":["looks_think","timer","motion_turnleft","motion_turnright","sensing_touchingcolor","sensing_touchingobject","looks_thinkforsecs"],"suggestion":["motion_gotoxy","motion_glidesecstoxy","motion_setx","motion_sety"]}} search-algorithms.js:383
## SEARCH {"tags":[],"results":{"autocomplete":["motion_turnleft","motion_turnright"],"suggestion":["motion_goto","motion_gotoxy","motion_glideto","motion_glidesecstoxy","motion_pointtowards","motion_setx","motion_sety","looks_switchbackdropto","looks_switchbackdroptoandwait",":UG18,fM.6?XlsnqWq,N_switchcostumeto","looks_switchbackdropto","looks_setsizeto","looks_seteffectto","looks_gotofrontback","sound_stopallsounds","sound_seteffectto","sound_setvolumeto","event_whenbackdropswitchesto","control_stop","sensing_touchingobject","sensing_touchingcolor","sensing_coloristouchingcolor","sensing_distanceto","operator_random"]}} search-algorithms.js:383
## SEARCH {"tags":[],"results":{"autocomplete":["motion_turnleft","motion_turnright"],"suggestion":["motion_goto","motion_gotoxy","looks_gotofrontback"]}} search-algorithms.js:383
## SEARCH {"tags":[],"results":{"autocomplete":["motion_turnleft","motion_turnright"],"suggestion":["motion_goto","motion_gotoxy","looks_gotofrontback","looks_goforwardbackwardlayers"]}} search-algorithms.js:383
## {"id":"motion_turnright","time":1651489608215} blockly_compressed_vertical.js:2037
## SEARCH {"tags":[],"results":{"autocomplete":["motion_pointtowards","operator_random","motion_pointindirection",":UG18,fM.6?XlsnqWq,N_sound_playuntildone"],"suggestion":["motion_gotoxy","motion_glidesecstoxy","motion_changexby"]}} search-algorithms.js:383
## SEARCH {"tags":[],"results":{"autocomplete":["operator_random"],"suggestion":["sensing_coloristouchingcolor","motion_pointindirection","motion_pointtowards","motion_ifonedgebounce","looks_thinkforsecs","looks_think","event_whenthisspriteclicked","control_if","control_if_else","sensing_touchingobject","sensing_touchingcolor","sensing_distanceto","sensing_dayssince2000","operator_join","operator_contains"]}} search-algorithms.js:383
## {"id":"operator_random","time":1651489612820} blockly_compressed_vertical.js:2037
## SEARCH {"tags":[],"results":{"autocomplete":["operator_random"],"suggestion":["sensing_coloristouchingcolor","motion_pointindirection","motion_pointtowards","motion_ifonedgebounce","looks_thinkforsecs","looks_think","event_whenthisspriteclicked","control_if","control_if_else","sensing_touchingobject","sensing_touchingcolor","sensing_distanceto","sensing_dayssince2000","operator_join","operator_contains"]}} search-algorithms.js:383
## SEARCH {"tags":[],"results":{"autocomplete":["looks_think","timer","motion_turnleft","motion_turnright","sensing_touchingcolor","sensing_touchingobject","looks_thinkforsecs"],"suggestion":["motion_gotoxy","motion_glidesecstoxy","motion_setx","motion_sety"]}} search-algorithms.js:383
## SEARCH {"tags":[],"results":{"autocomplete":["motion_turnleft","motion_turnright"],"suggestion":["motion_goto","motion_gotoxy","motion_glideto","motion_glidesecstoxy","motion_pointtowards","motion_setx","motion_sety","looks_switchbackdropto","looks_switchbackdroptoandwait","rI-B6bxTCDgX,~YZ|u3!_switchcostumeto","looks_switchbackdropto","looks_setsizeto","looks_seteffectto","looks_gotofrontback","sound_stopallsounds","sound_seteffectto","sound_setvolumeto","event_whenbackdropswitchesto","control_stop","sensing_touchingobject","sensing_touchingcolor","sensing_coloristouchingcolor","sensing_distanceto","operator_random"]}} search-algorithms.js:383
## SEARCH {"tags":[],"results":{"autocomplete":["motion_turnleft","motion_turnright"],"suggestion":["motion_goto","motion_gotoxy","looks_gotofrontback"]}} search-algorithms.js:383
## SEARCH {"tags":[],"results":{"autocomplete":["motion_turnleft","motion_turnright"],"suggestion":["motion_goto","motion_gotoxy","looks_gotofrontback","looks_goforwardbackwardlayers"]}} search-algorithms.js:383
## {"id":"motion_turnleft","time":1651489620771} blockly_compressed_vertical.js:2037
## SEARCH {"tags":[],"results":{"autocomplete":["operator_round","control_repeat","sensing_resettimer","repeat_until"],"suggestion":["looks_sayforsecs","looks_thinkforsecs","forever"]}} search-algorithms.js:383
## SEARCH {"tags":[],"results":{"autocomplete":[],"suggestion":["motion_pointindirection","looks_sayforsecs","looks_thinkforsecs","rI-B6bxTCDgX,~YZ|u3!_sound_playuntildone","event_broadcastandwait","control_start_as_clone","askandwait","operator_contains"]}} search-algorithms.js:383
## SEARCH {"tags":[],"results":{"autocomplete":[],"suggestion":["operator_random","looks_switchbackdroptoandwait","event_broadcastandwait","askandwait","operator_and"]}} search-algorithms.js:383
## {"id":"operator_random","time":1651489630468} blockly_compressed_vertical.js:2037
## SEARCH {"tags":[],"results":{"autocomplete":[],"suggestion":["operator_random","looks_switchbackdroptoandwait","event_broadcastandwait","askandwait","operator_and"]}} 3 search-algorithms.js:383
## SEARCH {"tags":[],"results":{"autocomplete":["looks_say","looks_show","(zYWzy/jJgt0D1_ZyPW,_size","control_stop","motion_setx","motion_sety","operator_subtract","looks_setsizeto","(zYWzy/jJgt0D1_ZyPW,_sound_play","looks_seteffectto","sound_seteffectto","sound_setvolumeto","sensing_setdragmode","looks_sayforsecs","sound_stopallsounds","(zYWzy/jJgt0D1_ZyPW,_switchcostumeto","motion_setrotationstyle","looks_switchbackdropto","looks_switchbackdropto","looks_switchbackdroptoandwait"],"suggestion":["control_start_as_clone","motion_gotoxy","motion_glidesecstoxy","motion_changexby","event_whenthisspriteclicked","event_broadcast","event_broadcastandwait","sensing_coloristouchingcolor","sensing_distanceto","askandwait"]}} search-algorithms.js:383
## SEARCH {"tags":[],"results":{"autocomplete":["looks_say","looks_sayforsecs"],"suggestion":["control_if","control_if_else"]}} search-algorithms.js:383
## SEARCH {"tags":[],"results":{"autocomplete":["looks_say","looks_sayforsecs"],"suggestion":["event_whenkeypressed","sensing_keypressed"]}} search-algorithms.js:383
## {"id":"looks_say","time":1651489692520} blockly_compressed_vertical.js:2037
## {"id":"looks_sayforsecs","time":1651489698171} blockly_compressed_vertical.js:2037
Trying to cancel a gesture recursively. blockly_compressed_vertical.js:861
## {"id":"looks_sayforsecs","time":1651489713940} blockly_compressed_vertical.js:2037
## {"id":"looks_sayforsecs","time":1651489717032} blockly_compressed_vertical.js:2037
## {"id":"event_whenkeypressed","time":1651489829241} blockly_compressed_vertical.js:2037
## SEARCH {"tags":[],"results":{"autocomplete":["motion_pointtowards","operator_random","motion_pointindirection","(zYWzy/jJgt0D1_ZyPW,_sound_playuntildone"],"suggestion":["motion_gotoxy","motion_glidesecstoxy","motion_changexby"]}} search-algorithms.js:383
## SEARCH {"tags":[],"results":{"autocomplete":["(zYWzy/jJgt0D1_ZyPW,_sound_playuntildone"],"suggestion":["motion_turnright","motion_turnleft","sound_stopallsounds","event_whenflagclicked"]}} search-algorithms.js:383
## SEARCH {"tags":[],"results":{"autocomplete":["(zYWzy/jJgt0D1_ZyPW,_sound_playuntildone"],"suggestion":["motion_turnright","motion_turnleft"]}} search-algorithms.js:383
## {"id":"(zYWzy/jJgt0D1_ZyPW,_sound_playuntildone","time":1651489832983} blockly_compressed_vertical.js:2037
## {"id":"(zYWzy/jJgt0D1_ZyPW,_sound_playuntildone","time":1651489834597} blockly_compressed_vertical.js:2037
Trying to cancel a gesture recursively. blockly_compressed_vertical.js:861
## {"id":"(zYWzy/jJgt0D1_ZyPW,_sound_playuntildone","time":1651489835761} blockly_compressed_vertical.js:2037
Trying to cancel a gesture recursively. blockly_compressed_vertical.js:861
## {"id":"motion_turnright","time":1651489837308} blockly_compressed_vertical.js:2037
Trying to cancel a gesture recursively. blockly_compressed_vertical.js:861
## {"id":"motion_turnright","time":1651489838938} blockly_compressed_vertical.js:2037
Trying to cancel a gesture recursively. blockly_compressed_vertical.js:861
## {"id":"(zYWzy/jJgt0D1_ZyPW,_sound_playuntildone","time":1651489839620} blockly_compressed_vertical.js:2037
Trying to cancel a gesture recursively. blockly_compressed_vertical.js:861
## {"id":"(zYWzy/jJgt0D1_ZyPW,_sound_playuntildone","time":1651489840234} blockly_compressed_vertical.js:2037
Trying to cancel a gesture recursively. blockly_compressed_vertical.js:861
## {"id":"(zYWzy/jJgt0D1_ZyPW,_sound_playuntildone","time":1651489840837} blockly_compressed_vertical.js:2037
Trying to cancel a gesture recursively. 2 blockly_compressed_vertical.js:861

